[2022-06-01 13:55:46,758]-[INFO]: Model:VGG	Batch Size:16	Total Epoch:100	Start Epoch:0
[2022-06-01 13:55:50,163]-[INFO]: Train From Beginning
[2022-06-01 13:57:53,053]-[INFO]: Epoch: 1/100	Train Loss:2.2522811889648438
[2022-06-01 13:58:13,319]-[INFO]: Eval Loss:1.8553093999624253	Accuracy:0.32908704883227174	Best Accuracy/Epoch:0.32908704883227174/1
[2022-06-01 14:00:16,470]-[INFO]: Epoch: 2/100	Train Loss:1.5182743072509766
[2022-06-01 14:00:36,865]-[INFO]: Eval Loss:1.1404787957668305	Accuracy:0.6284501061571125	Best Accuracy/Epoch:0.6284501061571125/2
[2022-06-01 14:01:16,935]-[INFO]: Model:VGG	Batch Size:16	Total Epoch:100	Start Epoch:0
[2022-06-01 14:01:27,738]-[INFO]: Model:VGG	Batch Size:16	Total Epoch:100	Start Epoch:0
[2022-06-01 14:01:31,086]-[INFO]: Train From Beginning
[2022-06-01 14:03:30,148]-[INFO]: Epoch: 1/100	Train Loss:2.484186887741089
[2022-06-01 14:03:49,329]-[INFO]: Eval Loss:2.4849066813786824	Accuracy:0.055201698513800426	Best Accuracy/Epoch:0.055201698513800426/1
[2022-06-01 14:05:48,827]-[INFO]: Epoch: 2/100	Train Loss:2.484907627105713
[2022-06-01 14:06:00,528]-[INFO]: Eval Loss:2.4849066813786824	Accuracy:0.055201698513800426	Best Accuracy/Epoch:0.055201698513800426/1
[2022-06-01 14:07:14,542]-[INFO]: Model:VGG	Batch Size:16	Total Epoch:100	Start Epoch:0
[2022-06-01 14:07:17,664]-[INFO]: Train From Beginning
[2022-06-01 14:09:15,195]-[INFO]: Epoch: 1/100	Train Loss:1.901803731918335
[2022-06-01 14:09:38,496]-[INFO]: Eval Loss:1.412990074356397	Accuracy:0.535031847133758	Best Accuracy/Epoch:0.535031847133758/1
[2022-06-01 14:11:38,792]-[INFO]: Epoch: 2/100	Train Loss:1.0812875032424927
[2022-06-01 14:11:58,900]-[INFO]: Eval Loss:0.8032265931367875	Accuracy:0.7409766454352441	Best Accuracy/Epoch:0.7409766454352441/2
[2022-06-01 14:13:56,865]-[INFO]: Epoch: 3/100	Train Loss:0.7323534488677979
[2022-06-01 14:14:16,815]-[INFO]: Eval Loss:0.6630307684342066	Accuracy:0.772823779193206	Best Accuracy/Epoch:0.772823779193206/3
[2022-06-01 14:16:14,609]-[INFO]: Epoch: 4/100	Train Loss:0.4745253920555115
[2022-06-01 14:16:35,987]-[INFO]: Eval Loss:0.5969454030661533	Accuracy:0.7876857749469215	Best Accuracy/Epoch:0.7876857749469215/4
[2022-06-01 14:18:36,795]-[INFO]: Epoch: 5/100	Train Loss:0.3588564991950989
[2022-06-01 14:18:56,963]-[INFO]: Eval Loss:0.476625231684496	Accuracy:0.8428874734607219	Best Accuracy/Epoch:0.8428874734607219/5
[2022-06-01 14:20:55,077]-[INFO]: Epoch: 6/100	Train Loss:0.27347323298454285
[2022-06-01 14:21:16,852]-[INFO]: Eval Loss:0.4570223842126628	Accuracy:0.8535031847133758	Best Accuracy/Epoch:0.8535031847133758/6
[2022-06-01 14:23:16,998]-[INFO]: Epoch: 7/100	Train Loss:0.25033038854599
[2022-06-01 14:23:28,637]-[INFO]: Eval Loss:0.48237665951698244	Accuracy:0.851380042462845	Best Accuracy/Epoch:0.8535031847133758/6
[2022-06-01 14:25:39,810]-[INFO]: Epoch: 8/100	Train Loss:0.16485857963562012
[2022-06-01 14:25:51,762]-[INFO]: Eval Loss:0.6056140730618306	Accuracy:0.8428874734607219	Best Accuracy/Epoch:0.8535031847133758/6
[2022-06-01 14:27:55,336]-[INFO]: Epoch: 9/100	Train Loss:0.17107172310352325
[2022-06-01 14:28:16,888]-[INFO]: Eval Loss:0.4877101062704848	Accuracy:0.8726114649681529	Best Accuracy/Epoch:0.8726114649681529/9
[2022-06-01 14:30:18,457]-[INFO]: Epoch: 10/100	Train Loss:0.137653186917305
[2022-06-01 14:30:30,145]-[INFO]: Eval Loss:0.4464601599878127	Accuracy:0.851380042462845	Best Accuracy/Epoch:0.8726114649681529/9
[2022-06-01 14:32:34,011]-[INFO]: Epoch: 11/100	Train Loss:0.06928109377622604
[2022-06-01 14:32:53,827]-[INFO]: Eval Loss:0.5198745694392831	Accuracy:0.8853503184713376	Best Accuracy/Epoch:0.8853503184713376/11
[2022-06-01 14:34:57,205]-[INFO]: Epoch: 12/100	Train Loss:0.04670992121100426
[2022-06-01 14:35:08,497]-[INFO]: Eval Loss:0.5580659379250089	Accuracy:0.8789808917197452	Best Accuracy/Epoch:0.8853503184713376/11
[2022-06-01 14:37:11,724]-[INFO]: Epoch: 13/100	Train Loss:0.04461212083697319
[2022-06-01 14:37:23,086]-[INFO]: Eval Loss:0.5167050499114946	Accuracy:0.8832271762208068	Best Accuracy/Epoch:0.8853503184713376/11
[2022-06-01 14:39:33,049]-[INFO]: Epoch: 14/100	Train Loss:0.03449408710002899
[2022-06-01 14:39:45,004]-[INFO]: Eval Loss:0.6680764569095724	Accuracy:0.861995753715499	Best Accuracy/Epoch:0.8853503184713376/11
[2022-06-01 14:41:47,298]-[INFO]: Epoch: 15/100	Train Loss:0.02612181007862091
[2022-06-01 14:42:05,936]-[INFO]: Eval Loss:0.6805647898596362	Accuracy:0.8874734607218684	Best Accuracy/Epoch:0.8874734607218684/15
[2022-06-01 14:44:06,779]-[INFO]: Epoch: 16/100	Train Loss:0.04142569750547409
[2022-06-01 14:44:18,112]-[INFO]: Eval Loss:0.6417121870567696	Accuracy:0.8874734607218684	Best Accuracy/Epoch:0.8874734607218684/15
[2022-06-01 14:46:17,645]-[INFO]: Epoch: 17/100	Train Loss:0.024714257568120956
[2022-06-01 14:46:28,956]-[INFO]: Eval Loss:0.6362716475430223	Accuracy:0.8853503184713376	Best Accuracy/Epoch:0.8874734607218684/15
[2022-06-01 14:48:33,103]-[INFO]: Epoch: 18/100	Train Loss:0.0391089953482151
[2022-06-01 14:48:59,064]-[INFO]: Eval Loss:0.5728648637628491	Accuracy:0.89171974522293	Best Accuracy/Epoch:0.89171974522293/18
[2022-06-01 14:51:02,419]-[INFO]: Epoch: 19/100	Train Loss:0.016358746215701103
[2022-06-01 14:51:22,182]-[INFO]: Eval Loss:0.7060564687706422	Accuracy:0.8959660297239915	Best Accuracy/Epoch:0.8959660297239915/19
[2022-06-01 14:53:22,775]-[INFO]: Epoch: 20/100	Train Loss:0.012178318575024605
[2022-06-01 14:53:42,658]-[INFO]: Eval Loss:0.7695215836868442	Accuracy:0.9002123142250531	Best Accuracy/Epoch:0.9002123142250531/20
[2022-06-01 14:55:45,014]-[INFO]: Epoch: 21/100	Train Loss:0.005637690890580416
[2022-06-01 14:55:56,725]-[INFO]: Eval Loss:0.79275559457577	Accuracy:0.8959660297239915	Best Accuracy/Epoch:0.9002123142250531/20
[2022-06-01 14:57:57,849]-[INFO]: Epoch: 22/100	Train Loss:0.00722766388207674
[2022-06-01 14:58:09,324]-[INFO]: Eval Loss:0.79396111315423	Accuracy:0.8980891719745223	Best Accuracy/Epoch:0.9002123142250531/20
[2022-06-01 15:00:12,669]-[INFO]: Epoch: 23/100	Train Loss:0.0014936389634385705
[2022-06-01 15:00:24,089]-[INFO]: Eval Loss:0.8321148801237411	Accuracy:0.89171974522293	Best Accuracy/Epoch:0.9002123142250531/20
[2022-06-01 15:02:27,403]-[INFO]: Epoch: 24/100	Train Loss:0.000898258644156158
[2022-06-01 15:02:47,694]-[INFO]: Eval Loss:0.8173157137528271	Accuracy:0.9023354564755839	Best Accuracy/Epoch:0.9023354564755839/24
[2022-06-01 15:04:46,917]-[INFO]: Epoch: 25/100	Train Loss:0.0006414665258489549
[2022-06-01 15:04:58,595]-[INFO]: Eval Loss:0.809049742386828	Accuracy:0.9023354564755839	Best Accuracy/Epoch:0.9023354564755839/24
[2022-06-01 15:07:01,466]-[INFO]: Epoch: 26/100	Train Loss:0.00022411454119719565
[2022-06-01 15:07:20,898]-[INFO]: Eval Loss:0.8167178355863143	Accuracy:0.9044585987261147	Best Accuracy/Epoch:0.9044585987261147/26
[2022-06-01 15:09:23,098]-[INFO]: Epoch: 27/100	Train Loss:0.0002684635983314365
[2022-06-01 15:09:34,820]-[INFO]: Eval Loss:0.8345915347783375	Accuracy:0.8980891719745223	Best Accuracy/Epoch:0.9044585987261147/26
[2022-06-01 15:11:36,054]-[INFO]: Epoch: 28/100	Train Loss:0.0014778426848351955
[2022-06-01 15:11:52,874]-[INFO]: Eval Loss:0.798304445702513	Accuracy:0.9087048832271762	Best Accuracy/Epoch:0.9087048832271762/28
[2022-06-01 15:13:51,538]-[INFO]: Epoch: 29/100	Train Loss:0.0006306865834631026
[2022-06-01 15:14:08,857]-[INFO]: Eval Loss:0.8178254818534394	Accuracy:0.910828025477707	Best Accuracy/Epoch:0.910828025477707/29
[2022-06-01 15:16:08,500]-[INFO]: Epoch: 30/100	Train Loss:0.00023056349891703576
[2022-06-01 15:16:20,665]-[INFO]: Eval Loss:0.8669766682876779	Accuracy:0.910828025477707	Best Accuracy/Epoch:0.910828025477707/29
[2022-06-01 15:18:21,006]-[INFO]: Epoch: 31/100	Train Loss:0.00012634893937502056
[2022-06-01 15:18:37,536]-[INFO]: Eval Loss:0.8606593212618766	Accuracy:0.9171974522292994	Best Accuracy/Epoch:0.9171974522292994/31
[2022-06-01 15:20:34,463]-[INFO]: Epoch: 32/100	Train Loss:0.001239300356246531
[2022-06-01 15:20:45,864]-[INFO]: Eval Loss:1.0239746859529988	Accuracy:0.8832271762208068	Best Accuracy/Epoch:0.9171974522292994/31
[2022-06-01 15:22:43,394]-[INFO]: Epoch: 33/100	Train Loss:0.001569870626553893
[2022-06-01 15:22:55,836]-[INFO]: Eval Loss:0.9609186990803532	Accuracy:0.881104033970276	Best Accuracy/Epoch:0.9171974522292994/31
[2022-06-01 15:24:55,086]-[INFO]: Epoch: 34/100	Train Loss:0.0018190869595855474
[2022-06-01 15:25:06,712]-[INFO]: Eval Loss:1.0254505098891968	Accuracy:0.89171974522293	Best Accuracy/Epoch:0.9171974522292994/31
[2022-06-01 15:27:10,372]-[INFO]: Epoch: 35/100	Train Loss:0.00016040212358348072
[2022-06-01 15:27:22,760]-[INFO]: Eval Loss:0.99139125792708	Accuracy:0.8959660297239915	Best Accuracy/Epoch:0.9171974522292994/31
[2022-06-01 15:29:33,300]-[INFO]: Epoch: 36/100	Train Loss:0.000582465494517237
[2022-06-01 15:29:46,311]-[INFO]: Eval Loss:1.0205551307026108	Accuracy:0.8832271762208068	Best Accuracy/Epoch:0.9171974522292994/31
[2022-06-01 15:31:58,003]-[INFO]: Epoch: 37/100	Train Loss:0.0008941715932451189
[2022-06-01 15:32:11,002]-[INFO]: Eval Loss:1.004915844047194	Accuracy:0.8895966029723992	Best Accuracy/Epoch:0.9171974522292994/31
[2022-06-01 15:34:14,495]-[INFO]: Epoch: 38/100	Train Loss:8.354045712621883e-05
[2022-06-01 15:34:25,767]-[INFO]: Eval Loss:1.0054150835917046	Accuracy:0.8874734607218684	Best Accuracy/Epoch:0.9171974522292994/31
[2022-06-01 15:36:23,594]-[INFO]: Epoch: 39/100	Train Loss:9.436201071366668e-05
[2022-06-01 15:36:35,110]-[INFO]: Eval Loss:0.9831329919360715	Accuracy:0.8959660297239915	Best Accuracy/Epoch:0.9171974522292994/31
[2022-06-01 15:38:34,046]-[INFO]: Epoch: 40/100	Train Loss:6.332594784907997e-05
[2022-06-01 15:38:45,509]-[INFO]: Eval Loss:0.9979406898749933	Accuracy:0.8959660297239915	Best Accuracy/Epoch:0.9171974522292994/31
[2022-06-01 15:40:43,985]-[INFO]: Epoch: 41/100	Train Loss:0.0001067759731085971
[2022-06-01 15:40:55,220]-[INFO]: Eval Loss:0.981299772456498	Accuracy:0.89171974522293	Best Accuracy/Epoch:0.9171974522292994/31
[2022-06-01 15:42:57,434]-[INFO]: Epoch: 42/100	Train Loss:9.339666576124728e-05
[2022-06-01 15:43:08,507]-[INFO]: Eval Loss:0.9749311615290879	Accuracy:0.8959660297239915	Best Accuracy/Epoch:0.9171974522292994/31
[2022-06-01 15:45:09,922]-[INFO]: Epoch: 43/100	Train Loss:3.204112726962194e-05
[2022-06-01 15:45:21,195]-[INFO]: Eval Loss:0.9858097290074511	Accuracy:0.8959660297239915	Best Accuracy/Epoch:0.9171974522292994/31
[2022-06-01 15:47:22,873]-[INFO]: Epoch: 44/100	Train Loss:0.00011003822874045
[2022-06-01 15:47:34,940]-[INFO]: Eval Loss:1.0210620273202646	Accuracy:0.8938428874734607	Best Accuracy/Epoch:0.9171974522292994/31
[2022-06-01 15:49:36,250]-[INFO]: Epoch: 45/100	Train Loss:2.8202559406054206e-05
[2022-06-01 15:49:48,949]-[INFO]: Eval Loss:1.0054398797029687	Accuracy:0.9044585987261147	Best Accuracy/Epoch:0.9171974522292994/31
[2022-06-01 15:51:55,892]-[INFO]: Epoch: 46/100	Train Loss:1.7052359908120707e-05
[2022-06-01 15:52:08,609]-[INFO]: Eval Loss:1.0085263648273874	Accuracy:0.9044585987261147	Best Accuracy/Epoch:0.9171974522292994/31
[2022-06-01 15:54:09,932]-[INFO]: Epoch: 47/100	Train Loss:2.2092288418207318e-05
[2022-06-01 15:54:22,057]-[INFO]: Eval Loss:1.0076699113636551	Accuracy:0.9023354564755839	Best Accuracy/Epoch:0.9171974522292994/31
[2022-06-01 15:56:32,792]-[INFO]: Epoch: 48/100	Train Loss:1.7025140550686046e-05
[2022-06-01 15:56:45,888]-[INFO]: Eval Loss:1.0099299284343393	Accuracy:0.9044585987261147	Best Accuracy/Epoch:0.9171974522292994/31
[2022-06-01 15:58:51,476]-[INFO]: Epoch: 49/100	Train Loss:7.640154217369854e-05
[2022-06-01 15:59:03,267]-[INFO]: Eval Loss:1.057110932409872	Accuracy:0.9065817409766455	Best Accuracy/Epoch:0.9171974522292994/31
[2022-06-01 16:01:07,491]-[INFO]: Epoch: 50/100	Train Loss:4.690204877988435e-05
[2022-06-01 16:01:18,893]-[INFO]: Eval Loss:1.0530629603561843	Accuracy:0.8959660297239915	Best Accuracy/Epoch:0.9171974522292994/31
[2022-06-01 16:03:35,196]-[INFO]: Epoch: 51/100	Train Loss:1.1492270459712017e-05
[2022-06-01 16:03:48,966]-[INFO]: Eval Loss:1.0481758041591054	Accuracy:0.8938428874734607	Best Accuracy/Epoch:0.9171974522292994/31
[2022-06-01 16:05:59,559]-[INFO]: Epoch: 52/100	Train Loss:1.1832944437628612e-05
[2022-06-01 16:06:11,483]-[INFO]: Eval Loss:1.052643377515407	Accuracy:0.9002123142250531	Best Accuracy/Epoch:0.9171974522292994/31
[2022-06-01 16:08:21,938]-[INFO]: Epoch: 53/100	Train Loss:1.6963995221885853e-05
[2022-06-01 16:08:33,354]-[INFO]: Eval Loss:1.0474731749545754	Accuracy:0.8980891719745223	Best Accuracy/Epoch:0.9171974522292994/31
[2022-06-01 16:10:54,721]-[INFO]: Epoch: 54/100	Train Loss:1.9548471755115315e-05
[2022-06-01 16:11:05,965]-[INFO]: Eval Loss:1.0418510581288425	Accuracy:0.9002123142250531	Best Accuracy/Epoch:0.9171974522292994/31
[2022-06-01 16:13:34,959]-[INFO]: Epoch: 55/100	Train Loss:1.0547457350185141e-05
[2022-06-01 16:13:48,898]-[INFO]: Eval Loss:1.0462559350883016	Accuracy:0.9023354564755839	Best Accuracy/Epoch:0.9171974522292994/31
[2022-06-01 16:15:59,226]-[INFO]: Epoch: 56/100	Train Loss:1.0859012036235072e-05
[2022-06-01 16:16:11,163]-[INFO]: Eval Loss:1.0546385851292086	Accuracy:0.9023354564755839	Best Accuracy/Epoch:0.9171974522292994/31
[2022-06-01 16:18:18,744]-[INFO]: Epoch: 57/100	Train Loss:4.7527687456749845e-06
[2022-06-01 16:18:30,791]-[INFO]: Eval Loss:1.0607560585391391	Accuracy:0.9044585987261147	Best Accuracy/Epoch:0.9171974522292994/31
[2022-06-01 16:20:39,597]-[INFO]: Epoch: 58/100	Train Loss:0.0007377401343546808
[2022-06-01 16:20:52,682]-[INFO]: Eval Loss:1.0742225659188724	Accuracy:0.8938428874734607	Best Accuracy/Epoch:0.9171974522292994/31
[2022-06-01 16:22:59,603]-[INFO]: Epoch: 59/100	Train Loss:7.514224762417143e-06
[2022-06-01 16:23:12,024]-[INFO]: Eval Loss:1.0759319136906698	Accuracy:0.8938428874734607	Best Accuracy/Epoch:0.9171974522292994/31
[2022-06-01 16:25:15,144]-[INFO]: Epoch: 60/100	Train Loss:1.0909677257586736e-05
[2022-06-01 16:25:27,191]-[INFO]: Eval Loss:1.0904912468215116	Accuracy:0.8980891719745223	Best Accuracy/Epoch:0.9171974522292994/31
[2022-06-01 16:27:32,071]-[INFO]: Epoch: 61/100	Train Loss:3.167312388541177e-05
[2022-06-01 16:27:43,333]-[INFO]: Eval Loss:1.1028932935581224	Accuracy:0.8959660297239915	Best Accuracy/Epoch:0.9171974522292994/31
[2022-06-01 16:29:43,723]-[INFO]: Epoch: 62/100	Train Loss:8.872457328834571e-06
[2022-06-01 16:29:54,805]-[INFO]: Eval Loss:1.099830090459661	Accuracy:0.9002123142250531	Best Accuracy/Epoch:0.9171974522292994/31
[2022-06-01 16:31:55,133]-[INFO]: Epoch: 63/100	Train Loss:9.273319847125094e-06
[2022-06-01 16:32:06,355]-[INFO]: Eval Loss:1.094276366230946	Accuracy:0.9002123142250531	Best Accuracy/Epoch:0.9171974522292994/31
[2022-06-01 16:34:06,908]-[INFO]: Epoch: 64/100	Train Loss:2.177793976443354e-05
[2022-06-01 16:34:18,289]-[INFO]: Eval Loss:1.0860566976428818	Accuracy:0.8980891719745223	Best Accuracy/Epoch:0.9171974522292994/31
[2022-06-01 16:36:22,423]-[INFO]: Epoch: 65/100	Train Loss:1.1016741154890042e-05
[2022-06-01 16:36:34,038]-[INFO]: Eval Loss:1.091755492072315	Accuracy:0.8980891719745223	Best Accuracy/Epoch:0.9171974522292994/31
[2022-06-01 16:38:35,418]-[INFO]: Epoch: 66/100	Train Loss:1.1230383279325906e-05
[2022-06-01 16:38:46,931]-[INFO]: Eval Loss:1.1009401577120799	Accuracy:0.9002123142250531	Best Accuracy/Epoch:0.9171974522292994/31
[2022-06-01 16:40:49,854]-[INFO]: Epoch: 67/100	Train Loss:3.667055125333718e-06
[2022-06-01 16:41:01,562]-[INFO]: Eval Loss:1.1040627553528717	Accuracy:0.9002123142250531	Best Accuracy/Epoch:0.9171974522292994/31
[2022-06-01 16:43:02,408]-[INFO]: Epoch: 68/100	Train Loss:6.42555050944793e-06
[2022-06-01 16:43:13,845]-[INFO]: Eval Loss:1.1095398974968513	Accuracy:0.9002123142250531	Best Accuracy/Epoch:0.9171974522292994/31
[2022-06-01 16:45:17,840]-[INFO]: Epoch: 69/100	Train Loss:1.075269938155543e-05
[2022-06-01 16:45:28,945]-[INFO]: Eval Loss:1.1064244184814092	Accuracy:0.9002123142250531	Best Accuracy/Epoch:0.9171974522292994/31
[2022-06-01 16:47:30,037]-[INFO]: Epoch: 70/100	Train Loss:2.558734877311508e-06
[2022-06-01 16:47:41,293]-[INFO]: Eval Loss:1.1084904839561698	Accuracy:0.9002123142250531	Best Accuracy/Epoch:0.9171974522292994/31
[2022-06-01 16:49:42,855]-[INFO]: Epoch: 71/100	Train Loss:1.0856089829758275e-05
[2022-06-01 16:49:53,919]-[INFO]: Eval Loss:1.122906640470281	Accuracy:0.9002123142250531	Best Accuracy/Epoch:0.9171974522292994/31
[2022-06-01 16:51:50,751]-[INFO]: Epoch: 72/100	Train Loss:1.583383527758997e-05
[2022-06-01 16:52:02,409]-[INFO]: Eval Loss:1.1163665703332755	Accuracy:0.9023354564755839	Best Accuracy/Epoch:0.9171974522292994/31
[2022-06-01 16:53:59,440]-[INFO]: Epoch: 73/100	Train Loss:5.536586468224414e-05
[2022-06-01 16:54:10,833]-[INFO]: Eval Loss:1.1121568176000323	Accuracy:0.9044585987261147	Best Accuracy/Epoch:0.9171974522292994/31
[2022-06-01 16:56:08,193]-[INFO]: Epoch: 74/100	Train Loss:3.584803835110506e-06
[2022-06-01 16:56:19,650]-[INFO]: Eval Loss:1.113065351120476	Accuracy:0.9023354564755839	Best Accuracy/Epoch:0.9171974522292994/31
[2022-06-01 16:58:17,292]-[INFO]: Epoch: 75/100	Train Loss:3.3065218758565607e-06
[2022-06-01 16:58:28,703]-[INFO]: Eval Loss:1.113176138297386	Accuracy:0.9023354564755839	Best Accuracy/Epoch:0.9171974522292994/31
[2022-06-01 17:00:27,940]-[INFO]: Epoch: 76/100	Train Loss:3.4278161820111563e-06
[2022-06-01 17:00:39,388]-[INFO]: Eval Loss:1.1110957790739444	Accuracy:0.9023354564755839	Best Accuracy/Epoch:0.9171974522292994/31
[2022-06-01 17:02:40,356]-[INFO]: Epoch: 77/100	Train Loss:1.5900835933280177e-05
[2022-06-01 17:02:51,571]-[INFO]: Eval Loss:1.1049954046519361	Accuracy:0.9044585987261147	Best Accuracy/Epoch:0.9171974522292994/31
[2022-06-01 17:04:48,561]-[INFO]: Epoch: 78/100	Train Loss:8.812612577457912e-06
[2022-06-01 17:04:59,976]-[INFO]: Eval Loss:1.1110990223745623	Accuracy:0.9044585987261147	Best Accuracy/Epoch:0.9171974522292994/31
[2022-06-01 17:06:58,437]-[INFO]: Epoch: 79/100	Train Loss:0.00018590343825053424
[2022-06-01 17:07:09,999]-[INFO]: Eval Loss:1.15536575831192	Accuracy:0.9002123142250531	Best Accuracy/Epoch:0.9171974522292994/31
[2022-06-01 17:09:08,083]-[INFO]: Epoch: 80/100	Train Loss:2.2232841729419306e-05
[2022-06-01 17:09:19,512]-[INFO]: Eval Loss:1.1582791541218966	Accuracy:0.9002123142250531	Best Accuracy/Epoch:0.9171974522292994/31
[2022-06-01 17:11:18,625]-[INFO]: Epoch: 81/100	Train Loss:3.1950351058185333e-06
[2022-06-01 17:11:34,602]-[INFO]: Eval Loss:1.157310414427252	Accuracy:0.9002123142250531	Best Accuracy/Epoch:0.9171974522292994/31
[2022-06-01 17:13:31,542]-[INFO]: Epoch: 82/100	Train Loss:5.341844826034503e-06
[2022-06-01 17:13:47,561]-[INFO]: Eval Loss:1.156658885307949	Accuracy:0.9002123142250531	Best Accuracy/Epoch:0.9171974522292994/31
[2022-06-01 17:15:45,510]-[INFO]: Epoch: 83/100	Train Loss:7.585640560137108e-06
[2022-06-01 17:16:01,605]-[INFO]: Eval Loss:1.1550731599867428	Accuracy:0.9002123142250531	Best Accuracy/Epoch:0.9171974522292994/31
[2022-06-01 17:17:59,246]-[INFO]: Epoch: 84/100	Train Loss:3.79913308279356e-06
[2022-06-01 17:18:15,415]-[INFO]: Eval Loss:1.154780228917817	Accuracy:0.9002123142250531	Best Accuracy/Epoch:0.9171974522292994/31
[2022-06-01 17:20:11,895]-[INFO]: Epoch: 85/100	Train Loss:6.198137725732522e-06
[2022-06-01 17:20:27,796]-[INFO]: Eval Loss:1.1573466370215821	Accuracy:0.8980891719745223	Best Accuracy/Epoch:0.9171974522292994/31
[2022-06-01 17:22:26,417]-[INFO]: Epoch: 86/100	Train Loss:2.7372695967642358e-06
[2022-06-01 17:22:37,698]-[INFO]: Eval Loss:1.1568572709691505	Accuracy:0.8980891719745223	Best Accuracy/Epoch:0.9171974522292994/31
[2022-06-01 17:24:33,968]-[INFO]: Epoch: 87/100	Train Loss:3.497667876217747e-06
[2022-06-01 17:24:45,259]-[INFO]: Eval Loss:1.157099227632087	Accuracy:0.8980891719745223	Best Accuracy/Epoch:0.9171974522292994/31
[2022-06-01 17:26:44,604]-[INFO]: Epoch: 88/100	Train Loss:5.554614745051367e-06
[2022-06-01 17:26:55,882]-[INFO]: Eval Loss:1.1577040320642331	Accuracy:0.8980891719745223	Best Accuracy/Epoch:0.9171974522292994/31
[2022-06-01 17:28:51,182]-[INFO]: Epoch: 89/100	Train Loss:6.214942914084531e-06
[2022-06-01 17:29:02,550]-[INFO]: Eval Loss:1.1579946002139954	Accuracy:0.8980891719745223	Best Accuracy/Epoch:0.9171974522292994/31
[2022-06-01 17:30:58,997]-[INFO]: Epoch: 90/100	Train Loss:5.464989953907207e-06
[2022-06-01 17:31:10,229]-[INFO]: Eval Loss:1.1517682382548722	Accuracy:0.9002123142250531	Best Accuracy/Epoch:0.9171974522292994/31
[2022-06-01 17:33:08,609]-[INFO]: Epoch: 91/100	Train Loss:3.135613269478199e-06
[2022-06-01 17:33:19,849]-[INFO]: Eval Loss:1.1518693769710713	Accuracy:0.9002123142250531	Best Accuracy/Epoch:0.9171974522292994/31
[2022-06-01 17:35:17,844]-[INFO]: Epoch: 92/100	Train Loss:1.3569400607593707e-06
[2022-06-01 17:35:28,899]-[INFO]: Eval Loss:1.152166835485112	Accuracy:0.9002123142250531	Best Accuracy/Epoch:0.9171974522292994/31
[2022-06-01 17:37:25,734]-[INFO]: Epoch: 93/100	Train Loss:6.429116183426231e-06
[2022-06-01 17:37:37,200]-[INFO]: Eval Loss:1.149949586629441	Accuracy:0.9044585987261147	Best Accuracy/Epoch:0.9171974522292994/31
[2022-06-01 17:39:32,302]-[INFO]: Epoch: 94/100	Train Loss:4.699559940490872e-05
[2022-06-01 17:39:43,526]-[INFO]: Eval Loss:1.1478652272686494	Accuracy:0.9023354564755839	Best Accuracy/Epoch:0.9171974522292994/31
[2022-06-01 17:41:37,800]-[INFO]: Epoch: 95/100	Train Loss:1.718071143841371e-05
[2022-06-01 17:41:49,204]-[INFO]: Eval Loss:1.1490487430115421	Accuracy:0.9023354564755839	Best Accuracy/Epoch:0.9171974522292994/31
[2022-06-01 17:43:44,107]-[INFO]: Epoch: 96/100	Train Loss:4.342986812844174e-06
[2022-06-01 17:43:55,463]-[INFO]: Eval Loss:1.1494959686767383	Accuracy:0.9023354564755839	Best Accuracy/Epoch:0.9171974522292994/31
[2022-06-01 17:45:50,504]-[INFO]: Epoch: 97/100	Train Loss:1.4222181334844208e-06
[2022-06-01 17:46:01,751]-[INFO]: Eval Loss:1.1490588680034601	Accuracy:0.9023354564755839	Best Accuracy/Epoch:0.9171974522292994/31
[2022-06-01 17:47:55,773]-[INFO]: Epoch: 98/100	Train Loss:1.3766269148618449e-05
[2022-06-01 17:48:07,216]-[INFO]: Eval Loss:1.1493333845968892	Accuracy:0.9023354564755839	Best Accuracy/Epoch:0.9171974522292994/31
[2022-06-01 17:50:02,195]-[INFO]: Epoch: 99/100	Train Loss:2.13578823604621e-06
[2022-06-01 17:50:13,471]-[INFO]: Eval Loss:1.1494990987309157	Accuracy:0.9023354564755839	Best Accuracy/Epoch:0.9171974522292994/31
[2022-06-01 17:52:12,638]-[INFO]: Epoch: 100/100	Train Loss:2.2212341264093993e-06
[2022-06-01 17:52:23,666]-[INFO]: Eval Loss:1.1501826819642653	Accuracy:0.9023354564755839	Best Accuracy/Epoch:0.9171974522292994/31
[2022-06-01 17:52:23,667]-[INFO]: Train Phase Over	Best Accuracy/Epoch:0.9171974522292994/31
[2022-06-01 17:52:43,223]-[INFO]: Best Weight Result Generated
[2022-06-01 17:52:53,348]-[INFO]: Last Weight Result Generated
[2022-06-01 17:52:53,349]-[INFO]: Averaged Single Image Process Time:0.09869027798361983ms
