[2022-05-31 09:37:24,060]-[INFO]: Task:shopping	Model:LSTM	Batch Size:1024	Total Epoch:100	Start Epoch:0
[2022-05-31 09:37:25,597]-[INFO]: Embedding Found
[2022-05-31 09:37:25,982]-[INFO]: Embedding Load Over
[2022-05-31 09:37:25,983]-[INFO]: Train From Beginning
[2022-05-31 09:38:30,063]-[INFO]: Epoch: 1/100	Train Loss:2.27132248878479
[2022-05-31 09:38:33,401]-[INFO]: Eval Loss:2.242644658455482	Accuracy:0.15931177314003506	Best Accuracy/Epoch:0.15931177314003506/1
[2022-05-31 09:38:53,768]-[INFO]: Epoch: 2/100	Train Loss:2.249110460281372
[2022-05-31 09:38:56,932]-[INFO]: Eval Loss:2.2451597360464244	Accuracy:0.16528596463278636	Best Accuracy/Epoch:0.16528596463278636/2
[2022-05-31 09:39:16,337]-[INFO]: Epoch: 3/100	Train Loss:2.223163366317749
[2022-05-31 09:39:19,470]-[INFO]: Eval Loss:2.1053996819716234	Accuracy:0.30444479847060696	Best Accuracy/Epoch:0.30444479847060696/3
[2022-05-31 09:39:38,590]-[INFO]: Epoch: 4/100	Train Loss:2.1284329891204834
[2022-05-31 09:39:41,860]-[INFO]: Eval Loss:2.0827274781007032	Accuracy:0.3328022940895332	Best Accuracy/Epoch:0.3328022940895332/4
[2022-05-31 09:40:01,202]-[INFO]: Epoch: 5/100	Train Loss:2.1127586364746094
[2022-05-31 09:40:04,544]-[INFO]: Eval Loss:2.079048697765057	Accuracy:0.3097817428707981	Best Accuracy/Epoch:0.3328022940895332/4
[2022-05-31 09:40:24,879]-[INFO]: Epoch: 6/100	Train Loss:2.101707696914673
[2022-05-31 09:40:28,245]-[INFO]: Eval Loss:2.0468305807847242	Accuracy:0.3826668790823642	Best Accuracy/Epoch:0.3826668790823642/6
[2022-05-31 09:40:48,575]-[INFO]: Epoch: 7/100	Train Loss:2.066311836242676
[2022-05-31 09:40:52,436]-[INFO]: Eval Loss:2.0368278668476987	Accuracy:0.3966863151186873	Best Accuracy/Epoch:0.3966863151186873/7
[2022-05-31 09:41:12,742]-[INFO]: Epoch: 8/100	Train Loss:2.053356647491455
[2022-05-31 09:41:15,997]-[INFO]: Eval Loss:2.0074544044641347	Accuracy:0.4056077744145292	Best Accuracy/Epoch:0.4056077744145292/8
[2022-05-31 09:41:36,665]-[INFO]: Epoch: 9/100	Train Loss:2.0188512802124023
[2022-05-31 09:41:40,361]-[INFO]: Eval Loss:1.9880464810591478	Accuracy:0.42329138123307314	Best Accuracy/Epoch:0.42329138123307314/9
[2022-05-31 09:42:00,658]-[INFO]: Epoch: 10/100	Train Loss:1.9982753992080688
[2022-05-31 09:42:03,927]-[INFO]: Eval Loss:1.9799902164019072	Accuracy:0.43484148478572565	Best Accuracy/Epoch:0.43484148478572565/10
[2022-05-31 09:42:23,926]-[INFO]: Epoch: 11/100	Train Loss:1.972120761871338
[2022-05-31 09:42:27,714]-[INFO]: Eval Loss:1.9327865747305064	Accuracy:0.5072486856778716	Best Accuracy/Epoch:0.5072486856778716/11
[2022-05-31 09:42:48,025]-[INFO]: Epoch: 12/100	Train Loss:1.9538960456848145
[2022-05-31 09:42:51,338]-[INFO]: Eval Loss:1.9555592353527362	Accuracy:0.463517603950932	Best Accuracy/Epoch:0.5072486856778716/11
[2022-05-31 09:43:12,854]-[INFO]: Epoch: 13/100	Train Loss:1.9703216552734375
[2022-05-31 09:43:16,384]-[INFO]: Eval Loss:1.9909353164526133	Accuracy:0.4283097020869842	Best Accuracy/Epoch:0.5072486856778716/11
[2022-05-31 09:43:37,172]-[INFO]: Epoch: 14/100	Train Loss:2.0086300373077393
[2022-05-31 09:43:40,828]-[INFO]: Eval Loss:1.9789472543276274	Accuracy:0.43563804365142583	Best Accuracy/Epoch:0.5072486856778716/11
[2022-05-31 09:44:02,890]-[INFO]: Epoch: 15/100	Train Loss:1.9675322771072388
[2022-05-31 09:44:06,316]-[INFO]: Eval Loss:1.9210749222682073	Accuracy:0.5109925123466624	Best Accuracy/Epoch:0.5109925123466624/15
[2022-05-31 09:44:27,502]-[INFO]: Epoch: 16/100	Train Loss:1.9261109828948975
[2022-05-31 09:44:31,304]-[INFO]: Eval Loss:1.927941028888409	Accuracy:0.5015931177314004	Best Accuracy/Epoch:0.5109925123466624/15
[2022-05-31 09:44:53,091]-[INFO]: Epoch: 17/100	Train Loss:1.939162015914917
[2022-05-31 09:44:56,569]-[INFO]: Eval Loss:1.9081685818158662	Accuracy:0.5310657957623068	Best Accuracy/Epoch:0.5310657957623068/17
[2022-05-31 09:45:16,598]-[INFO]: Epoch: 18/100	Train Loss:1.909999132156372
[2022-05-31 09:45:19,879]-[INFO]: Eval Loss:1.888833687855647	Accuracy:0.54532419945834	Best Accuracy/Epoch:0.54532419945834/18
[2022-05-31 09:45:39,648]-[INFO]: Epoch: 19/100	Train Loss:1.8978824615478516
[2022-05-31 09:45:42,933]-[INFO]: Eval Loss:1.8669510712990394	Accuracy:0.5841962721045085	Best Accuracy/Epoch:0.5841962721045085/19
[2022-05-31 09:46:02,809]-[INFO]: Epoch: 20/100	Train Loss:1.8651548624038696
[2022-05-31 09:46:06,235]-[INFO]: Eval Loss:1.8357322491132295	Accuracy:0.6165365620519356	Best Accuracy/Epoch:0.6165365620519356/20
[2022-05-31 09:46:26,272]-[INFO]: Epoch: 21/100	Train Loss:1.8316223621368408
[2022-05-31 09:46:29,785]-[INFO]: Eval Loss:1.813700089087853	Accuracy:0.6343794806436196	Best Accuracy/Epoch:0.6343794806436196/21
[2022-05-31 09:46:49,791]-[INFO]: Epoch: 22/100	Train Loss:1.8315343856811523
[2022-05-31 09:46:53,053]-[INFO]: Eval Loss:1.9004767216168916	Accuracy:0.5340927194519675	Best Accuracy/Epoch:0.6343794806436196/21
[2022-05-31 09:47:14,128]-[INFO]: Epoch: 23/100	Train Loss:1.8424712419509888
[2022-05-31 09:47:17,697]-[INFO]: Eval Loss:1.815330175253061	Accuracy:0.6345387924167596	Best Accuracy/Epoch:0.6345387924167596/23
[2022-05-31 09:47:38,103]-[INFO]: Epoch: 24/100	Train Loss:1.8278576135635376
[2022-05-31 09:47:41,477]-[INFO]: Eval Loss:1.7961883636621327	Accuracy:0.6534968934204237	Best Accuracy/Epoch:0.6534968934204237/24
[2022-05-31 09:48:02,035]-[INFO]: Epoch: 25/100	Train Loss:1.8084702491760254
[2022-05-31 09:48:05,503]-[INFO]: Eval Loss:1.7965201873045702	Accuracy:0.6524613668950136	Best Accuracy/Epoch:0.6534968934204237/24
[2022-05-31 09:48:25,672]-[INFO]: Epoch: 26/100	Train Loss:1.8096030950546265
[2022-05-31 09:48:28,920]-[INFO]: Eval Loss:1.8029619180239165	Accuracy:0.6463278636291222	Best Accuracy/Epoch:0.6534968934204237/24
[2022-05-31 09:48:48,622]-[INFO]: Epoch: 27/100	Train Loss:1.8560655117034912
[2022-05-31 09:48:51,855]-[INFO]: Eval Loss:1.8595032600256114	Accuracy:0.6043492114067229	Best Accuracy/Epoch:0.6534968934204237/24
[2022-05-31 09:49:11,690]-[INFO]: Epoch: 28/100	Train Loss:1.8513668775558472
[2022-05-31 09:49:15,036]-[INFO]: Eval Loss:1.853476175895104	Accuracy:0.6071371674366736	Best Accuracy/Epoch:0.6534968934204237/24
[2022-05-31 09:49:34,672]-[INFO]: Epoch: 29/100	Train Loss:1.8513174057006836
[2022-05-31 09:49:38,084]-[INFO]: Eval Loss:1.852093559045058	Accuracy:0.6086506292815039	Best Accuracy/Epoch:0.6534968934204237/24
[2022-05-31 09:49:57,927]-[INFO]: Epoch: 30/100	Train Loss:1.878092885017395
[2022-05-31 09:50:01,233]-[INFO]: Eval Loss:1.9704543902323797	Accuracy:0.46343794806436195	Best Accuracy/Epoch:0.6534968934204237/24
[2022-05-31 09:50:21,002]-[INFO]: Epoch: 31/100	Train Loss:1.9511269330978394
[2022-05-31 09:50:24,247]-[INFO]: Eval Loss:1.9160468853436983	Accuracy:0.5298709574637566	Best Accuracy/Epoch:0.6534968934204237/24
[2022-05-31 09:50:43,932]-[INFO]: Epoch: 32/100	Train Loss:1.842037558555603
[2022-05-31 09:50:47,392]-[INFO]: Eval Loss:1.7916951638001661	Accuracy:0.6566034729966544	Best Accuracy/Epoch:0.6566034729966544/32
[2022-05-31 09:51:08,115]-[INFO]: Epoch: 33/100	Train Loss:1.7916920185089111
[2022-05-31 09:51:11,439]-[INFO]: Eval Loss:1.7942677644582896	Accuracy:0.6556476023578143	Best Accuracy/Epoch:0.6566034729966544/32
[2022-05-31 09:51:32,484]-[INFO]: Epoch: 34/100	Train Loss:1.792220115661621
[2022-05-31 09:51:36,566]-[INFO]: Eval Loss:1.7880342648579524	Accuracy:0.6580372789549148	Best Accuracy/Epoch:0.6580372789549148/34
[2022-05-31 09:51:57,778]-[INFO]: Epoch: 35/100	Train Loss:1.8053144216537476
[2022-05-31 09:52:01,014]-[INFO]: Eval Loss:1.804666097347553	Accuracy:0.6436195634857416	Best Accuracy/Epoch:0.6580372789549148/34
[2022-05-31 09:52:21,390]-[INFO]: Epoch: 36/100	Train Loss:1.823221206665039
[2022-05-31 09:52:24,727]-[INFO]: Eval Loss:1.8472872238892775	Accuracy:0.5965429345228612	Best Accuracy/Epoch:0.6580372789549148/34
[2022-05-31 09:52:44,740]-[INFO]: Epoch: 37/100	Train Loss:1.8223280906677246
[2022-05-31 09:52:48,235]-[INFO]: Eval Loss:1.802551819727971	Accuracy:0.6436195634857416	Best Accuracy/Epoch:0.6580372789549148/34
[2022-05-31 09:53:08,673]-[INFO]: Epoch: 38/100	Train Loss:1.8056752681732178
[2022-05-31 09:53:12,743]-[INFO]: Eval Loss:1.7879691490760217	Accuracy:0.6585948701609049	Best Accuracy/Epoch:0.6585948701609049/38
[2022-05-31 09:53:34,767]-[INFO]: Epoch: 39/100	Train Loss:1.790950059890747
[2022-05-31 09:53:39,111]-[INFO]: Eval Loss:1.7856249992664044	Accuracy:0.6612235144177154	Best Accuracy/Epoch:0.6612235144177154/39
[2022-05-31 09:54:03,424]-[INFO]: Epoch: 40/100	Train Loss:1.785851240158081
[2022-05-31 09:54:07,421]-[INFO]: Eval Loss:1.780007738333482	Accuracy:0.6658435558387765	Best Accuracy/Epoch:0.6658435558387765/40
[2022-05-31 09:54:30,552]-[INFO]: Epoch: 41/100	Train Loss:1.8003627061843872
[2022-05-31 09:54:36,297]-[INFO]: Eval Loss:1.783787644826449	Accuracy:0.6624980086028357	Best Accuracy/Epoch:0.6658435558387765/40
[2022-05-31 09:54:58,363]-[INFO]: Epoch: 42/100	Train Loss:1.7885684967041016
[2022-05-31 09:55:01,795]-[INFO]: Eval Loss:1.7840766264842107	Accuracy:0.6652063087462163	Best Accuracy/Epoch:0.6658435558387765/40
[2022-05-31 09:55:23,059]-[INFO]: Epoch: 43/100	Train Loss:1.9703620672225952
[2022-05-31 09:55:26,575]-[INFO]: Eval Loss:2.0472665566664476	Accuracy:0.3972439063246774	Best Accuracy/Epoch:0.6658435558387765/40
[2022-05-31 09:55:48,136]-[INFO]: Epoch: 44/100	Train Loss:2.0525221824645996
[2022-05-31 09:55:51,634]-[INFO]: Eval Loss:2.0066990302159238	Accuracy:0.42297275768679304	Best Accuracy/Epoch:0.6658435558387765/40
[2022-05-31 09:56:12,910]-[INFO]: Epoch: 45/100	Train Loss:2.030658721923828
[2022-05-31 09:56:16,383]-[INFO]: Eval Loss:2.001480973683871	Accuracy:0.4268758961287239	Best Accuracy/Epoch:0.6658435558387765/40
[2022-05-31 09:56:37,830]-[INFO]: Epoch: 46/100	Train Loss:2.0262606143951416
[2022-05-31 09:56:41,605]-[INFO]: Eval Loss:1.9977078162706816	Accuracy:0.42958419627210453	Best Accuracy/Epoch:0.6658435558387765/40
[2022-05-31 09:57:03,069]-[INFO]: Epoch: 47/100	Train Loss:2.0219905376434326
[2022-05-31 09:57:08,007]-[INFO]: Eval Loss:1.996102626507099	Accuracy:0.4313366257766449	Best Accuracy/Epoch:0.6658435558387765/40
[2022-05-31 09:57:31,334]-[INFO]: Epoch: 48/100	Train Loss:2.0193583965301514
[2022-05-31 09:57:35,295]-[INFO]: Eval Loss:1.9941469981120183	Accuracy:0.43300939939461525	Best Accuracy/Epoch:0.6658435558387765/40
[2022-05-31 09:57:57,424]-[INFO]: Epoch: 49/100	Train Loss:2.0194921493530273
[2022-05-31 09:58:01,000]-[INFO]: Eval Loss:1.9977005536739643	Accuracy:0.43101800223036485	Best Accuracy/Epoch:0.6658435558387765/40
[2022-05-31 09:58:22,191]-[INFO]: Epoch: 50/100	Train Loss:2.019914150238037
[2022-05-31 09:58:25,724]-[INFO]: Eval Loss:1.9962568007982695	Accuracy:0.43261111996176516	Best Accuracy/Epoch:0.6658435558387765/40
[2022-05-31 09:58:46,496]-[INFO]: Epoch: 51/100	Train Loss:2.0185751914978027
[2022-05-31 09:58:50,141]-[INFO]: Eval Loss:1.996415404173044	Accuracy:0.4327704317349052	Best Accuracy/Epoch:0.6658435558387765/40
[2022-05-31 09:59:11,206]-[INFO]: Epoch: 52/100	Train Loss:2.017561912536621
[2022-05-31 09:59:14,620]-[INFO]: Eval Loss:1.9941587723218477	Accuracy:0.4331687111677553	Best Accuracy/Epoch:0.6658435558387765/40
[2022-05-31 09:59:35,204]-[INFO]: Epoch: 53/100	Train Loss:2.0151047706604004
[2022-05-31 09:59:38,554]-[INFO]: Eval Loss:1.9935785165199866	Accuracy:0.4350007965588657	Best Accuracy/Epoch:0.6658435558387765/40
[2022-05-31 09:59:59,392]-[INFO]: Epoch: 54/100	Train Loss:2.013160228729248
[2022-05-31 10:00:02,949]-[INFO]: Eval Loss:1.9920007907427275	Accuracy:0.4359566671977059	Best Accuracy/Epoch:0.6658435558387765/40
[2022-05-31 10:00:22,659]-[INFO]: Epoch: 55/100	Train Loss:2.012350082397461
[2022-05-31 10:00:26,839]-[INFO]: Eval Loss:1.9918582439422607	Accuracy:0.43516010833200575	Best Accuracy/Epoch:0.6658435558387765/40
[2022-05-31 10:00:48,521]-[INFO]: Epoch: 56/100	Train Loss:2.0114831924438477
[2022-05-31 10:00:52,135]-[INFO]: Eval Loss:1.9959184206449068	Accuracy:0.431973872869205	Best Accuracy/Epoch:0.6658435558387765/40
[2022-05-31 10:01:13,646]-[INFO]: Epoch: 57/100	Train Loss:2.0990476608276367
[2022-05-31 10:01:17,367]-[INFO]: Eval Loss:2.0831242983157816	Accuracy:0.3381392384897244	Best Accuracy/Epoch:0.6658435558387765/40
[2022-05-31 10:01:37,822]-[INFO]: Epoch: 58/100	Train Loss:2.1147048473358154
[2022-05-31 10:01:41,213]-[INFO]: Eval Loss:2.067484525533823	Accuracy:0.35701768360681857	Best Accuracy/Epoch:0.6658435558387765/40
[2022-05-31 10:02:01,027]-[INFO]: Epoch: 59/100	Train Loss:2.094714641571045
[2022-05-31 10:02:04,331]-[INFO]: Eval Loss:2.0721932374514065	Accuracy:0.3494503743826669	Best Accuracy/Epoch:0.6658435558387765/40
[2022-05-31 10:02:24,937]-[INFO]: Epoch: 60/100	Train Loss:2.0605599880218506
[2022-05-31 10:02:28,336]-[INFO]: Eval Loss:2.0238477083352895	Accuracy:0.40919228931018004	Best Accuracy/Epoch:0.6658435558387765/40
[2022-05-31 10:02:48,719]-[INFO]: Epoch: 61/100	Train Loss:2.041656255722046
[2022-05-31 10:02:51,936]-[INFO]: Eval Loss:2.0123648826892557	Accuracy:0.41843237215230206	Best Accuracy/Epoch:0.6658435558387765/40
[2022-05-31 10:03:12,433]-[INFO]: Epoch: 62/100	Train Loss:2.0385189056396484
[2022-05-31 10:03:15,679]-[INFO]: Eval Loss:2.0218495222238393	Accuracy:0.41102437470129044	Best Accuracy/Epoch:0.6658435558387765/40
[2022-05-31 10:03:35,676]-[INFO]: Epoch: 63/100	Train Loss:2.039586067199707
[2022-05-31 10:03:39,083]-[INFO]: Eval Loss:2.0164426931968102	Accuracy:0.4158833837820615	Best Accuracy/Epoch:0.6658435558387765/40
[2022-05-31 10:03:58,980]-[INFO]: Epoch: 64/100	Train Loss:2.035423517227173
[2022-05-31 10:04:02,266]-[INFO]: Eval Loss:2.011439699393052	Accuracy:0.4197865222239924	Best Accuracy/Epoch:0.6658435558387765/40
[2022-05-31 10:04:22,243]-[INFO]: Epoch: 65/100	Train Loss:2.03085994720459
[2022-05-31 10:04:25,549]-[INFO]: Eval Loss:2.01057113133944	Accuracy:0.4201051457702724	Best Accuracy/Epoch:0.6658435558387765/40
[2022-05-31 10:04:46,291]-[INFO]: Epoch: 66/100	Train Loss:2.029909133911133
[2022-05-31 10:04:49,620]-[INFO]: Eval Loss:2.0132492872384877	Accuracy:0.41835271626573206	Best Accuracy/Epoch:0.6658435558387765/40
[2022-05-31 10:05:11,570]-[INFO]: Epoch: 67/100	Train Loss:2.0294506549835205
[2022-05-31 10:05:15,037]-[INFO]: Eval Loss:2.0117226288868832	Accuracy:0.4194678986777123	Best Accuracy/Epoch:0.6658435558387765/40
[2022-05-31 10:05:35,740]-[INFO]: Epoch: 68/100	Train Loss:2.0237040519714355
[2022-05-31 10:05:39,004]-[INFO]: Eval Loss:1.9730044144850512	Accuracy:0.4714035367213637	Best Accuracy/Epoch:0.6658435558387765/40
[2022-05-31 10:05:59,503]-[INFO]: Epoch: 69/100	Train Loss:1.9662166833877563
[2022-05-31 10:06:02,981]-[INFO]: Eval Loss:1.9315962608043964	Accuracy:0.5104349211406723	Best Accuracy/Epoch:0.6658435558387765/40
[2022-05-31 10:06:27,685]-[INFO]: Epoch: 70/100	Train Loss:1.9449917078018188
[2022-05-31 10:06:31,438]-[INFO]: Eval Loss:1.9225847721099854	Accuracy:0.5195156922096543	Best Accuracy/Epoch:0.6658435558387765/40
[2022-05-31 10:06:51,516]-[INFO]: Epoch: 71/100	Train Loss:1.9000113010406494
[2022-05-31 10:06:54,736]-[INFO]: Eval Loss:1.8194432258605957	Accuracy:0.6357336307153099	Best Accuracy/Epoch:0.6658435558387765/40
[2022-05-31 10:07:14,635]-[INFO]: Epoch: 72/100	Train Loss:1.8328427076339722
[2022-05-31 10:07:17,975]-[INFO]: Eval Loss:1.8078664266146147	Accuracy:0.6436195634857416	Best Accuracy/Epoch:0.6658435558387765/40
[2022-05-31 10:07:37,929]-[INFO]: Epoch: 73/100	Train Loss:1.8018524646759033
[2022-05-31 10:07:41,219]-[INFO]: Eval Loss:1.7968410436923687	Accuracy:0.6532579257607137	Best Accuracy/Epoch:0.6658435558387765/40
[2022-05-31 10:08:01,315]-[INFO]: Epoch: 74/100	Train Loss:1.792039394378662
[2022-05-31 10:08:05,070]-[INFO]: Eval Loss:1.7966268612788274	Accuracy:0.654532419945834	Best Accuracy/Epoch:0.6658435558387765/40
[2022-05-31 10:08:25,429]-[INFO]: Epoch: 75/100	Train Loss:1.7885866165161133
[2022-05-31 10:08:28,778]-[INFO]: Eval Loss:1.7937588141514704	Accuracy:0.6580372789549148	Best Accuracy/Epoch:0.6658435558387765/40
[2022-05-31 10:08:48,673]-[INFO]: Epoch: 76/100	Train Loss:1.8558834791183472
[2022-05-31 10:08:51,911]-[INFO]: Eval Loss:2.132118977033175	Accuracy:0.2885932770431735	Best Accuracy/Epoch:0.6658435558387765/40
[2022-05-31 10:09:11,711]-[INFO]: Epoch: 77/100	Train Loss:2.224250316619873
[2022-05-31 10:09:15,022]-[INFO]: Eval Loss:2.1839130291571984	Accuracy:0.23371037119643143	Best Accuracy/Epoch:0.6658435558387765/40
[2022-05-31 10:09:34,953]-[INFO]: Epoch: 78/100	Train Loss:2.21411395072937
[2022-05-31 10:09:38,224]-[INFO]: Eval Loss:2.193209299674401	Accuracy:0.22383304126174924	Best Accuracy/Epoch:0.6658435558387765/40
[2022-05-31 10:09:58,776]-[INFO]: Epoch: 79/100	Train Loss:2.0785651206970215
[2022-05-31 10:10:01,993]-[INFO]: Eval Loss:1.9607075269405658	Accuracy:0.47124422494822366	Best Accuracy/Epoch:0.6658435558387765/40
[2022-05-31 10:10:21,966]-[INFO]: Epoch: 80/100	Train Loss:1.9614711999893188
[2022-05-31 10:10:25,342]-[INFO]: Eval Loss:1.928538285768949	Accuracy:0.5057352238330413	Best Accuracy/Epoch:0.6658435558387765/40
[2022-05-31 10:10:46,051]-[INFO]: Epoch: 81/100	Train Loss:1.9809119701385498
[2022-05-31 10:10:49,300]-[INFO]: Eval Loss:1.9338293625758245	Accuracy:0.4996813764537199	Best Accuracy/Epoch:0.6658435558387765/40
[2022-05-31 10:11:09,121]-[INFO]: Epoch: 82/100	Train Loss:1.938734531402588
[2022-05-31 10:11:12,317]-[INFO]: Eval Loss:1.9074447613496046	Accuracy:0.5282778397323562	Best Accuracy/Epoch:0.6658435558387765/40
[2022-05-31 10:11:32,550]-[INFO]: Epoch: 83/100	Train Loss:1.9156737327575684
[2022-05-31 10:11:35,794]-[INFO]: Eval Loss:1.8989716401466956	Accuracy:0.5383144814401785	Best Accuracy/Epoch:0.6658435558387765/40
[2022-05-31 10:11:56,983]-[INFO]: Epoch: 84/100	Train Loss:1.9170998334884644
[2022-05-31 10:12:00,917]-[INFO]: Eval Loss:1.9190751772660475	Accuracy:0.5254102278158356	Best Accuracy/Epoch:0.6658435558387765/40
[2022-05-31 10:12:21,560]-[INFO]: Epoch: 85/100	Train Loss:1.9234330654144287
[2022-05-31 10:12:25,331]-[INFO]: Eval Loss:1.9179317125907311	Accuracy:0.5277202485263661	Best Accuracy/Epoch:0.6658435558387765/40
[2022-05-31 10:12:45,254]-[INFO]: Epoch: 86/100	Train Loss:1.9213380813598633
[2022-05-31 10:12:48,466]-[INFO]: Eval Loss:1.9165509205598097	Accuracy:0.5279592161860761	Best Accuracy/Epoch:0.6658435558387765/40
[2022-05-31 10:13:08,451]-[INFO]: Epoch: 87/100	Train Loss:1.9180585145950317
[2022-05-31 10:13:11,669]-[INFO]: Eval Loss:1.9185798993477454	Accuracy:0.527481280866656	Best Accuracy/Epoch:0.6658435558387765/40
[2022-05-31 10:13:34,348]-[INFO]: Epoch: 88/100	Train Loss:1.9239240884780884
[2022-05-31 10:13:37,858]-[INFO]: Eval Loss:1.9344439873328576	Accuracy:0.5163294567468536	Best Accuracy/Epoch:0.6658435558387765/40
[2022-05-31 10:13:58,632]-[INFO]: Epoch: 89/100	Train Loss:1.9267325401306152
[2022-05-31 10:14:02,348]-[INFO]: Eval Loss:1.9268883375021129	Accuracy:0.5203122510753545	Best Accuracy/Epoch:0.6658435558387765/40
[2022-05-31 10:14:22,162]-[INFO]: Epoch: 90/100	Train Loss:1.9223897457122803
[2022-05-31 10:14:25,435]-[INFO]: Eval Loss:1.9266936779022217	Accuracy:0.5195156922096543	Best Accuracy/Epoch:0.6658435558387765/40
[2022-05-31 10:14:45,410]-[INFO]: Epoch: 91/100	Train Loss:1.922853708267212
[2022-05-31 10:14:48,693]-[INFO]: Eval Loss:1.9210949219190157	Accuracy:0.5242950454038553	Best Accuracy/Epoch:0.6658435558387765/40
[2022-05-31 10:15:08,752]-[INFO]: Epoch: 92/100	Train Loss:1.9167511463165283
[2022-05-31 10:15:11,939]-[INFO]: Eval Loss:1.916821158849276	Accuracy:0.5281185279592162	Best Accuracy/Epoch:0.6658435558387765/40
[2022-05-31 10:15:31,733]-[INFO]: Epoch: 93/100	Train Loss:1.9127812385559082
[2022-05-31 10:15:35,064]-[INFO]: Eval Loss:1.9145585023439848	Accuracy:0.5294726780309065	Best Accuracy/Epoch:0.6658435558387765/40
[2022-05-31 10:15:55,392]-[INFO]: Epoch: 94/100	Train Loss:1.9079351425170898
[2022-05-31 10:15:58,966]-[INFO]: Eval Loss:1.9121867509988637	Accuracy:0.5313047634220169	Best Accuracy/Epoch:0.6658435558387765/40
[2022-05-31 10:16:19,041]-[INFO]: Epoch: 95/100	Train Loss:1.9059675931930542
[2022-05-31 10:16:22,665]-[INFO]: Eval Loss:1.9119538985765898	Accuracy:0.531703042854867	Best Accuracy/Epoch:0.6658435558387765/40
[2022-05-31 10:16:43,015]-[INFO]: Epoch: 96/100	Train Loss:1.905405879020691
[2022-05-31 10:16:46,863]-[INFO]: Eval Loss:1.9109952724896944	Accuracy:0.5321809781742871	Best Accuracy/Epoch:0.6658435558387765/40
[2022-05-31 10:17:07,345]-[INFO]: Epoch: 97/100	Train Loss:1.9034538269042969
[2022-05-31 10:17:10,586]-[INFO]: Eval Loss:1.9108059589679425	Accuracy:0.5322606340608571	Best Accuracy/Epoch:0.6658435558387765/40
[2022-05-31 10:17:30,930]-[INFO]: Epoch: 98/100	Train Loss:1.900923252105713
[2022-05-31 10:17:34,361]-[INFO]: Eval Loss:1.9063180685043335	Accuracy:0.536402740162498	Best Accuracy/Epoch:0.6658435558387765/40
[2022-05-31 10:17:55,611]-[INFO]: Epoch: 99/100	Train Loss:1.8996089696884155
[2022-05-31 10:17:58,982]-[INFO]: Eval Loss:1.9096079147779024	Accuracy:0.5331368488131273	Best Accuracy/Epoch:0.6658435558387765/40
[2022-05-31 10:18:20,954]-[INFO]: Epoch: 100/100	Train Loss:1.9030306339263916
[2022-05-31 10:18:24,371]-[INFO]: Eval Loss:1.9095090627670288	Accuracy:0.5336147841325474	Best Accuracy/Epoch:0.6658435558387765/40
[2022-05-31 10:18:24,371]-[INFO]: Train Phase Over	Best Accuracy/Epoch:0.6658435558387765/40
[2022-06-04 15:10:28,693]-[INFO]: Best Epoch Test Loss:1.7848774194717407	Accuracy:0.6637992831541218	Recall:0.41670000000000007	F1:0.3764428057494076
[2022-06-04 15:10:31,324]-[INFO]: Last Epoch Test Loss:1.905853033065796	Accuracy:0.5391477499004381	Recall:0.34166841540319337	F1:0.2732214735673643
