[2022-05-31 09:21:37,596]-[INFO]: Task:shopping	Model:RNN	Batch Size:1024	Total Epoch:100	Start Epoch:0
[2022-05-31 09:21:39,087]-[INFO]: Embedding Found
[2022-05-31 09:21:39,428]-[INFO]: Embedding Load Over
[2022-05-31 09:21:39,429]-[INFO]: Train From Beginning
[2022-05-31 09:22:27,183]-[INFO]: Epoch: 1/100	Train Loss:2.2660186290740967
[2022-05-31 09:22:28,156]-[INFO]: Eval Loss:2.2468071717482347	Accuracy:0.2032021666401147	Best Accuracy/Epoch:0.2032021666401147/1
[2022-05-31 09:22:32,735]-[INFO]: Epoch: 2/100	Train Loss:2.250136375427246
[2022-05-31 09:22:33,756]-[INFO]: Eval Loss:2.249923064158513	Accuracy:0.15939142902660505	Best Accuracy/Epoch:0.2032021666401147/1
[2022-05-31 09:22:38,476]-[INFO]: Epoch: 3/100	Train Loss:2.2486214637756348
[2022-05-31 09:22:39,512]-[INFO]: Eval Loss:2.241987576851478	Accuracy:0.17779193882427913	Best Accuracy/Epoch:0.2032021666401147/1
[2022-05-31 09:22:44,773]-[INFO]: Epoch: 4/100	Train Loss:2.248373508453369
[2022-05-31 09:22:45,816]-[INFO]: Eval Loss:2.2527702038104715	Accuracy:0.15341723753385375	Best Accuracy/Epoch:0.2032021666401147/1
[2022-05-31 09:22:51,026]-[INFO]: Epoch: 5/100	Train Loss:2.251136541366577
[2022-05-31 09:22:51,985]-[INFO]: Eval Loss:2.2469488840836744	Accuracy:0.20057352238330411	Best Accuracy/Epoch:0.2032021666401147/1
[2022-05-31 09:22:57,230]-[INFO]: Epoch: 6/100	Train Loss:2.2346222400665283
[2022-05-31 09:22:58,367]-[INFO]: Eval Loss:2.219828587311965	Accuracy:0.19985661940417396	Best Accuracy/Epoch:0.2032021666401147/1
[2022-05-31 09:23:03,444]-[INFO]: Epoch: 7/100	Train Loss:2.226223945617676
[2022-05-31 09:23:04,484]-[INFO]: Eval Loss:2.215136161217323	Accuracy:0.20256491954755457	Best Accuracy/Epoch:0.2032021666401147/1
[2022-05-31 09:23:09,715]-[INFO]: Epoch: 8/100	Train Loss:2.2240335941314697
[2022-05-31 09:23:10,702]-[INFO]: Eval Loss:2.2157627252432017	Accuracy:0.20383941373267483	Best Accuracy/Epoch:0.20383941373267483/8
[2022-05-31 09:23:15,968]-[INFO]: Epoch: 9/100	Train Loss:2.22410249710083
[2022-05-31 09:23:16,944]-[INFO]: Eval Loss:2.2183133638822117	Accuracy:0.2018480165684244	Best Accuracy/Epoch:0.20383941373267483/8
[2022-05-31 09:23:22,183]-[INFO]: Epoch: 10/100	Train Loss:2.224242925643921
[2022-05-31 09:23:23,185]-[INFO]: Eval Loss:2.211391045497014	Accuracy:0.19842281344591364	Best Accuracy/Epoch:0.20383941373267483/8
[2022-05-31 09:23:28,465]-[INFO]: Epoch: 11/100	Train Loss:2.2244133949279785
[2022-05-31 09:23:29,611]-[INFO]: Eval Loss:2.2146096229553223	Accuracy:0.20654771387605544	Best Accuracy/Epoch:0.20654771387605544/11
[2022-05-31 09:23:34,693]-[INFO]: Epoch: 12/100	Train Loss:2.2240214347839355
[2022-05-31 09:23:35,746]-[INFO]: Eval Loss:2.2117795027219334	Accuracy:0.19977696351760396	Best Accuracy/Epoch:0.20654771387605544/11
[2022-05-31 09:23:41,071]-[INFO]: Epoch: 13/100	Train Loss:2.223766326904297
[2022-05-31 09:23:42,079]-[INFO]: Eval Loss:2.218218656686636	Accuracy:0.20511390791779513	Best Accuracy/Epoch:0.20654771387605544/11
[2022-05-31 09:23:47,345]-[INFO]: Epoch: 14/100	Train Loss:2.222191572189331
[2022-05-31 09:23:48,421]-[INFO]: Eval Loss:2.2138598698836107	Accuracy:0.20718496096861558	Best Accuracy/Epoch:0.20718496096861558/14
[2022-05-31 09:23:53,748]-[INFO]: Epoch: 15/100	Train Loss:2.221107006072998
[2022-05-31 09:23:54,943]-[INFO]: Eval Loss:2.21188315978417	Accuracy:0.20925601401943603	Best Accuracy/Epoch:0.20925601401943603/15
[2022-05-31 09:24:00,146]-[INFO]: Epoch: 16/100	Train Loss:2.219541072845459
[2022-05-31 09:24:01,172]-[INFO]: Eval Loss:2.2103948226341834	Accuracy:0.21307949657479688	Best Accuracy/Epoch:0.21307949657479688/16
[2022-05-31 09:24:06,495]-[INFO]: Epoch: 17/100	Train Loss:2.2184135913848877
[2022-05-31 09:24:07,498]-[INFO]: Eval Loss:2.2096134515909047	Accuracy:0.21395571132706706	Best Accuracy/Epoch:0.21395571132706706/17
[2022-05-31 09:24:12,947]-[INFO]: Epoch: 18/100	Train Loss:2.214928388595581
[2022-05-31 09:24:14,043]-[INFO]: Eval Loss:2.200256274296687	Accuracy:0.22128405289150868	Best Accuracy/Epoch:0.22128405289150868/18
[2022-05-31 09:24:19,521]-[INFO]: Epoch: 19/100	Train Loss:2.2248480319976807
[2022-05-31 09:24:20,577]-[INFO]: Eval Loss:2.218262323966393	Accuracy:0.19977696351760396	Best Accuracy/Epoch:0.22128405289150868/18
[2022-05-31 09:24:26,086]-[INFO]: Epoch: 20/100	Train Loss:2.2267651557922363
[2022-05-31 09:24:27,223]-[INFO]: Eval Loss:2.225600389333872	Accuracy:0.19738728692050342	Best Accuracy/Epoch:0.22128405289150868/18
[2022-05-31 09:24:32,693]-[INFO]: Epoch: 21/100	Train Loss:2.235401153564453
[2022-05-31 09:24:33,774]-[INFO]: Eval Loss:2.234182522847102	Accuracy:0.18097817428707982	Best Accuracy/Epoch:0.22128405289150868/18
[2022-05-31 09:24:39,316]-[INFO]: Epoch: 22/100	Train Loss:2.240039348602295
[2022-05-31 09:24:40,426]-[INFO]: Eval Loss:2.25027610705449	Accuracy:0.17380914449577825	Best Accuracy/Epoch:0.22128405289150868/18
[2022-05-31 09:24:46,106]-[INFO]: Epoch: 23/100	Train Loss:2.2428507804870605
[2022-05-31 09:24:47,126]-[INFO]: Eval Loss:2.239216841184176	Accuracy:0.1750039827943285	Best Accuracy/Epoch:0.22128405289150868/18
[2022-05-31 09:24:52,743]-[INFO]: Epoch: 24/100	Train Loss:2.240692615509033
[2022-05-31 09:24:53,977]-[INFO]: Eval Loss:2.2377086602724514	Accuracy:0.17691572407200892	Best Accuracy/Epoch:0.22128405289150868/18
[2022-05-31 09:24:59,601]-[INFO]: Epoch: 25/100	Train Loss:2.239603042602539
[2022-05-31 09:25:00,744]-[INFO]: Eval Loss:2.237505289224478	Accuracy:0.17850884180340928	Best Accuracy/Epoch:0.22128405289150868/18
[2022-05-31 09:25:06,413]-[INFO]: Epoch: 26/100	Train Loss:2.2383925914764404
[2022-05-31 09:25:07,436]-[INFO]: Eval Loss:2.2346539313976583	Accuracy:0.18081886251393978	Best Accuracy/Epoch:0.22128405289150868/18
[2022-05-31 09:25:13,160]-[INFO]: Epoch: 27/100	Train Loss:2.2388105392456055
[2022-05-31 09:25:14,278]-[INFO]: Eval Loss:2.2374979716080885	Accuracy:0.17922574478253944	Best Accuracy/Epoch:0.22128405289150868/18
[2022-05-31 09:25:20,047]-[INFO]: Epoch: 28/100	Train Loss:2.2389168739318848
[2022-05-31 09:25:21,107]-[INFO]: Eval Loss:2.236299624809852	Accuracy:0.17938505655567946	Best Accuracy/Epoch:0.22128405289150868/18
[2022-05-31 09:25:26,956]-[INFO]: Epoch: 29/100	Train Loss:2.237826108932495
[2022-05-31 09:25:28,055]-[INFO]: Eval Loss:2.233021992903489	Accuracy:0.18010195953480962	Best Accuracy/Epoch:0.22128405289150868/18
[2022-05-31 09:25:33,889]-[INFO]: Epoch: 30/100	Train Loss:2.2374355792999268
[2022-05-31 09:25:35,004]-[INFO]: Eval Loss:2.2325673470130334	Accuracy:0.18097817428707982	Best Accuracy/Epoch:0.22128405289150868/18
[2022-05-31 09:25:40,971]-[INFO]: Epoch: 31/100	Train Loss:2.2410967350006104
[2022-05-31 09:25:42,107]-[INFO]: Eval Loss:2.2432588063753567	Accuracy:0.16799426477616697	Best Accuracy/Epoch:0.22128405289150868/18
[2022-05-31 09:25:47,847]-[INFO]: Epoch: 32/100	Train Loss:2.2468180656433105
[2022-05-31 09:25:48,943]-[INFO]: Eval Loss:2.2432865546299863	Accuracy:0.16887047952843715	Best Accuracy/Epoch:0.22128405289150868/18
[2022-05-31 09:25:54,689]-[INFO]: Epoch: 33/100	Train Loss:2.2456369400024414
[2022-05-31 09:25:55,932]-[INFO]: Eval Loss:2.2421616407541127	Accuracy:0.16855185598215708	Best Accuracy/Epoch:0.22128405289150868/18
[2022-05-31 09:26:01,679]-[INFO]: Epoch: 34/100	Train Loss:2.246187925338745
[2022-05-31 09:26:02,805]-[INFO]: Eval Loss:2.2465819212106557	Accuracy:0.168233232435877	Best Accuracy/Epoch:0.22128405289150868/18
[2022-05-31 09:26:08,944]-[INFO]: Epoch: 35/100	Train Loss:2.245671033859253
[2022-05-31 09:26:10,059]-[INFO]: Eval Loss:2.2426460706270657	Accuracy:0.17006531782698742	Best Accuracy/Epoch:0.22128405289150868/18
[2022-05-31 09:26:16,275]-[INFO]: Epoch: 36/100	Train Loss:2.245195150375366
[2022-05-31 09:26:17,427]-[INFO]: Eval Loss:2.242643649761493	Accuracy:0.17110084435239764	Best Accuracy/Epoch:0.22128405289150868/18
[2022-05-31 09:26:24,154]-[INFO]: Epoch: 37/100	Train Loss:2.2445058822631836
[2022-05-31 09:26:25,345]-[INFO]: Eval Loss:2.241181025138268	Accuracy:0.17022462960012744	Best Accuracy/Epoch:0.22128405289150868/18
[2022-05-31 09:26:31,261]-[INFO]: Epoch: 38/100	Train Loss:2.243589162826538
[2022-05-31 09:26:32,488]-[INFO]: Eval Loss:2.241867340528048	Accuracy:0.1718177473315278	Best Accuracy/Epoch:0.22128405289150868/18
[2022-05-31 09:26:38,461]-[INFO]: Epoch: 39/100	Train Loss:2.2436392307281494
[2022-05-31 09:26:39,648]-[INFO]: Eval Loss:2.2422232627868652	Accuracy:0.17022462960012744	Best Accuracy/Epoch:0.22128405289150868/18
[2022-05-31 09:26:45,686]-[INFO]: Epoch: 40/100	Train Loss:2.243415594100952
[2022-05-31 09:26:46,780]-[INFO]: Eval Loss:2.242555856704712	Accuracy:0.17030428548669746	Best Accuracy/Epoch:0.22128405289150868/18
[2022-05-31 09:26:52,841]-[INFO]: Epoch: 41/100	Train Loss:2.242898464202881
[2022-05-31 09:26:53,939]-[INFO]: Eval Loss:2.240126554782574	Accuracy:0.16464871754022622	Best Accuracy/Epoch:0.22128405289150868/18
[2022-05-31 09:27:00,004]-[INFO]: Epoch: 42/100	Train Loss:2.24363112449646
[2022-05-31 09:27:01,216]-[INFO]: Eval Loss:2.238018586085393	Accuracy:0.15763899952206467	Best Accuracy/Epoch:0.22128405289150868/18
[2022-05-31 09:27:07,223]-[INFO]: Epoch: 43/100	Train Loss:2.24286150932312
[2022-05-31 09:27:08,402]-[INFO]: Eval Loss:2.2384933875157285	Accuracy:0.17333120917635814	Best Accuracy/Epoch:0.22128405289150868/18
[2022-05-31 09:27:14,520]-[INFO]: Epoch: 44/100	Train Loss:2.242249011993408
[2022-05-31 09:27:15,696]-[INFO]: Eval Loss:2.2422217772557187	Accuracy:0.17078222080611757	Best Accuracy/Epoch:0.22128405289150868/18
[2022-05-31 09:27:21,759]-[INFO]: Epoch: 45/100	Train Loss:2.242337703704834
[2022-05-31 09:27:22,875]-[INFO]: Eval Loss:2.240817583524264	Accuracy:0.1708618766926876	Best Accuracy/Epoch:0.22128405289150868/18
[2022-05-31 09:27:28,963]-[INFO]: Epoch: 46/100	Train Loss:2.242292642593384
[2022-05-31 09:27:30,176]-[INFO]: Eval Loss:2.2423638563889723	Accuracy:0.17102118846582762	Best Accuracy/Epoch:0.22128405289150868/18
[2022-05-31 09:27:36,326]-[INFO]: Epoch: 47/100	Train Loss:2.242248296737671
[2022-05-31 09:27:37,436]-[INFO]: Eval Loss:2.2406908732194166	Accuracy:0.1714194678986777	Best Accuracy/Epoch:0.22128405289150868/18
[2022-05-31 09:27:43,650]-[INFO]: Epoch: 48/100	Train Loss:2.244340181350708
[2022-05-31 09:27:45,077]-[INFO]: Eval Loss:2.2464775122129	Accuracy:0.16982635016727737	Best Accuracy/Epoch:0.22128405289150868/18
[2022-05-31 09:27:52,061]-[INFO]: Epoch: 49/100	Train Loss:2.2449586391448975
[2022-05-31 09:27:53,355]-[INFO]: Eval Loss:2.239389364535992	Accuracy:0.17102118846582762	Best Accuracy/Epoch:0.22128405289150868/18
[2022-05-31 09:27:59,788]-[INFO]: Epoch: 50/100	Train Loss:2.244128704071045
[2022-05-31 09:28:00,932]-[INFO]: Eval Loss:2.2396495709052453	Accuracy:0.16831288832244704	Best Accuracy/Epoch:0.22128405289150868/18
[2022-05-31 09:28:07,088]-[INFO]: Epoch: 51/100	Train Loss:2.2432801723480225
[2022-05-31 09:28:08,393]-[INFO]: Eval Loss:2.2445417917691746	Accuracy:0.17357017683606818	Best Accuracy/Epoch:0.22128405289150868/18
[2022-05-31 09:28:14,778]-[INFO]: Epoch: 52/100	Train Loss:2.242849826812744
[2022-05-31 09:28:16,262]-[INFO]: Eval Loss:2.240717264322134	Accuracy:0.16393181456109607	Best Accuracy/Epoch:0.22128405289150868/18
[2022-05-31 09:28:23,430]-[INFO]: Epoch: 53/100	Train Loss:2.2428977489471436
[2022-05-31 09:28:24,777]-[INFO]: Eval Loss:2.2428438663482666	Accuracy:0.163613191014816	Best Accuracy/Epoch:0.22128405289150868/18
[2022-05-31 09:28:31,269]-[INFO]: Epoch: 54/100	Train Loss:2.243539571762085
[2022-05-31 09:28:32,582]-[INFO]: Eval Loss:2.241841884759756	Accuracy:0.1736498327226382	Best Accuracy/Epoch:0.22128405289150868/18
[2022-05-31 09:28:39,888]-[INFO]: Epoch: 55/100	Train Loss:2.2428669929504395
[2022-05-31 09:28:41,594]-[INFO]: Eval Loss:2.2416527454669657	Accuracy:0.17436673570176836	Best Accuracy/Epoch:0.22128405289150868/18
[2022-05-31 09:28:48,907]-[INFO]: Epoch: 56/100	Train Loss:2.2426888942718506
[2022-05-31 09:28:50,274]-[INFO]: Eval Loss:2.2422408140622654	Accuracy:0.17022462960012744	Best Accuracy/Epoch:0.22128405289150868/18
[2022-05-31 09:28:57,150]-[INFO]: Epoch: 57/100	Train Loss:2.242363929748535
[2022-05-31 09:28:58,376]-[INFO]: Eval Loss:2.2427760637723484	Accuracy:0.16345387924167595	Best Accuracy/Epoch:0.22128405289150868/18
[2022-05-31 09:29:05,405]-[INFO]: Epoch: 58/100	Train Loss:2.2423112392425537
[2022-05-31 09:29:06,843]-[INFO]: Eval Loss:2.2413799946124735	Accuracy:0.1714194678986777	Best Accuracy/Epoch:0.22128405289150868/18
[2022-05-31 09:29:13,555]-[INFO]: Epoch: 59/100	Train Loss:2.242321252822876
[2022-05-31 09:29:14,920]-[INFO]: Eval Loss:2.240823323910053	Accuracy:0.17396845626891827	Best Accuracy/Epoch:0.22128405289150868/18
[2022-05-31 09:29:21,771]-[INFO]: Epoch: 60/100	Train Loss:2.242300510406494
[2022-05-31 09:29:23,247]-[INFO]: Eval Loss:2.2427735878871036	Accuracy:0.1746057033614784	Best Accuracy/Epoch:0.22128405289150868/18
[2022-05-31 09:29:31,030]-[INFO]: Epoch: 61/100	Train Loss:2.24267840385437
[2022-05-31 09:29:33,094]-[INFO]: Eval Loss:2.244589383785541	Accuracy:0.17388880038234825	Best Accuracy/Epoch:0.22128405289150868/18
[2022-05-31 09:29:42,354]-[INFO]: Epoch: 62/100	Train Loss:2.2420969009399414
[2022-05-31 09:29:44,057]-[INFO]: Eval Loss:2.2417559440319357	Accuracy:0.1742074239286283	Best Accuracy/Epoch:0.22128405289150868/18
[2022-05-31 09:29:52,420]-[INFO]: Epoch: 63/100	Train Loss:2.2420742511749268
[2022-05-31 09:29:53,801]-[INFO]: Eval Loss:2.243050758655255	Accuracy:0.17412776804205832	Best Accuracy/Epoch:0.22128405289150868/18
[2022-05-31 09:30:00,590]-[INFO]: Epoch: 64/100	Train Loss:2.2419567108154297
[2022-05-31 09:30:01,748]-[INFO]: Eval Loss:2.2403664772327128	Accuracy:0.1704635972598375	Best Accuracy/Epoch:0.22128405289150868/18
[2022-05-31 09:30:08,590]-[INFO]: Epoch: 65/100	Train Loss:2.2424800395965576
[2022-05-31 09:30:09,853]-[INFO]: Eval Loss:2.239164792574369	Accuracy:0.17396845626891827	Best Accuracy/Epoch:0.22128405289150868/18
[2022-05-31 09:30:17,132]-[INFO]: Epoch: 66/100	Train Loss:2.242144823074341
[2022-05-31 09:30:18,419]-[INFO]: Eval Loss:2.2415024867424598	Accuracy:0.1740481121554883	Best Accuracy/Epoch:0.22128405289150868/18
[2022-05-31 09:30:26,288]-[INFO]: Epoch: 67/100	Train Loss:2.2420740127563477
[2022-05-31 09:30:27,504]-[INFO]: Eval Loss:2.2430826333852916	Accuracy:0.1740481121554883	Best Accuracy/Epoch:0.22128405289150868/18
[2022-05-31 09:30:34,054]-[INFO]: Epoch: 68/100	Train Loss:2.2420156002044678
[2022-05-31 09:30:35,463]-[INFO]: Eval Loss:2.239473434594961	Accuracy:0.17396845626891827	Best Accuracy/Epoch:0.22128405289150868/18
[2022-05-31 09:30:42,576]-[INFO]: Epoch: 69/100	Train Loss:2.24208927154541
[2022-05-31 09:30:43,998]-[INFO]: Eval Loss:2.2408905579493594	Accuracy:0.17380914449577825	Best Accuracy/Epoch:0.22128405289150868/18
[2022-05-31 09:30:50,507]-[INFO]: Epoch: 70/100	Train Loss:2.2417194843292236
[2022-05-31 09:30:51,895]-[INFO]: Eval Loss:2.241484752068153	Accuracy:0.17030428548669746	Best Accuracy/Epoch:0.22128405289150868/18
[2022-05-31 09:30:59,313]-[INFO]: Epoch: 71/100	Train Loss:2.2418124675750732
[2022-05-31 09:31:00,609]-[INFO]: Eval Loss:2.2425655034872203	Accuracy:0.17388880038234825	Best Accuracy/Epoch:0.22128405289150868/18
[2022-05-31 09:31:07,219]-[INFO]: Epoch: 72/100	Train Loss:2.2420191764831543
[2022-05-31 09:31:08,495]-[INFO]: Eval Loss:2.240149351266714	Accuracy:0.17396845626891827	Best Accuracy/Epoch:0.22128405289150868/18
[2022-05-31 09:31:15,305]-[INFO]: Epoch: 73/100	Train Loss:2.2422935962677
[2022-05-31 09:31:16,600]-[INFO]: Eval Loss:2.241986714876615	Accuracy:0.17396845626891827	Best Accuracy/Epoch:0.22128405289150868/18
[2022-05-31 09:31:24,288]-[INFO]: Epoch: 74/100	Train Loss:2.2418148517608643
[2022-05-31 09:31:25,793]-[INFO]: Eval Loss:2.237700627400325	Accuracy:0.16433009399394616	Best Accuracy/Epoch:0.22128405289150868/18
[2022-05-31 09:31:32,749]-[INFO]: Epoch: 75/100	Train Loss:2.242098569869995
[2022-05-31 09:31:34,063]-[INFO]: Eval Loss:2.2448283709012546	Accuracy:0.17006531782698742	Best Accuracy/Epoch:0.22128405289150868/18
[2022-05-31 09:31:41,468]-[INFO]: Epoch: 76/100	Train Loss:2.241554021835327
[2022-05-31 09:31:42,988]-[INFO]: Eval Loss:2.2411398520836463	Accuracy:0.17412776804205832	Best Accuracy/Epoch:0.22128405289150868/18
[2022-05-31 09:31:50,543]-[INFO]: Epoch: 77/100	Train Loss:2.2416434288024902
[2022-05-31 09:31:51,825]-[INFO]: Eval Loss:2.2420241099137526	Accuracy:0.17030428548669746	Best Accuracy/Epoch:0.22128405289150868/18
[2022-05-31 09:31:59,403]-[INFO]: Epoch: 78/100	Train Loss:2.2494959831237793
[2022-05-31 09:32:00,781]-[INFO]: Eval Loss:2.2530390299283543	Accuracy:0.16711805002389676	Best Accuracy/Epoch:0.22128405289150868/18
[2022-05-31 09:32:07,893]-[INFO]: Epoch: 79/100	Train Loss:2.243436574935913
[2022-05-31 09:32:09,236]-[INFO]: Eval Loss:2.2411327912257266	Accuracy:0.1742074239286283	Best Accuracy/Epoch:0.22128405289150868/18
[2022-05-31 09:32:16,753]-[INFO]: Epoch: 80/100	Train Loss:2.241663694381714
[2022-05-31 09:32:18,115]-[INFO]: Eval Loss:2.2439139439509463	Accuracy:0.17468535924804843	Best Accuracy/Epoch:0.22128405289150868/18
[2022-05-31 09:32:25,779]-[INFO]: Epoch: 81/100	Train Loss:2.24153470993042
[2022-05-31 09:32:27,101]-[INFO]: Eval Loss:2.241117990933932	Accuracy:0.17492432690775847	Best Accuracy/Epoch:0.22128405289150868/18
[2022-05-31 09:32:34,817]-[INFO]: Epoch: 82/100	Train Loss:2.2412807941436768
[2022-05-31 09:32:36,302]-[INFO]: Eval Loss:2.2429310175088735	Accuracy:0.17492432690775847	Best Accuracy/Epoch:0.22128405289150868/18
[2022-05-31 09:32:43,338]-[INFO]: Epoch: 83/100	Train Loss:2.2415459156036377
[2022-05-31 09:32:44,571]-[INFO]: Eval Loss:2.239881148705116	Accuracy:0.17508363868089852	Best Accuracy/Epoch:0.22128405289150868/18
[2022-05-31 09:32:51,358]-[INFO]: Epoch: 84/100	Train Loss:2.241586446762085
[2022-05-31 09:32:52,545]-[INFO]: Eval Loss:2.241536232141348	Accuracy:0.17524295045403857	Best Accuracy/Epoch:0.22128405289150868/18
[2022-05-31 09:32:59,183]-[INFO]: Epoch: 85/100	Train Loss:2.24117374420166
[2022-05-31 09:33:00,489]-[INFO]: Eval Loss:2.242825508117676	Accuracy:0.17524295045403857	Best Accuracy/Epoch:0.22128405289150868/18
[2022-05-31 09:33:07,372]-[INFO]: Epoch: 86/100	Train Loss:2.241353988647461
[2022-05-31 09:33:08,936]-[INFO]: Eval Loss:2.2426317104926476	Accuracy:0.1714194678986777	Best Accuracy/Epoch:0.22128405289150868/18
[2022-05-31 09:33:16,361]-[INFO]: Epoch: 87/100	Train Loss:2.2428133487701416
[2022-05-31 09:33:17,847]-[INFO]: Eval Loss:2.2507406014662523	Accuracy:0.17118050023896766	Best Accuracy/Epoch:0.22128405289150868/18
[2022-05-31 09:33:24,947]-[INFO]: Epoch: 88/100	Train Loss:2.243825912475586
[2022-05-31 09:33:26,223]-[INFO]: Eval Loss:2.241564934070294	Accuracy:0.17412776804205832	Best Accuracy/Epoch:0.22128405289150868/18
[2022-05-31 09:33:33,031]-[INFO]: Epoch: 89/100	Train Loss:2.2427003383636475
[2022-05-31 09:33:34,269]-[INFO]: Eval Loss:2.2445763991429257	Accuracy:0.17428707981519834	Best Accuracy/Epoch:0.22128405289150868/18
[2022-05-31 09:33:40,816]-[INFO]: Epoch: 90/100	Train Loss:2.241813898086548
[2022-05-31 09:33:41,981]-[INFO]: Eval Loss:2.2439928238208475	Accuracy:0.1754819181137486	Best Accuracy/Epoch:0.22128405289150868/18
[2022-05-31 09:33:48,626]-[INFO]: Epoch: 91/100	Train Loss:2.241408348083496
[2022-05-31 09:33:49,889]-[INFO]: Eval Loss:2.241382984014658	Accuracy:0.17611916520630874	Best Accuracy/Epoch:0.22128405289150868/18
[2022-05-31 09:33:56,805]-[INFO]: Epoch: 92/100	Train Loss:2.2412257194519043
[2022-05-31 09:33:58,255]-[INFO]: Eval Loss:2.2407520367549014	Accuracy:0.17603950931973872	Best Accuracy/Epoch:0.22128405289150868/18
[2022-05-31 09:34:05,353]-[INFO]: Epoch: 93/100	Train Loss:2.241037130355835
[2022-05-31 09:34:06,627]-[INFO]: Eval Loss:2.2407294053297777	Accuracy:0.1777122829377091	Best Accuracy/Epoch:0.22128405289150868/18
[2022-05-31 09:34:13,713]-[INFO]: Epoch: 94/100	Train Loss:2.240448474884033
[2022-05-31 09:34:15,031]-[INFO]: Eval Loss:2.239771714577308	Accuracy:0.1790664330093994	Best Accuracy/Epoch:0.22128405289150868/18
[2022-05-31 09:34:22,734]-[INFO]: Epoch: 95/100	Train Loss:2.242327928543091
[2022-05-31 09:34:24,187]-[INFO]: Eval Loss:2.2452507936037502	Accuracy:0.17603950931973872	Best Accuracy/Epoch:0.22128405289150868/18
[2022-05-31 09:34:31,756]-[INFO]: Epoch: 96/100	Train Loss:2.242431163787842
[2022-05-31 09:34:33,437]-[INFO]: Eval Loss:2.2432065193469706	Accuracy:0.17261430619722798	Best Accuracy/Epoch:0.22128405289150868/18
[2022-05-31 09:34:40,826]-[INFO]: Epoch: 97/100	Train Loss:2.2413411140441895
[2022-05-31 09:34:42,134]-[INFO]: Eval Loss:2.24164394231943	Accuracy:0.17691572407200892	Best Accuracy/Epoch:0.22128405289150868/18
[2022-05-31 09:34:48,835]-[INFO]: Epoch: 98/100	Train Loss:2.2412500381469727
[2022-05-31 09:34:50,129]-[INFO]: Eval Loss:2.241632810005775	Accuracy:0.17691572407200892	Best Accuracy/Epoch:0.22128405289150868/18
[2022-05-31 09:34:56,927]-[INFO]: Epoch: 99/100	Train Loss:2.2408385276794434
[2022-05-31 09:34:58,322]-[INFO]: Eval Loss:2.2417856546548696	Accuracy:0.17667675641229888	Best Accuracy/Epoch:0.22128405289150868/18
[2022-05-31 09:35:05,607]-[INFO]: Epoch: 100/100	Train Loss:2.240889310836792
[2022-05-31 09:35:06,954]-[INFO]: Eval Loss:2.243276761128352	Accuracy:0.1758801975465987	Best Accuracy/Epoch:0.22128405289150868/18
[2022-05-31 09:35:06,955]-[INFO]: Train Phase Over	Best Accuracy/Epoch:0.22128405289150868/18
[2022-06-04 15:07:38,922]-[INFO]: Best Epoch Test Loss:2.2012503147125244	Accuracy:0.21919553962564714	Recall:0.1376	F1:0.06500583575694521
[2022-06-04 15:07:39,917]-[INFO]: Last Epoch Test Loss:2.238433837890625	Accuracy:0.17968936678614097	Recall:0.11279999999999998	F1:0.048923517549296115
