[2022-05-30 22:56:49,843]-[INFO]: Task:shopping	Model:GRU	Batch Size:1024	Total Epoch:100	Start Epoch:0
[2022-05-30 22:56:51,387]-[INFO]: Embedding Found
[2022-05-30 22:56:51,797]-[INFO]: Embedding Load Over
[2022-05-30 22:56:51,798]-[INFO]: Train From Beginning
[2022-05-30 22:57:50,664]-[INFO]: Epoch: 1/100	Train Loss:2.263789415359497
[2022-05-30 22:57:53,152]-[INFO]: Eval Loss:2.2494864647205057	Accuracy:0.15931177314003506	Best Accuracy/Epoch:0.15931177314003506/1
[2022-05-30 22:58:08,171]-[INFO]: Epoch: 2/100	Train Loss:2.2496654987335205
[2022-05-30 22:58:10,659]-[INFO]: Eval Loss:2.2412901658278246	Accuracy:0.3053210132228772	Best Accuracy/Epoch:0.3053210132228772/2
[2022-05-30 22:58:25,195]-[INFO]: Epoch: 3/100	Train Loss:2.209306001663208
[2022-05-30 22:58:27,632]-[INFO]: Eval Loss:2.133067699579092	Accuracy:0.29297435080452444	Best Accuracy/Epoch:0.3053210132228772/2
[2022-05-30 22:58:42,645]-[INFO]: Epoch: 4/100	Train Loss:2.1428661346435547
[2022-05-30 22:58:45,179]-[INFO]: Eval Loss:2.120443738423861	Accuracy:0.27975147363390157	Best Accuracy/Epoch:0.3053210132228772/2
[2022-05-30 22:59:00,009]-[INFO]: Epoch: 5/100	Train Loss:2.135197877883911
[2022-05-30 22:59:02,561]-[INFO]: Eval Loss:2.103320736151475	Accuracy:0.29209813605225426	Best Accuracy/Epoch:0.3053210132228772/2
[2022-05-30 22:59:17,544]-[INFO]: Epoch: 6/100	Train Loss:2.127697706222534
[2022-05-30 22:59:20,234]-[INFO]: Eval Loss:2.1021098540379453	Accuracy:0.29217779193882426	Best Accuracy/Epoch:0.3053210132228772/2
[2022-05-30 22:59:35,439]-[INFO]: Epoch: 7/100	Train Loss:2.126166820526123
[2022-05-30 22:59:38,091]-[INFO]: Eval Loss:2.100075281583346	Accuracy:0.29329297435080454	Best Accuracy/Epoch:0.3053210132228772/2
[2022-05-30 22:59:53,544]-[INFO]: Epoch: 8/100	Train Loss:2.123647451400757
[2022-05-30 22:59:56,181]-[INFO]: Eval Loss:2.0912931974117575	Accuracy:0.2987095746375657	Best Accuracy/Epoch:0.3053210132228772/2
[2022-05-30 23:00:11,568]-[INFO]: Epoch: 9/100	Train Loss:2.123173236846924
[2022-05-30 23:00:14,233]-[INFO]: Eval Loss:2.0933078802548923	Accuracy:0.2976740481121555	Best Accuracy/Epoch:0.3053210132228772/2
[2022-05-30 23:00:29,670]-[INFO]: Epoch: 10/100	Train Loss:2.122593402862549
[2022-05-30 23:00:32,283]-[INFO]: Eval Loss:2.09175260250385	Accuracy:0.2978333598852955	Best Accuracy/Epoch:0.3053210132228772/2
[2022-05-30 23:00:48,174]-[INFO]: Epoch: 11/100	Train Loss:2.1219420433044434
[2022-05-30 23:00:51,074]-[INFO]: Eval Loss:2.0903582848035374	Accuracy:0.3005416600286761	Best Accuracy/Epoch:0.3053210132228772/2
[2022-05-30 23:01:07,039]-[INFO]: Epoch: 12/100	Train Loss:2.1175453662872314
[2022-05-30 23:01:09,753]-[INFO]: Eval Loss:2.085346322793227	Accuracy:0.30428548669746697	Best Accuracy/Epoch:0.3053210132228772/2
[2022-05-30 23:01:26,015]-[INFO]: Epoch: 13/100	Train Loss:2.128098964691162
[2022-05-30 23:01:28,673]-[INFO]: Eval Loss:2.130420831533579	Accuracy:0.2901067388880038	Best Accuracy/Epoch:0.3053210132228772/2
[2022-05-30 23:01:44,460]-[INFO]: Epoch: 14/100	Train Loss:2.149965286254883
[2022-05-30 23:01:47,111]-[INFO]: Eval Loss:2.0992174607056837	Accuracy:0.37613509638362275	Best Accuracy/Epoch:0.37613509638362275/14
[2022-05-30 23:02:02,938]-[INFO]: Epoch: 15/100	Train Loss:2.0990560054779053
[2022-05-30 23:02:05,721]-[INFO]: Eval Loss:2.0273022101475644	Accuracy:0.3982794328500876	Best Accuracy/Epoch:0.3982794328500876/15
[2022-05-30 23:02:21,378]-[INFO]: Epoch: 16/100	Train Loss:1.9927787780761719
[2022-05-30 23:02:24,123]-[INFO]: Eval Loss:1.9202255652501032	Accuracy:0.531782698741437	Best Accuracy/Epoch:0.531782698741437/16
[2022-05-30 23:02:39,990]-[INFO]: Epoch: 17/100	Train Loss:1.948251724243164
[2022-05-30 23:02:42,732]-[INFO]: Eval Loss:1.9376375125004694	Accuracy:0.5109128564600924	Best Accuracy/Epoch:0.531782698741437/16
[2022-05-30 23:02:58,983]-[INFO]: Epoch: 18/100	Train Loss:1.968193531036377
[2022-05-30 23:03:01,684]-[INFO]: Eval Loss:1.9485738277435303	Accuracy:0.50007965588657	Best Accuracy/Epoch:0.531782698741437/16
[2022-05-30 23:03:17,728]-[INFO]: Epoch: 19/100	Train Loss:1.9476238489151
[2022-05-30 23:03:20,478]-[INFO]: Eval Loss:1.9183948498505812	Accuracy:0.5218257129201848	Best Accuracy/Epoch:0.531782698741437/16
[2022-05-30 23:03:36,423]-[INFO]: Epoch: 20/100	Train Loss:1.9291353225708008
[2022-05-30 23:03:39,243]-[INFO]: Eval Loss:1.9104117888670702	Accuracy:0.5289947427114864	Best Accuracy/Epoch:0.531782698741437/16
[2022-05-30 23:03:55,362]-[INFO]: Epoch: 21/100	Train Loss:1.9168808460235596
[2022-05-30 23:03:58,071]-[INFO]: Eval Loss:1.900022341654851	Accuracy:0.5348892783176676	Best Accuracy/Epoch:0.5348892783176676/21
[2022-05-30 23:04:14,510]-[INFO]: Epoch: 22/100	Train Loss:1.912494421005249
[2022-05-30 23:04:17,735]-[INFO]: Eval Loss:1.899234258211576	Accuracy:0.536402740162498	Best Accuracy/Epoch:0.536402740162498/22
[2022-05-30 23:04:35,946]-[INFO]: Epoch: 23/100	Train Loss:1.90964674949646
[2022-05-30 23:04:39,187]-[INFO]: Eval Loss:1.8976807502599864	Accuracy:0.5369603313684881	Best Accuracy/Epoch:0.5369603313684881/23
[2022-05-30 23:04:56,900]-[INFO]: Epoch: 24/100	Train Loss:1.9132921695709229
[2022-05-30 23:04:59,711]-[INFO]: Eval Loss:1.8937532993463368	Accuracy:0.5387127608730286	Best Accuracy/Epoch:0.5387127608730286/24
[2022-05-30 23:05:16,384]-[INFO]: Epoch: 25/100	Train Loss:1.9097280502319336
[2022-05-30 23:05:19,099]-[INFO]: Eval Loss:1.893802862900954	Accuracy:0.5366417078222081	Best Accuracy/Epoch:0.5387127608730286/24
[2022-05-30 23:05:35,201]-[INFO]: Epoch: 26/100	Train Loss:1.9063262939453125
[2022-05-30 23:05:37,954]-[INFO]: Eval Loss:1.8900115765058076	Accuracy:0.5433328022940895	Best Accuracy/Epoch:0.5433328022940895/26
[2022-05-30 23:05:53,839]-[INFO]: Epoch: 27/100	Train Loss:1.8991456031799316
[2022-05-30 23:05:57,586]-[INFO]: Eval Loss:1.8832967831538274	Accuracy:0.5962243109765811	Best Accuracy/Epoch:0.5962243109765811/27
[2022-05-30 23:06:15,983]-[INFO]: Epoch: 28/100	Train Loss:1.8793085813522339
[2022-05-30 23:06:19,249]-[INFO]: Eval Loss:1.8501091737013597	Accuracy:0.6215548829058467	Best Accuracy/Epoch:0.6215548829058467/28
[2022-05-30 23:06:35,517]-[INFO]: Epoch: 29/100	Train Loss:1.8610858917236328
[2022-05-30 23:06:38,227]-[INFO]: Eval Loss:1.8416034074930043	Accuracy:0.622510753544687	Best Accuracy/Epoch:0.622510753544687/29
[2022-05-30 23:06:54,464]-[INFO]: Epoch: 30/100	Train Loss:1.8351364135742188
[2022-05-30 23:06:57,192]-[INFO]: Eval Loss:1.8219215961603017	Accuracy:0.6333439541182093	Best Accuracy/Epoch:0.6333439541182093/30
[2022-05-30 23:07:15,400]-[INFO]: Epoch: 31/100	Train Loss:1.823012351989746
[2022-05-30 23:07:18,495]-[INFO]: Eval Loss:1.8109441078626192	Accuracy:0.6406722956826509	Best Accuracy/Epoch:0.6406722956826509/31
[2022-05-30 23:07:35,318]-[INFO]: Epoch: 32/100	Train Loss:1.8379343748092651
[2022-05-30 23:07:38,153]-[INFO]: Eval Loss:1.8236107917932363	Accuracy:0.6255376772343476	Best Accuracy/Epoch:0.6406722956826509/31
[2022-05-30 23:07:54,160]-[INFO]: Epoch: 33/100	Train Loss:1.8316084146499634
[2022-05-30 23:07:57,211]-[INFO]: Eval Loss:1.8089724779129028	Accuracy:0.6401943603632309	Best Accuracy/Epoch:0.6406722956826509/31
[2022-05-30 23:08:15,259]-[INFO]: Epoch: 34/100	Train Loss:1.8217473030090332
[2022-05-30 23:08:18,018]-[INFO]: Eval Loss:1.8099465920374944	Accuracy:0.641229886888641	Best Accuracy/Epoch:0.641229886888641/34
[2022-05-30 23:08:34,028]-[INFO]: Epoch: 35/100	Train Loss:1.8140925168991089
[2022-05-30 23:08:36,821]-[INFO]: Eval Loss:1.8090963730445275	Accuracy:0.6436992193723116	Best Accuracy/Epoch:0.6436992193723116/35
[2022-05-30 23:08:52,992]-[INFO]: Epoch: 36/100	Train Loss:1.8044745922088623
[2022-05-30 23:08:55,948]-[INFO]: Eval Loss:1.803611865410438	Accuracy:0.6480802931336626	Best Accuracy/Epoch:0.6480802931336626/36
[2022-05-30 23:09:14,510]-[INFO]: Epoch: 37/100	Train Loss:1.8004095554351807
[2022-05-30 23:09:17,336]-[INFO]: Eval Loss:1.8073467199619	Accuracy:0.6466464871754023	Best Accuracy/Epoch:0.6480802931336626/36
[2022-05-30 23:09:33,362]-[INFO]: Epoch: 38/100	Train Loss:1.801763892173767
[2022-05-30 23:09:36,084]-[INFO]: Eval Loss:1.8128208105380719	Accuracy:0.641150231002071	Best Accuracy/Epoch:0.6480802931336626/36
[2022-05-30 23:09:52,069]-[INFO]: Epoch: 39/100	Train Loss:1.8031307458877563
[2022-05-30 23:09:54,866]-[INFO]: Eval Loss:1.8125564868633564	Accuracy:0.640990919228931	Best Accuracy/Epoch:0.6480802931336626/36
[2022-05-30 23:10:11,041]-[INFO]: Epoch: 40/100	Train Loss:1.8001434803009033
[2022-05-30 23:10:13,774]-[INFO]: Eval Loss:1.808073218052204	Accuracy:0.6452923371037119	Best Accuracy/Epoch:0.6480802931336626/36
[2022-05-30 23:10:29,828]-[INFO]: Epoch: 41/100	Train Loss:1.8031129837036133
[2022-05-30 23:10:32,646]-[INFO]: Eval Loss:1.8442939244783843	Accuracy:0.6061812967978334	Best Accuracy/Epoch:0.6480802931336626/36
[2022-05-30 23:10:48,674]-[INFO]: Epoch: 42/100	Train Loss:1.8302699327468872
[2022-05-30 23:10:51,405]-[INFO]: Eval Loss:1.820898487017705	Accuracy:0.6337422335510594	Best Accuracy/Epoch:0.6480802931336626/36
[2022-05-30 23:11:07,657]-[INFO]: Epoch: 43/100	Train Loss:1.8135030269622803
[2022-05-30 23:11:10,421]-[INFO]: Eval Loss:1.810814646574167	Accuracy:0.6426636928469014	Best Accuracy/Epoch:0.6480802931336626/36
[2022-05-30 23:11:26,501]-[INFO]: Epoch: 44/100	Train Loss:1.8050754070281982
[2022-05-30 23:11:29,289]-[INFO]: Eval Loss:1.8119709491729736	Accuracy:0.6419467898677712	Best Accuracy/Epoch:0.6480802931336626/36
[2022-05-30 23:11:45,543]-[INFO]: Epoch: 45/100	Train Loss:1.8101145029067993
[2022-05-30 23:11:48,248]-[INFO]: Eval Loss:1.8094044556984534	Accuracy:0.6447347458977218	Best Accuracy/Epoch:0.6480802931336626/36
[2022-05-30 23:12:04,317]-[INFO]: Epoch: 46/100	Train Loss:1.8031929731369019
[2022-05-30 23:12:07,196]-[INFO]: Eval Loss:1.8075210039432232	Accuracy:0.6459295841962721	Best Accuracy/Epoch:0.6480802931336626/36
[2022-05-30 23:12:23,290]-[INFO]: Epoch: 47/100	Train Loss:1.8015700578689575
[2022-05-30 23:12:26,043]-[INFO]: Eval Loss:1.808888343664316	Accuracy:0.6444161223514417	Best Accuracy/Epoch:0.6480802931336626/36
[2022-05-30 23:12:42,171]-[INFO]: Epoch: 48/100	Train Loss:1.8026055097579956
[2022-05-30 23:12:44,935]-[INFO]: Eval Loss:1.8094709836519682	Accuracy:0.6441771546917318	Best Accuracy/Epoch:0.6480802931336626/36
[2022-05-30 23:13:01,079]-[INFO]: Epoch: 49/100	Train Loss:1.799368977546692
[2022-05-30 23:13:03,925]-[INFO]: Eval Loss:1.808858898969797	Accuracy:0.6436992193723116	Best Accuracy/Epoch:0.6480802931336626/36
[2022-05-30 23:13:19,943]-[INFO]: Epoch: 50/100	Train Loss:1.7989304065704346
[2022-05-30 23:13:22,579]-[INFO]: Eval Loss:1.8114191752213697	Accuracy:0.6417874780946312	Best Accuracy/Epoch:0.6480802931336626/36
[2022-05-30 23:13:38,513]-[INFO]: Epoch: 51/100	Train Loss:1.7970472574234009
[2022-05-30 23:13:41,363]-[INFO]: Eval Loss:1.8095702208005464	Accuracy:0.6432212840528915	Best Accuracy/Epoch:0.6480802931336626/36
[2022-05-30 23:13:57,313]-[INFO]: Epoch: 52/100	Train Loss:1.7954519987106323
[2022-05-30 23:14:00,135]-[INFO]: Eval Loss:1.810596044246967	Accuracy:0.6419467898677712	Best Accuracy/Epoch:0.6480802931336626/36
[2022-05-30 23:14:16,218]-[INFO]: Epoch: 53/100	Train Loss:1.7992558479309082
[2022-05-30 23:14:18,986]-[INFO]: Eval Loss:1.8122561894930327	Accuracy:0.6413891986617811	Best Accuracy/Epoch:0.6480802931336626/36
[2022-05-30 23:14:35,100]-[INFO]: Epoch: 54/100	Train Loss:1.796128749847412
[2022-05-30 23:14:38,008]-[INFO]: Eval Loss:1.8112605810165405	Accuracy:0.6424247251871913	Best Accuracy/Epoch:0.6480802931336626/36
[2022-05-30 23:14:54,107]-[INFO]: Epoch: 55/100	Train Loss:1.791884422302246
[2022-05-30 23:14:56,855]-[INFO]: Eval Loss:1.8051127470456636	Accuracy:0.6482396049068027	Best Accuracy/Epoch:0.6482396049068027/55
[2022-05-30 23:15:12,989]-[INFO]: Epoch: 56/100	Train Loss:1.7882944345474243
[2022-05-30 23:15:15,820]-[INFO]: Eval Loss:1.8069697251686683	Accuracy:0.6467261430619723	Best Accuracy/Epoch:0.6482396049068027/55
[2022-05-30 23:15:31,880]-[INFO]: Epoch: 57/100	Train Loss:1.7877768278121948
[2022-05-30 23:15:34,681]-[INFO]: Eval Loss:1.805777173775893	Accuracy:0.6452126812171419	Best Accuracy/Epoch:0.6482396049068027/55
[2022-05-30 23:15:50,858]-[INFO]: Epoch: 58/100	Train Loss:1.798558235168457
[2022-05-30 23:15:53,680]-[INFO]: Eval Loss:1.817624046252324	Accuracy:0.6374860602198502	Best Accuracy/Epoch:0.6482396049068027/55
[2022-05-30 23:16:09,827]-[INFO]: Epoch: 59/100	Train Loss:1.7901114225387573
[2022-05-30 23:16:12,546]-[INFO]: Eval Loss:1.803696559025691	Accuracy:0.6491954755456428	Best Accuracy/Epoch:0.6491954755456428/59
[2022-05-30 23:16:29,106]-[INFO]: Epoch: 60/100	Train Loss:1.7835172414779663
[2022-05-30 23:16:31,842]-[INFO]: Eval Loss:1.8054621127935557	Accuracy:0.6469651107216823	Best Accuracy/Epoch:0.6491954755456428/59
[2022-05-30 23:16:48,378]-[INFO]: Epoch: 61/100	Train Loss:1.7818387746810913
[2022-05-30 23:16:51,188]-[INFO]: Eval Loss:1.8017585369256826	Accuracy:0.6505496256173331	Best Accuracy/Epoch:0.6505496256173331/61
[2022-05-30 23:17:07,481]-[INFO]: Epoch: 62/100	Train Loss:1.7790249586105347
[2022-05-30 23:17:10,414]-[INFO]: Eval Loss:1.8010981724812434	Accuracy:0.6513461844830333	Best Accuracy/Epoch:0.6513461844830333/62
[2022-05-30 23:17:26,816]-[INFO]: Epoch: 63/100	Train Loss:1.7895781993865967
[2022-05-30 23:17:30,082]-[INFO]: Eval Loss:1.8341693419676561	Accuracy:0.6245021507089374	Best Accuracy/Epoch:0.6513461844830333/62
[2022-05-30 23:17:46,625]-[INFO]: Epoch: 64/100	Train Loss:1.8010679483413696
[2022-05-30 23:17:49,423]-[INFO]: Eval Loss:1.82308475787823	Accuracy:0.6331049864584993	Best Accuracy/Epoch:0.6513461844830333/62
[2022-05-30 23:18:05,904]-[INFO]: Epoch: 65/100	Train Loss:1.7847678661346436
[2022-05-30 23:18:08,710]-[INFO]: Eval Loss:1.8125708561677198	Accuracy:0.6580372789549148	Best Accuracy/Epoch:0.6580372789549148/65
[2022-05-30 23:18:24,976]-[INFO]: Epoch: 66/100	Train Loss:1.773830771446228
[2022-05-30 23:18:27,735]-[INFO]: Eval Loss:1.7806397859866803	Accuracy:0.6810578301736498	Best Accuracy/Epoch:0.6810578301736498/66
[2022-05-30 23:18:44,075]-[INFO]: Epoch: 67/100	Train Loss:1.7473200559616089
[2022-05-30 23:18:46,972]-[INFO]: Eval Loss:1.7747309574714074	Accuracy:0.6854389039350008	Best Accuracy/Epoch:0.6854389039350008/67
[2022-05-30 23:19:03,200]-[INFO]: Epoch: 68/100	Train Loss:1.7917592525482178
[2022-05-30 23:19:05,985]-[INFO]: Eval Loss:1.8460906560604389	Accuracy:0.608969252827784	Best Accuracy/Epoch:0.6854389039350008/67
[2022-05-30 23:19:22,242]-[INFO]: Epoch: 69/100	Train Loss:1.7943555116653442
[2022-05-30 23:19:25,087]-[INFO]: Eval Loss:1.7797177113019502	Accuracy:0.6788274653496893	Best Accuracy/Epoch:0.6854389039350008/67
[2022-05-30 23:19:41,477]-[INFO]: Epoch: 70/100	Train Loss:1.7677501440048218
[2022-05-30 23:19:44,321]-[INFO]: Eval Loss:1.7747274820621197	Accuracy:0.6836864744304604	Best Accuracy/Epoch:0.6854389039350008/67
[2022-05-30 23:20:00,688]-[INFO]: Epoch: 71/100	Train Loss:1.7690935134887695
[2022-05-30 23:20:03,731]-[INFO]: Eval Loss:1.7729623409417958	Accuracy:0.6848016568424407	Best Accuracy/Epoch:0.6854389039350008/67
[2022-05-30 23:20:22,701]-[INFO]: Epoch: 72/100	Train Loss:1.7680237293243408
[2022-05-30 23:20:25,799]-[INFO]: Eval Loss:1.7688154807457557	Accuracy:0.6884658276246615	Best Accuracy/Epoch:0.6884658276246615/72
[2022-05-30 23:20:42,122]-[INFO]: Epoch: 73/100	Train Loss:1.761339783668518
[2022-05-30 23:20:44,923]-[INFO]: Eval Loss:1.7682599104367769	Accuracy:0.6895810100366417	Best Accuracy/Epoch:0.6895810100366417/73
[2022-05-30 23:21:02,135]-[INFO]: Epoch: 74/100	Train Loss:1.7565507888793945
[2022-05-30 23:21:05,461]-[INFO]: Eval Loss:1.7682052300526545	Accuracy:0.6887844511709416	Best Accuracy/Epoch:0.6895810100366417/73
[2022-05-30 23:21:23,173]-[INFO]: Epoch: 75/100	Train Loss:1.7642974853515625
[2022-05-30 23:21:26,128]-[INFO]: Eval Loss:1.778341109936054	Accuracy:0.6789071212362594	Best Accuracy/Epoch:0.6895810100366417/73
[2022-05-30 23:21:42,624]-[INFO]: Epoch: 76/100	Train Loss:1.7563998699188232
[2022-05-30 23:21:45,461]-[INFO]: Eval Loss:1.7654263239640455	Accuracy:0.6927672454994425	Best Accuracy/Epoch:0.6927672454994425/76
[2022-05-30 23:22:02,779]-[INFO]: Epoch: 77/100	Train Loss:1.751435399055481
[2022-05-30 23:22:06,064]-[INFO]: Eval Loss:1.7662467039548433	Accuracy:0.691014815994902	Best Accuracy/Epoch:0.6927672454994425/76
[2022-05-30 23:22:23,460]-[INFO]: Epoch: 78/100	Train Loss:1.7529395818710327
[2022-05-30 23:22:26,208]-[INFO]: Eval Loss:1.771122666505667	Accuracy:0.6853592480484307	Best Accuracy/Epoch:0.6927672454994425/76
[2022-05-30 23:22:42,500]-[INFO]: Epoch: 79/100	Train Loss:1.7787847518920898
[2022-05-30 23:22:45,342]-[INFO]: Eval Loss:1.7913719690763032	Accuracy:0.6646487175402263	Best Accuracy/Epoch:0.6927672454994425/76
[2022-05-30 23:23:01,683]-[INFO]: Epoch: 80/100	Train Loss:1.765952706336975
[2022-05-30 23:23:04,645]-[INFO]: Eval Loss:1.7884373664855957	Accuracy:0.6601879878923053	Best Accuracy/Epoch:0.6927672454994425/76
[2022-05-30 23:23:20,808]-[INFO]: Epoch: 81/100	Train Loss:1.8174880743026733
[2022-05-30 23:23:23,600]-[INFO]: Eval Loss:1.7721271973389845	Accuracy:0.6757208857734587	Best Accuracy/Epoch:0.6927672454994425/76
[2022-05-30 23:23:39,929]-[INFO]: Epoch: 82/100	Train Loss:1.7600737810134888
[2022-05-30 23:23:42,627]-[INFO]: Eval Loss:1.774974795488211	Accuracy:0.672454994424088	Best Accuracy/Epoch:0.6927672454994425/76
[2022-05-30 23:23:58,854]-[INFO]: Epoch: 83/100	Train Loss:1.7694571018218994
[2022-05-30 23:24:01,660]-[INFO]: Eval Loss:1.7686051863890428	Accuracy:0.6793850565556795	Best Accuracy/Epoch:0.6927672454994425/76
[2022-05-30 23:24:18,011]-[INFO]: Epoch: 84/100	Train Loss:1.7564185857772827
[2022-05-30 23:24:20,945]-[INFO]: Eval Loss:1.7570638564916758	Accuracy:0.6904572247889119	Best Accuracy/Epoch:0.6927672454994425/76
[2022-05-30 23:24:37,235]-[INFO]: Epoch: 85/100	Train Loss:1.7888423204421997
[2022-05-30 23:24:40,077]-[INFO]: Eval Loss:1.8712471906955426	Accuracy:0.5674685359248048	Best Accuracy/Epoch:0.6927672454994425/76
[2022-05-30 23:24:56,436]-[INFO]: Epoch: 86/100	Train Loss:1.8088148832321167
[2022-05-30 23:24:59,272]-[INFO]: Eval Loss:1.7624471554389367	Accuracy:0.6858371833678509	Best Accuracy/Epoch:0.6927672454994425/76
[2022-05-30 23:25:15,510]-[INFO]: Epoch: 87/100	Train Loss:1.7584006786346436
[2022-05-30 23:25:18,265]-[INFO]: Eval Loss:1.7514192966314464	Accuracy:0.6964314162816632	Best Accuracy/Epoch:0.6964314162816632/87
[2022-05-30 23:25:34,650]-[INFO]: Epoch: 88/100	Train Loss:1.7501864433288574
[2022-05-30 23:25:37,348]-[INFO]: Eval Loss:1.7524967101904063	Accuracy:0.6957941691891031	Best Accuracy/Epoch:0.6964314162816632/87
[2022-05-30 23:25:53,608]-[INFO]: Epoch: 89/100	Train Loss:1.7529898881912231
[2022-05-30 23:25:56,529]-[INFO]: Eval Loss:1.7523862215188832	Accuracy:0.6964314162816632	Best Accuracy/Epoch:0.6964314162816632/87
[2022-05-30 23:26:12,739]-[INFO]: Epoch: 90/100	Train Loss:1.7494333982467651
[2022-05-30 23:26:15,603]-[INFO]: Eval Loss:1.7507182634793794	Accuracy:0.6986617811056237	Best Accuracy/Epoch:0.6986617811056237/90
[2022-05-30 23:26:31,871]-[INFO]: Epoch: 91/100	Train Loss:1.7469433546066284
[2022-05-30 23:26:34,788]-[INFO]: Eval Loss:1.7559680388523982	Accuracy:0.6921299984068823	Best Accuracy/Epoch:0.6986617811056237/90
[2022-05-30 23:26:51,172]-[INFO]: Epoch: 92/100	Train Loss:1.7542190551757812
[2022-05-30 23:26:53,909]-[INFO]: Eval Loss:1.754552382689256	Accuracy:0.6940417396845627	Best Accuracy/Epoch:0.6986617811056237/90
[2022-05-30 23:27:10,378]-[INFO]: Epoch: 93/100	Train Loss:1.7483199834823608
[2022-05-30 23:27:13,268]-[INFO]: Eval Loss:1.7500128287535448	Accuracy:0.6982635016727736	Best Accuracy/Epoch:0.6986617811056237/90
[2022-05-30 23:27:29,435]-[INFO]: Epoch: 94/100	Train Loss:1.741494059562683
[2022-05-30 23:27:32,223]-[INFO]: Eval Loss:1.7476099637838511	Accuracy:0.7004142106101641	Best Accuracy/Epoch:0.7004142106101641/94
[2022-05-30 23:27:48,684]-[INFO]: Epoch: 95/100	Train Loss:1.7382557392120361
[2022-05-30 23:27:51,459]-[INFO]: Eval Loss:1.7454252334741445	Accuracy:0.7029631989804046	Best Accuracy/Epoch:0.7029631989804046/95
[2022-05-30 23:28:07,761]-[INFO]: Epoch: 96/100	Train Loss:1.7390235662460327
[2022-05-30 23:28:10,550]-[INFO]: Eval Loss:1.7501463614977324	Accuracy:0.6983431575593436	Best Accuracy/Epoch:0.7029631989804046/95
[2022-05-30 23:28:26,778]-[INFO]: Epoch: 97/100	Train Loss:1.7415740489959717
[2022-05-30 23:28:29,565]-[INFO]: Eval Loss:1.7493826701090887	Accuracy:0.6985821252190537	Best Accuracy/Epoch:0.7029631989804046/95
[2022-05-30 23:28:45,710]-[INFO]: Epoch: 98/100	Train Loss:1.739421010017395
[2022-05-30 23:28:48,577]-[INFO]: Eval Loss:1.7454767410571759	Accuracy:0.7034411342998248	Best Accuracy/Epoch:0.7034411342998248/98
[2022-05-30 23:29:04,839]-[INFO]: Epoch: 99/100	Train Loss:1.7380579710006714
[2022-05-30 23:29:07,586]-[INFO]: Eval Loss:1.7476809391608605	Accuracy:0.7006531782698742	Best Accuracy/Epoch:0.7034411342998248/98
[2022-05-30 23:29:24,082]-[INFO]: Epoch: 100/100	Train Loss:1.741011619567871
[2022-05-30 23:29:26,816]-[INFO]: Eval Loss:1.750964540701646	Accuracy:0.6965907280548033	Best Accuracy/Epoch:0.7034411342998248/98
[2022-05-30 23:29:26,816]-[INFO]: Train Phase Over	Best Accuracy/Epoch:0.7034411342998248/98
[2022-06-04 15:09:04,031]-[INFO]: Best Epoch Test Loss:1.756842851638794	Accuracy:0.6940661091198725	Recall:0.49013625162127106	F1:0.4577386185029466
[2022-06-04 15:09:06,170]-[INFO]: Last Epoch Test Loss:1.7620784044265747	Accuracy:0.6884906411788132	Recall:0.4879911802853437	F1:0.454547683442075
