[2022-05-31 10:29:20,149]-[INFO]: Task:shopping	Model:BiLSTM	Batch Size:512	Total Epoch:100	Start Epoch:0
[2022-05-31 10:29:21,714]-[INFO]: Embedding Found
[2022-05-31 10:29:22,076]-[INFO]: Embedding Load Over
[2022-05-31 10:29:22,077]-[INFO]: Train From Beginning
[2022-05-31 10:31:05,670]-[INFO]: Epoch: 1/100	Train Loss:2.24613356590271
[2022-05-31 10:31:16,082]-[INFO]: Eval Loss:2.1773173713684084	Accuracy:0.3978811534172375	Best Accuracy/Epoch:0.3978811534172375/1
[2022-05-31 10:32:23,504]-[INFO]: Epoch: 2/100	Train Loss:2.077545404434204
[2022-05-31 10:32:34,158]-[INFO]: Eval Loss:2.0052129650115966	Accuracy:0.4483033296160586	Best Accuracy/Epoch:0.4483033296160586/2
[2022-05-31 10:33:45,028]-[INFO]: Epoch: 3/100	Train Loss:1.9802078008651733
[2022-05-31 10:33:56,086]-[INFO]: Eval Loss:1.9083078050613402	Accuracy:0.6118368647443047	Best Accuracy/Epoch:0.6118368647443047/3
[2022-05-31 10:35:04,496]-[INFO]: Epoch: 4/100	Train Loss:1.9046610593795776
[2022-05-31 10:35:16,926]-[INFO]: Eval Loss:1.8656037902832032	Accuracy:0.6124741118368647	Best Accuracy/Epoch:0.6124741118368647/4
[2022-05-31 10:36:26,643]-[INFO]: Epoch: 5/100	Train Loss:1.8579078912734985
[2022-05-31 10:36:38,786]-[INFO]: Eval Loss:1.8356106615066528	Accuracy:0.6393181456109607	Best Accuracy/Epoch:0.6393181456109607/5
[2022-05-31 10:37:50,926]-[INFO]: Epoch: 6/100	Train Loss:1.821486234664917
[2022-05-31 10:38:03,279]-[INFO]: Eval Loss:1.8148052930831908	Accuracy:0.6516648080293134	Best Accuracy/Epoch:0.6516648080293134/6
[2022-05-31 10:39:15,144]-[INFO]: Epoch: 7/100	Train Loss:1.8048063516616821
[2022-05-31 10:39:26,318]-[INFO]: Eval Loss:1.7996052598953247	Accuracy:0.6620200732834156	Best Accuracy/Epoch:0.6620200732834156/7
[2022-05-31 10:40:35,431]-[INFO]: Epoch: 8/100	Train Loss:1.7949573993682861
[2022-05-31 10:40:47,919]-[INFO]: Eval Loss:1.7920270538330079	Accuracy:0.6675959853433169	Best Accuracy/Epoch:0.6675959853433169/8
[2022-05-31 10:41:57,789]-[INFO]: Epoch: 9/100	Train Loss:1.7850301265716553
[2022-05-31 10:42:09,965]-[INFO]: Eval Loss:1.787943811416626	Accuracy:0.6711008443523977	Best Accuracy/Epoch:0.6711008443523977/9
[2022-05-31 10:43:22,138]-[INFO]: Epoch: 10/100	Train Loss:1.7808082103729248
[2022-05-31 10:43:33,351]-[INFO]: Eval Loss:1.7847669887542725	Accuracy:0.672853273856938	Best Accuracy/Epoch:0.672853273856938/10
[2022-05-31 10:44:44,546]-[INFO]: Epoch: 11/100	Train Loss:1.7780048847198486
[2022-05-31 10:44:56,573]-[INFO]: Eval Loss:1.8073150825500488	Accuracy:0.6524613668950136	Best Accuracy/Epoch:0.672853273856938/10
[2022-05-31 10:46:10,801]-[INFO]: Epoch: 12/100	Train Loss:1.786500096321106
[2022-05-31 10:46:22,790]-[INFO]: Eval Loss:1.7797076225280761	Accuracy:0.6761988210928788	Best Accuracy/Epoch:0.6761988210928788/12
[2022-05-31 10:47:36,211]-[INFO]: Epoch: 13/100	Train Loss:1.7685608863830566
[2022-05-31 10:47:48,473]-[INFO]: Eval Loss:1.7781131839752198	Accuracy:0.6781105623705592	Best Accuracy/Epoch:0.6781105623705592/13
[2022-05-31 10:49:01,293]-[INFO]: Epoch: 14/100	Train Loss:1.7621097564697266
[2022-05-31 10:49:13,744]-[INFO]: Eval Loss:1.7749415159225463	Accuracy:0.6801019595348097	Best Accuracy/Epoch:0.6801019595348097/14
[2022-05-31 10:50:31,348]-[INFO]: Epoch: 15/100	Train Loss:1.7583374977111816
[2022-05-31 10:50:43,430]-[INFO]: Eval Loss:1.7751187896728515	Accuracy:0.6797036801019596	Best Accuracy/Epoch:0.6801019595348097/14
[2022-05-31 10:51:55,499]-[INFO]: Epoch: 16/100	Train Loss:1.7570068836212158
[2022-05-31 10:52:08,317]-[INFO]: Eval Loss:1.7778176307678222	Accuracy:0.6770750358451489	Best Accuracy/Epoch:0.6801019595348097/14
[2022-05-31 10:53:22,610]-[INFO]: Epoch: 17/100	Train Loss:1.7518253326416016
[2022-05-31 10:53:35,393]-[INFO]: Eval Loss:1.7748313713073731	Accuracy:0.6800223036482396	Best Accuracy/Epoch:0.6801019595348097/14
[2022-05-31 10:54:49,576]-[INFO]: Epoch: 18/100	Train Loss:1.7493455410003662
[2022-05-31 10:55:01,127]-[INFO]: Eval Loss:1.776693000793457	Accuracy:0.677552971164569	Best Accuracy/Epoch:0.6801019595348097/14
[2022-05-31 10:56:15,701]-[INFO]: Epoch: 19/100	Train Loss:1.747743844985962
[2022-05-31 10:56:28,508]-[INFO]: Eval Loss:1.7700190782546996	Accuracy:0.6841644097498805	Best Accuracy/Epoch:0.6841644097498805/19
[2022-05-31 10:57:40,430]-[INFO]: Epoch: 20/100	Train Loss:1.7430766820907593
[2022-05-31 10:57:52,432]-[INFO]: Eval Loss:1.7672706413269044	Accuracy:0.6841644097498805	Best Accuracy/Epoch:0.6841644097498805/19
[2022-05-31 10:59:04,791]-[INFO]: Epoch: 21/100	Train Loss:1.7263383865356445
[2022-05-31 10:59:18,434]-[INFO]: Eval Loss:1.7456093502044678	Accuracy:0.7204874940258085	Best Accuracy/Epoch:0.7204874940258085/21
[2022-05-31 11:00:35,970]-[INFO]: Epoch: 22/100	Train Loss:1.7079977989196777
[2022-05-31 11:00:48,398]-[INFO]: Eval Loss:1.7310336208343506	Accuracy:0.7299665445276405	Best Accuracy/Epoch:0.7299665445276405/22
[2022-05-31 11:02:04,363]-[INFO]: Epoch: 23/100	Train Loss:1.6947628259658813
[2022-05-31 11:02:17,131]-[INFO]: Eval Loss:1.7276466464996338	Accuracy:0.7325155328978812	Best Accuracy/Epoch:0.7325155328978812/23
[2022-05-31 11:03:32,683]-[INFO]: Epoch: 24/100	Train Loss:1.6891119480133057
[2022-05-31 11:03:44,910]-[INFO]: Eval Loss:1.7250831031799316	Accuracy:0.7330731241038713	Best Accuracy/Epoch:0.7330731241038713/24
[2022-05-31 11:04:53,653]-[INFO]: Epoch: 25/100	Train Loss:1.6854368448257446
[2022-05-31 11:05:05,057]-[INFO]: Eval Loss:1.7199560689926148	Accuracy:0.736339015453242	Best Accuracy/Epoch:0.736339015453242/25
[2022-05-31 11:06:19,663]-[INFO]: Epoch: 26/100	Train Loss:1.6844185590744019
[2022-05-31 11:06:34,439]-[INFO]: Eval Loss:1.72995445728302	Accuracy:0.7268599649514099	Best Accuracy/Epoch:0.736339015453242/25
[2022-05-31 11:07:50,229]-[INFO]: Epoch: 27/100	Train Loss:1.6869533061981201
[2022-05-31 11:08:03,056]-[INFO]: Eval Loss:1.7367190599441529	Accuracy:0.7208061175720886	Best Accuracy/Epoch:0.736339015453242/25
[2022-05-31 11:09:20,357]-[INFO]: Epoch: 28/100	Train Loss:1.6890711784362793
[2022-05-31 11:09:33,387]-[INFO]: Eval Loss:1.7363337898254394	Accuracy:0.7203281822526685	Best Accuracy/Epoch:0.736339015453242/25
[2022-05-31 11:10:47,229]-[INFO]: Epoch: 29/100	Train Loss:1.6898696422576904
[2022-05-31 11:10:58,652]-[INFO]: Eval Loss:1.7194546747207642	Accuracy:0.7366576389995221	Best Accuracy/Epoch:0.7366576389995221/29
[2022-05-31 11:12:09,750]-[INFO]: Epoch: 30/100	Train Loss:1.6748780012130737
[2022-05-31 11:12:21,126]-[INFO]: Eval Loss:1.7191390991210938	Accuracy:0.736179703680102	Best Accuracy/Epoch:0.7366576389995221/29
[2022-05-31 11:13:37,396]-[INFO]: Epoch: 31/100	Train Loss:1.6707178354263306
[2022-05-31 11:13:49,935]-[INFO]: Eval Loss:1.7197448873519898	Accuracy:0.7359407360203919	Best Accuracy/Epoch:0.7366576389995221/29
[2022-05-31 11:15:02,927]-[INFO]: Epoch: 32/100	Train Loss:1.6708884239196777
[2022-05-31 11:15:16,645]-[INFO]: Eval Loss:1.719738817214966	Accuracy:0.7358610801338219	Best Accuracy/Epoch:0.7366576389995221/29
[2022-05-31 11:16:33,136]-[INFO]: Epoch: 33/100	Train Loss:1.6669907569885254
[2022-05-31 11:16:45,038]-[INFO]: Eval Loss:1.715640559196472	Accuracy:0.7391269714831926	Best Accuracy/Epoch:0.7391269714831926/33
[2022-05-31 11:18:01,662]-[INFO]: Epoch: 34/100	Train Loss:1.6574690341949463
[2022-05-31 11:18:14,884]-[INFO]: Eval Loss:1.7059471273422242	Accuracy:0.7573681695077267	Best Accuracy/Epoch:0.7573681695077267/34
[2022-05-31 11:19:29,982]-[INFO]: Epoch: 35/100	Train Loss:1.6472891569137573
[2022-05-31 11:19:43,084]-[INFO]: Eval Loss:1.7013989353179932	Accuracy:0.7596781902182571	Best Accuracy/Epoch:0.7596781902182571/35
[2022-05-31 11:20:58,774]-[INFO]: Epoch: 36/100	Train Loss:1.639694333076477
[2022-05-31 11:21:12,124]-[INFO]: Eval Loss:1.7002947807312012	Accuracy:0.7599968137645372	Best Accuracy/Epoch:0.7599968137645372/36
[2022-05-31 11:22:26,970]-[INFO]: Epoch: 37/100	Train Loss:1.6390607357025146
[2022-05-31 11:22:40,329]-[INFO]: Eval Loss:1.69215247631073	Accuracy:0.7675641229886888	Best Accuracy/Epoch:0.7675641229886888/37
[2022-05-31 11:23:57,241]-[INFO]: Epoch: 38/100	Train Loss:1.638160228729248
[2022-05-31 11:24:10,541]-[INFO]: Eval Loss:1.692291522026062	Accuracy:0.7676437788752589	Best Accuracy/Epoch:0.7676437788752589/38
[2022-05-31 11:25:22,321]-[INFO]: Epoch: 39/100	Train Loss:1.6314009428024292
[2022-05-31 11:25:35,123]-[INFO]: Eval Loss:1.690331654548645	Accuracy:0.7689182730603792	Best Accuracy/Epoch:0.7689182730603792/39
[2022-05-31 11:26:50,496]-[INFO]: Epoch: 40/100	Train Loss:1.626427412033081
[2022-05-31 11:27:02,890]-[INFO]: Eval Loss:1.6869619655609132	Accuracy:0.7705910466783495	Best Accuracy/Epoch:0.7705910466783495/40
[2022-05-31 11:28:17,025]-[INFO]: Epoch: 41/100	Train Loss:1.6245380640029907
[2022-05-31 11:28:30,247]-[INFO]: Eval Loss:1.6867369794845581	Accuracy:0.7713876055440497	Best Accuracy/Epoch:0.7713876055440497/41
[2022-05-31 11:29:46,041]-[INFO]: Epoch: 42/100	Train Loss:1.6222492456436157
[2022-05-31 11:29:59,528]-[INFO]: Eval Loss:1.6849099063873292	Accuracy:0.7724231320694599	Best Accuracy/Epoch:0.7724231320694599/42
[2022-05-31 11:31:14,757]-[INFO]: Epoch: 43/100	Train Loss:1.6241134405136108
[2022-05-31 11:31:27,823]-[INFO]: Eval Loss:1.6869251441955566	Accuracy:0.7690775848335192	Best Accuracy/Epoch:0.7724231320694599/42
[2022-05-31 11:32:41,326]-[INFO]: Epoch: 44/100	Train Loss:1.6219148635864258
[2022-05-31 11:32:55,007]-[INFO]: Eval Loss:1.6933396673202514	Accuracy:0.7630237374541978	Best Accuracy/Epoch:0.7724231320694599/42
[2022-05-31 11:34:11,483]-[INFO]: Epoch: 45/100	Train Loss:1.638639211654663
[2022-05-31 11:34:24,280]-[INFO]: Eval Loss:1.68612642288208	Accuracy:0.7718655408634698	Best Accuracy/Epoch:0.7724231320694599/42
[2022-05-31 11:35:35,605]-[INFO]: Epoch: 46/100	Train Loss:1.622348427772522
[2022-05-31 11:35:47,230]-[INFO]: Eval Loss:1.6821270704269409	Accuracy:0.7756890234188306	Best Accuracy/Epoch:0.7756890234188306/46
[2022-05-31 11:36:56,802]-[INFO]: Epoch: 47/100	Train Loss:1.617737054824829
[2022-05-31 11:37:08,214]-[INFO]: Eval Loss:1.6829275846481324	Accuracy:0.7734586585948702	Best Accuracy/Epoch:0.7756890234188306/46
[2022-05-31 11:38:21,701]-[INFO]: Epoch: 48/100	Train Loss:1.6186351776123047
[2022-05-31 11:38:33,272]-[INFO]: Eval Loss:1.684790153503418	Accuracy:0.7718655408634698	Best Accuracy/Epoch:0.7756890234188306/46
[2022-05-31 11:39:47,525]-[INFO]: Epoch: 49/100	Train Loss:1.6159430742263794
[2022-05-31 11:39:59,689]-[INFO]: Eval Loss:1.6840257263183593	Accuracy:0.7712282937709096	Best Accuracy/Epoch:0.7756890234188306/46
[2022-05-31 11:41:14,442]-[INFO]: Epoch: 50/100	Train Loss:1.6260476112365723
[2022-05-31 11:41:27,833]-[INFO]: Eval Loss:1.6854729413986207	Accuracy:0.7703520790186394	Best Accuracy/Epoch:0.7756890234188306/46
[2022-05-31 11:42:46,925]-[INFO]: Epoch: 51/100	Train Loss:1.620978593826294
[2022-05-31 11:42:59,681]-[INFO]: Eval Loss:1.6833096265792846	Accuracy:0.7739365939142903	Best Accuracy/Epoch:0.7756890234188306/46
[2022-05-31 11:44:35,192]-[INFO]: Epoch: 52/100	Train Loss:1.6164929866790771
[2022-05-31 11:44:50,372]-[INFO]: Eval Loss:1.687684211730957	Accuracy:0.768360681854389	Best Accuracy/Epoch:0.7756890234188306/46
[2022-05-31 11:46:09,130]-[INFO]: Epoch: 53/100	Train Loss:1.6179693937301636
[2022-05-31 11:46:21,661]-[INFO]: Eval Loss:1.685488486289978	Accuracy:0.7711486378843396	Best Accuracy/Epoch:0.7756890234188306/46
[2022-05-31 11:47:32,646]-[INFO]: Epoch: 54/100	Train Loss:1.6140227317810059
[2022-05-31 11:47:44,640]-[INFO]: Eval Loss:1.6835347509384155	Accuracy:0.77282141150231	Best Accuracy/Epoch:0.7756890234188306/46
[2022-05-31 11:48:55,741]-[INFO]: Epoch: 55/100	Train Loss:1.6116023063659668
[2022-05-31 11:49:07,723]-[INFO]: Eval Loss:1.6859081888198852	Accuracy:0.7695555201529393	Best Accuracy/Epoch:0.7756890234188306/46
[2022-05-31 11:50:16,507]-[INFO]: Epoch: 56/100	Train Loss:1.6101593971252441
[2022-05-31 11:50:28,141]-[INFO]: Eval Loss:1.6834734201431274	Accuracy:0.7720248526366098	Best Accuracy/Epoch:0.7756890234188306/46
[2022-05-31 11:51:37,994]-[INFO]: Epoch: 57/100	Train Loss:1.6096009016036987
[2022-05-31 11:51:49,525]-[INFO]: Eval Loss:1.6835654830932618	Accuracy:0.7718655408634698	Best Accuracy/Epoch:0.7756890234188306/46
[2022-05-31 11:52:58,961]-[INFO]: Epoch: 58/100	Train Loss:1.6092004776000977
[2022-05-31 11:53:10,487]-[INFO]: Eval Loss:1.6818507957458495	Accuracy:0.7734586585948702	Best Accuracy/Epoch:0.7756890234188306/46
[2022-05-31 11:54:19,286]-[INFO]: Epoch: 59/100	Train Loss:1.611708641052246
[2022-05-31 11:54:30,694]-[INFO]: Eval Loss:1.6817459487915039	Accuracy:0.7736179703680102	Best Accuracy/Epoch:0.7756890234188306/46
[2022-05-31 11:55:39,383]-[INFO]: Epoch: 60/100	Train Loss:1.6096118688583374
[2022-05-31 11:55:50,873]-[INFO]: Eval Loss:1.6813713884353638	Accuracy:0.7747331527799904	Best Accuracy/Epoch:0.7756890234188306/46
[2022-05-31 11:56:59,432]-[INFO]: Epoch: 61/100	Train Loss:1.608869194984436
[2022-05-31 11:57:10,824]-[INFO]: Eval Loss:1.6812318468093872	Accuracy:0.7746534968934204	Best Accuracy/Epoch:0.7756890234188306/46
[2022-05-31 11:58:22,444]-[INFO]: Epoch: 62/100	Train Loss:1.6069533824920654
[2022-05-31 11:58:35,705]-[INFO]: Eval Loss:1.6832450437545776	Accuracy:0.7725824438426	Best Accuracy/Epoch:0.7756890234188306/46
[2022-05-31 11:59:48,048]-[INFO]: Epoch: 63/100	Train Loss:1.6068586111068726
[2022-05-31 11:59:59,415]-[INFO]: Eval Loss:1.682690634727478	Accuracy:0.7723434761828899	Best Accuracy/Epoch:0.7756890234188306/46
[2022-05-31 12:01:07,540]-[INFO]: Epoch: 64/100	Train Loss:1.6127963066101074
[2022-05-31 12:01:19,095]-[INFO]: Eval Loss:1.6882530355453491	Accuracy:0.7675641229886888	Best Accuracy/Epoch:0.7756890234188306/46
[2022-05-31 12:02:26,688]-[INFO]: Epoch: 65/100	Train Loss:1.6151570081710815
[2022-05-31 12:02:38,043]-[INFO]: Eval Loss:1.6856930446624756	Accuracy:0.7695555201529393	Best Accuracy/Epoch:0.7756890234188306/46
[2022-05-31 12:03:46,173]-[INFO]: Epoch: 66/100	Train Loss:1.611423134803772
[2022-05-31 12:03:57,616]-[INFO]: Eval Loss:1.6874140834808349	Accuracy:0.7692368966066593	Best Accuracy/Epoch:0.7756890234188306/46
[2022-05-31 12:05:06,260]-[INFO]: Epoch: 67/100	Train Loss:1.608723521232605
[2022-05-31 12:05:17,800]-[INFO]: Eval Loss:1.683678388595581	Accuracy:0.7712282937709096	Best Accuracy/Epoch:0.7756890234188306/46
[2022-05-31 12:06:30,297]-[INFO]: Epoch: 68/100	Train Loss:1.6377480030059814
[2022-05-31 12:06:41,732]-[INFO]: Eval Loss:1.7085378074645996	Accuracy:0.7463756571610642	Best Accuracy/Epoch:0.7756890234188306/46
[2022-05-31 12:07:49,695]-[INFO]: Epoch: 69/100	Train Loss:1.632575273513794
[2022-05-31 12:08:01,337]-[INFO]: Eval Loss:1.6872844552993775	Accuracy:0.7670861876692687	Best Accuracy/Epoch:0.7756890234188306/46
[2022-05-31 12:09:09,538]-[INFO]: Epoch: 70/100	Train Loss:1.6189182996749878
[2022-05-31 12:09:20,839]-[INFO]: Eval Loss:1.6887860918045043	Accuracy:0.7667675641229887	Best Accuracy/Epoch:0.7756890234188306/46
[2022-05-31 12:10:28,832]-[INFO]: Epoch: 71/100	Train Loss:1.5970933437347412
[2022-05-31 12:10:40,239]-[INFO]: Eval Loss:1.6532379817962646	Accuracy:0.8102596781902183	Best Accuracy/Epoch:0.8102596781902183/71
[2022-05-31 12:11:48,362]-[INFO]: Epoch: 72/100	Train Loss:1.5712473392486572
[2022-05-31 12:11:59,765]-[INFO]: Eval Loss:1.6482435274124145	Accuracy:0.8117731400350486	Best Accuracy/Epoch:0.8117731400350486/72
[2022-05-31 12:13:07,672]-[INFO]: Epoch: 73/100	Train Loss:1.5652334690093994
[2022-05-31 12:13:19,122]-[INFO]: Eval Loss:1.6465639877319336	Accuracy:0.8123307312410387	Best Accuracy/Epoch:0.8123307312410387/73
[2022-05-31 12:14:27,127]-[INFO]: Epoch: 74/100	Train Loss:1.561984658241272
[2022-05-31 12:14:38,495]-[INFO]: Eval Loss:1.645900650024414	Accuracy:0.8140831607455791	Best Accuracy/Epoch:0.8140831607455791/74
[2022-05-31 12:15:46,375]-[INFO]: Epoch: 75/100	Train Loss:1.5582200288772583
[2022-05-31 12:15:57,920]-[INFO]: Eval Loss:1.6454244089126586	Accuracy:0.8130476342201689	Best Accuracy/Epoch:0.8140831607455791/74
[2022-05-31 12:17:06,162]-[INFO]: Epoch: 76/100	Train Loss:1.555221438407898
[2022-05-31 12:17:17,489]-[INFO]: Eval Loss:1.6425447988510131	Accuracy:0.8152779990441293	Best Accuracy/Epoch:0.8152779990441293/76
[2022-05-31 12:18:25,890]-[INFO]: Epoch: 77/100	Train Loss:1.555673360824585
[2022-05-31 12:18:37,234]-[INFO]: Eval Loss:1.6433873796463012	Accuracy:0.8146407519515693	Best Accuracy/Epoch:0.8152779990441293/76
[2022-05-31 12:19:45,308]-[INFO]: Epoch: 78/100	Train Loss:1.5519428253173828
[2022-05-31 12:19:56,704]-[INFO]: Eval Loss:1.6410011053085327	Accuracy:0.8183845786203601	Best Accuracy/Epoch:0.8183845786203601/78
[2022-05-31 12:21:04,671]-[INFO]: Epoch: 79/100	Train Loss:1.5503134727478027
[2022-05-31 12:21:15,941]-[INFO]: Eval Loss:1.6424672508239746	Accuracy:0.8156762784769794	Best Accuracy/Epoch:0.8183845786203601/78
[2022-05-31 12:22:23,822]-[INFO]: Epoch: 80/100	Train Loss:1.5489991903305054
[2022-05-31 12:22:35,225]-[INFO]: Eval Loss:1.6388112354278563	Accuracy:0.8192607933726302	Best Accuracy/Epoch:0.8192607933726302/80
[2022-05-31 12:23:43,406]-[INFO]: Epoch: 81/100	Train Loss:1.5473737716674805
[2022-05-31 12:23:54,989]-[INFO]: Eval Loss:1.638999376296997	Accuracy:0.8185438903935001	Best Accuracy/Epoch:0.8192607933726302/80
[2022-05-31 12:25:03,164]-[INFO]: Epoch: 82/100	Train Loss:1.5470812320709229
[2022-05-31 12:25:14,583]-[INFO]: Eval Loss:1.6391688013076782	Accuracy:0.8185438903935001	Best Accuracy/Epoch:0.8192607933726302/80
[2022-05-31 12:26:22,430]-[INFO]: Epoch: 83/100	Train Loss:1.5462383031845093
[2022-05-31 12:26:33,721]-[INFO]: Eval Loss:1.6403139209747315	Accuracy:0.8169507726620997	Best Accuracy/Epoch:0.8192607933726302/80
[2022-05-31 12:27:41,484]-[INFO]: Epoch: 84/100	Train Loss:1.5461335182189941
[2022-05-31 12:27:52,862]-[INFO]: Eval Loss:1.6395113277435303	Accuracy:0.8183049227337901	Best Accuracy/Epoch:0.8192607933726302/80
[2022-05-31 12:29:00,552]-[INFO]: Epoch: 85/100	Train Loss:1.5452337265014648
[2022-05-31 12:29:11,840]-[INFO]: Eval Loss:1.6408988285064696	Accuracy:0.8178269874143699	Best Accuracy/Epoch:0.8192607933726302/80
[2022-05-31 12:30:21,331]-[INFO]: Epoch: 86/100	Train Loss:1.5456199645996094
[2022-05-31 12:30:32,789]-[INFO]: Eval Loss:1.6414850854873657	Accuracy:0.8163931814561096	Best Accuracy/Epoch:0.8192607933726302/80
[2022-05-31 12:31:41,201]-[INFO]: Epoch: 87/100	Train Loss:1.549137830734253
[2022-05-31 12:31:52,917]-[INFO]: Eval Loss:1.6414613819122315	Accuracy:0.8166321491158196	Best Accuracy/Epoch:0.8192607933726302/80
[2022-05-31 12:33:03,867]-[INFO]: Epoch: 88/100	Train Loss:1.5463451147079468
[2022-05-31 12:33:15,545]-[INFO]: Eval Loss:1.6416756010055542	Accuracy:0.8159949020232595	Best Accuracy/Epoch:0.8192607933726302/80
[2022-05-31 12:34:30,181]-[INFO]: Epoch: 89/100	Train Loss:1.5457468032836914
[2022-05-31 12:34:42,557]-[INFO]: Eval Loss:1.6407379245758056	Accuracy:0.81790664330094	Best Accuracy/Epoch:0.8192607933726302/80
[2022-05-31 12:35:57,549]-[INFO]: Epoch: 90/100	Train Loss:1.5461548566818237
[2022-05-31 12:36:09,184]-[INFO]: Eval Loss:1.6389488172531128	Accuracy:0.8189421698263502	Best Accuracy/Epoch:0.8192607933726302/80
[2022-05-31 12:37:24,714]-[INFO]: Epoch: 91/100	Train Loss:1.5453670024871826
[2022-05-31 12:37:36,356]-[INFO]: Eval Loss:1.6399319314956664	Accuracy:0.8183049227337901	Best Accuracy/Epoch:0.8192607933726302/80
[2022-05-31 12:38:45,703]-[INFO]: Epoch: 92/100	Train Loss:1.5443425178527832
[2022-05-31 12:38:57,167]-[INFO]: Eval Loss:1.638371148109436	Accuracy:0.8191014815994903	Best Accuracy/Epoch:0.8192607933726302/80
[2022-05-31 12:40:05,176]-[INFO]: Epoch: 93/100	Train Loss:1.5430091619491577
[2022-05-31 12:40:16,898]-[INFO]: Eval Loss:1.6395667839050292	Accuracy:0.8187828580532102	Best Accuracy/Epoch:0.8192607933726302/80
[2022-05-31 12:41:25,202]-[INFO]: Epoch: 94/100	Train Loss:1.542490839958191
[2022-05-31 12:41:36,524]-[INFO]: Eval Loss:1.6383931398391725	Accuracy:0.8202963198980404	Best Accuracy/Epoch:0.8202963198980404/94
[2022-05-31 12:42:44,663]-[INFO]: Epoch: 95/100	Train Loss:1.543874979019165
[2022-05-31 12:42:56,303]-[INFO]: Eval Loss:1.6405472564697265	Accuracy:0.8168711167755297	Best Accuracy/Epoch:0.8202963198980404/94
[2022-05-31 12:44:04,428]-[INFO]: Epoch: 96/100	Train Loss:1.5420513153076172
[2022-05-31 12:44:15,835]-[INFO]: Eval Loss:1.639697141647339	Accuracy:0.8185438903935001	Best Accuracy/Epoch:0.8202963198980404/94
[2022-05-31 12:45:24,127]-[INFO]: Epoch: 97/100	Train Loss:1.5430657863616943
[2022-05-31 12:45:35,536]-[INFO]: Eval Loss:1.639763445854187	Accuracy:0.8175880197546599	Best Accuracy/Epoch:0.8202963198980404/94
[2022-05-31 12:46:44,537]-[INFO]: Epoch: 98/100	Train Loss:1.543044924736023
[2022-05-31 12:46:56,420]-[INFO]: Eval Loss:1.6391970777511597	Accuracy:0.81822526684722	Best Accuracy/Epoch:0.8202963198980404/94
[2022-05-31 12:48:14,570]-[INFO]: Epoch: 99/100	Train Loss:1.543724775314331
[2022-05-31 12:48:26,464]-[INFO]: Eval Loss:1.639901385307312	Accuracy:0.8189421698263502	Best Accuracy/Epoch:0.8202963198980404/94
[2022-05-31 12:49:39,769]-[INFO]: Epoch: 100/100	Train Loss:1.5439684391021729
[2022-05-31 12:49:51,201]-[INFO]: Eval Loss:1.640168423652649	Accuracy:0.81806595507408	Best Accuracy/Epoch:0.8202963198980404/94
[2022-05-31 12:49:51,202]-[INFO]: Train Phase Over	Best Accuracy/Epoch:0.8202963198980404/94
[2022-06-04 15:11:53,136]-[INFO]: Best Epoch Test Loss:1.631740927696228	Accuracy:0.8230983671843887	Recall:0.7005361921340316	F1:0.6829832810513985
[2022-06-04 15:11:58,113]-[INFO]: Last Epoch Test Loss:1.6315518617630005	Accuracy:0.8242134607726006	Recall:0.7017546083106599	F1:0.6844024770514919
