[2022-06-02 19:19:10,207]-[INFO]: Model:WGAN	Batch Size:128	Total Epoch:100	Start Epoch:0
[2022-06-02 19:19:10,208]-[INFO]: Train From Beginning
[2022-06-02 19:19:12,991]-[INFO]: Epoch 1/100	Loss_G: 0.04411516338586807	Loss_D:-0.11100737750530243
[2022-06-02 19:19:14,326]-[INFO]: Epoch 2/100	Loss_G: -0.01677432842552662	Loss_D:0.45514219999313354
[2022-06-02 19:19:15,270]-[INFO]: Epoch 3/100	Loss_G: -1.0928837060928345	Loss_D:1.0471084117889404
[2022-06-02 19:19:16,205]-[INFO]: Epoch 4/100	Loss_G: 0.5931875109672546	Loss_D:1.2727917432785034
[2022-06-02 19:19:17,188]-[INFO]: Epoch 5/100	Loss_G: -0.33681344985961914	Loss_D:1.017378330230713
[2022-06-02 19:19:18,202]-[INFO]: Epoch 6/100	Loss_G: 3.4567413330078125	Loss_D:0.6359767913818359
[2022-06-02 19:19:19,148]-[INFO]: Epoch 7/100	Loss_G: 1.097442865371704	Loss_D:-0.4753251075744629
[2022-06-02 19:19:20,099]-[INFO]: Epoch 8/100	Loss_G: 3.843618392944336	Loss_D:-0.43076300621032715
[2022-06-02 19:19:21,049]-[INFO]: Epoch 9/100	Loss_G: 2.3787691593170166	Loss_D:-0.4874544143676758
[2022-06-02 19:19:22,003]-[INFO]: Epoch 10/100	Loss_G: 2.572923183441162	Loss_D:0.041864871978759766
[2022-06-02 19:19:22,996]-[INFO]: Epoch 11/100	Loss_G: 3.0262563228607178	Loss_D:0.9653043746948242
[2022-06-02 19:19:23,942]-[INFO]: Epoch 12/100	Loss_G: 0.8732951879501343	Loss_D:0.11506307125091553
[2022-06-02 19:19:24,887]-[INFO]: Epoch 13/100	Loss_G: 6.9888153076171875	Loss_D:-0.3034477233886719
[2022-06-02 19:19:25,821]-[INFO]: Epoch 14/100	Loss_G: 4.631778717041016	Loss_D:-0.28647470474243164
[2022-06-02 19:19:26,786]-[INFO]: Epoch 15/100	Loss_G: 2.8843905925750732	Loss_D:0.6500592231750488
[2022-06-02 19:19:27,764]-[INFO]: Epoch 16/100	Loss_G: 9.044351577758789	Loss_D:-0.6206178665161133
[2022-06-02 19:19:28,733]-[INFO]: Epoch 17/100	Loss_G: 3.600572347640991	Loss_D:-1.0112190246582031
[2022-06-02 19:19:29,679]-[INFO]: Epoch 18/100	Loss_G: 2.169516086578369	Loss_D:1.861342430114746
[2022-06-02 19:19:30,618]-[INFO]: Epoch 19/100	Loss_G: 11.38305950164795	Loss_D:-0.8750629425048828
[2022-06-02 19:19:31,571]-[INFO]: Epoch 20/100	Loss_G: 6.744767189025879	Loss_D:-0.40927982330322266
[2022-06-02 19:19:32,545]-[INFO]: Epoch 21/100	Loss_G: 5.006244659423828	Loss_D:-2.8337950706481934
[2022-06-02 19:19:33,508]-[INFO]: Epoch 22/100	Loss_G: 12.43651008605957	Loss_D:-0.8647918701171875
[2022-06-02 19:19:34,454]-[INFO]: Epoch 23/100	Loss_G: 17.226245880126953	Loss_D:-0.167449951171875
[2022-06-02 19:19:35,404]-[INFO]: Epoch 24/100	Loss_G: 11.448639869689941	Loss_D:-0.5873985290527344
[2022-06-02 19:19:36,361]-[INFO]: Epoch 25/100	Loss_G: 7.116965293884277	Loss_D:-3.052666664123535
[2022-06-02 19:19:37,325]-[INFO]: Epoch 26/100	Loss_G: 12.412649154663086	Loss_D:1.3194780349731445
[2022-06-02 19:19:38,307]-[INFO]: Epoch 27/100	Loss_G: 21.415035247802734	Loss_D:-1.6560802459716797
[2022-06-02 19:19:39,291]-[INFO]: Epoch 28/100	Loss_G: 15.138256072998047	Loss_D:0.40495777130126953
[2022-06-02 19:19:40,256]-[INFO]: Epoch 29/100	Loss_G: 14.906428337097168	Loss_D:-9.087121963500977
[2022-06-02 19:19:41,183]-[INFO]: Epoch 30/100	Loss_G: 9.75564956665039	Loss_D:4.975530624389648
[2022-06-02 19:19:42,155]-[INFO]: Epoch 31/100	Loss_G: 22.390533447265625	Loss_D:-0.4887104034423828
[2022-06-02 19:19:43,124]-[INFO]: Epoch 32/100	Loss_G: 25.609413146972656	Loss_D:-1.0021133422851562
[2022-06-02 19:19:44,081]-[INFO]: Epoch 33/100	Loss_G: 20.351242065429688	Loss_D:0.6455650329589844
[2022-06-02 19:19:45,012]-[INFO]: Epoch 34/100	Loss_G: 22.69140625	Loss_D:-1.4921951293945312
[2022-06-02 19:19:45,978]-[INFO]: Epoch 35/100	Loss_G: 21.454689025878906	Loss_D:-2.2606201171875
[2022-06-02 19:19:46,946]-[INFO]: Epoch 36/100	Loss_G: 24.86642837524414	Loss_D:-0.8177928924560547
[2022-06-02 19:19:47,923]-[INFO]: Epoch 37/100	Loss_G: 15.366363525390625	Loss_D:-1.690699577331543
[2022-06-02 19:19:49,242]-[INFO]: Epoch 38/100	Loss_G: 25.218870162963867	Loss_D:-1.3337821960449219
[2022-06-02 19:19:50,453]-[INFO]: Epoch 39/100	Loss_G: 20.257614135742188	Loss_D:-1.5214462280273438
[2022-06-02 19:19:51,460]-[INFO]: Epoch 40/100	Loss_G: 20.052635192871094	Loss_D:0.24808502197265625
[2022-06-02 19:19:52,451]-[INFO]: Epoch 41/100	Loss_G: 24.904661178588867	Loss_D:0.5491142272949219
[2022-06-02 19:19:53,478]-[INFO]: Epoch 42/100	Loss_G: 19.19993019104004	Loss_D:-0.8774948120117188
[2022-06-02 19:19:54,525]-[INFO]: Epoch 43/100	Loss_G: 27.371681213378906	Loss_D:-1.1161918640136719
[2022-06-02 19:19:55,515]-[INFO]: Epoch 44/100	Loss_G: 22.449630737304688	Loss_D:-0.9391632080078125
[2022-06-02 19:19:56,541]-[INFO]: Epoch 45/100	Loss_G: 23.32339859008789	Loss_D:-0.11910820007324219
[2022-06-02 19:19:57,551]-[INFO]: Epoch 46/100	Loss_G: 25.359180450439453	Loss_D:0.06202125549316406
[2022-06-02 19:19:58,525]-[INFO]: Epoch 47/100	Loss_G: 23.497516632080078	Loss_D:-0.5474395751953125
[2022-06-02 19:19:59,464]-[INFO]: Epoch 48/100	Loss_G: 24.281665802001953	Loss_D:-0.1356658935546875
[2022-06-02 19:20:00,410]-[INFO]: Epoch 49/100	Loss_G: 23.92110824584961	Loss_D:-0.2692432403564453
[2022-06-02 19:20:01,360]-[INFO]: Epoch 50/100	Loss_G: 23.997421264648438	Loss_D:-0.15378761291503906
[2022-06-02 19:20:02,337]-[INFO]: Epoch 51/100	Loss_G: 23.17037010192871	Loss_D:-0.084747314453125
[2022-06-02 19:20:03,343]-[INFO]: Epoch 52/100	Loss_G: 24.023204803466797	Loss_D:-0.2878131866455078
[2022-06-02 19:20:04,350]-[INFO]: Epoch 53/100	Loss_G: 20.35291290283203	Loss_D:1.7164020538330078
[2022-06-02 19:20:05,299]-[INFO]: Epoch 54/100	Loss_G: 32.31245040893555	Loss_D:-4.566585540771484
[2022-06-02 19:20:06,262]-[INFO]: Epoch 55/100	Loss_G: 38.54444122314453	Loss_D:-3.0955810546875
[2022-06-02 19:20:07,276]-[INFO]: Epoch 56/100	Loss_G: 32.323097229003906	Loss_D:0.1522674560546875
[2022-06-02 19:20:08,336]-[INFO]: Epoch 57/100	Loss_G: 27.11200523376465	Loss_D:-6.03679084777832
[2022-06-02 19:20:09,307]-[INFO]: Epoch 58/100	Loss_G: 32.911521911621094	Loss_D:-0.4492073059082031
[2022-06-02 19:20:10,704]-[INFO]: Epoch 59/100	Loss_G: 43.50968933105469	Loss_D:-1.8389511108398438
[2022-06-02 19:20:12,810]-[INFO]: Epoch 60/100	Loss_G: 32.0415153503418	Loss_D:-4.396137237548828
[2022-06-02 19:20:14,947]-[INFO]: Epoch 61/100	Loss_G: 27.85291862487793	Loss_D:-5.487970352172852
[2022-06-02 19:20:16,936]-[INFO]: Epoch 62/100	Loss_G: 33.87224578857422	Loss_D:0.6505699157714844
[2022-06-02 19:20:18,438]-[INFO]: Epoch 63/100	Loss_G: 51.41487121582031	Loss_D:-4.6414794921875
[2022-06-02 19:20:19,518]-[INFO]: Epoch 64/100	Loss_G: 33.89679718017578	Loss_D:1.5161590576171875
[2022-06-02 19:20:20,494]-[INFO]: Epoch 65/100	Loss_G: 35.52369689941406	Loss_D:-13.248342514038086
[2022-06-02 19:20:21,524]-[INFO]: Epoch 66/100	Loss_G: 18.219120025634766	Loss_D:13.270566940307617
[2022-06-02 19:20:22,520]-[INFO]: Epoch 67/100	Loss_G: 52.03443908691406	Loss_D:-5.673107147216797
[2022-06-02 19:20:23,578]-[INFO]: Epoch 68/100	Loss_G: 52.771610260009766	Loss_D:-0.6639976501464844
[2022-06-02 19:20:24,592]-[INFO]: Epoch 69/100	Loss_G: 38.34529495239258	Loss_D:-4.2629852294921875
[2022-06-02 19:20:25,615]-[INFO]: Epoch 70/100	Loss_G: 39.71113586425781	Loss_D:-16.621000289916992
[2022-06-02 19:20:26,598]-[INFO]: Epoch 71/100	Loss_G: 21.097822189331055	Loss_D:15.29332160949707
[2022-06-02 19:20:27,614]-[INFO]: Epoch 72/100	Loss_G: 62.07237243652344	Loss_D:-7.385536193847656
[2022-06-02 19:20:28,600]-[INFO]: Epoch 73/100	Loss_G: 66.92959594726562	Loss_D:-4.543174743652344
[2022-06-02 19:20:29,637]-[INFO]: Epoch 74/100	Loss_G: 43.30372619628906	Loss_D:4.20220947265625
[2022-06-02 19:20:30,641]-[INFO]: Epoch 75/100	Loss_G: 47.54540252685547	Loss_D:-18.049652099609375
[2022-06-02 19:20:31,659]-[INFO]: Epoch 76/100	Loss_G: 22.03982925415039	Loss_D:12.229713439941406
[2022-06-02 19:20:32,667]-[INFO]: Epoch 77/100	Loss_G: 58.03691864013672	Loss_D:-2.0799560546875
[2022-06-02 19:20:33,700]-[INFO]: Epoch 78/100	Loss_G: 78.8734130859375	Loss_D:-9.181236267089844
[2022-06-02 19:20:34,715]-[INFO]: Epoch 79/100	Loss_G: 49.71559143066406	Loss_D:12.6492919921875
[2022-06-02 19:20:35,749]-[INFO]: Epoch 80/100	Loss_G: 55.31041717529297	Loss_D:-15.422679901123047
[2022-06-02 19:20:36,742]-[INFO]: Epoch 81/100	Loss_G: 38.35556411743164	Loss_D:-6.595348358154297
[2022-06-02 19:20:37,814]-[INFO]: Epoch 82/100	Loss_G: 40.79136657714844	Loss_D:9.367298126220703
[2022-06-02 19:20:38,869]-[INFO]: Epoch 83/100	Loss_G: 79.91753387451172	Loss_D:-9.940635681152344
[2022-06-02 19:20:39,918]-[INFO]: Epoch 84/100	Loss_G: 75.39958190917969	Loss_D:-0.5670318603515625
[2022-06-02 19:20:40,903]-[INFO]: Epoch 85/100	Loss_G: 57.322872161865234	Loss_D:-3.0739288330078125
[2022-06-02 19:20:42,638]-[INFO]: Epoch 86/100	Loss_G: 60.73816680908203	Loss_D:-23.390209197998047
[2022-06-02 19:20:44,440]-[INFO]: Epoch 87/100	Loss_G: 19.50323486328125	Loss_D:21.629215240478516
[2022-06-02 19:20:46,168]-[INFO]: Epoch 88/100	Loss_G: 66.38752746582031	Loss_D:-2.648120880126953
[2022-06-02 19:20:47,179]-[INFO]: Epoch 89/100	Loss_G: 89.20783233642578	Loss_D:-10.647811889648438
[2022-06-02 19:20:48,214]-[INFO]: Epoch 90/100	Loss_G: 68.49150848388672	Loss_D:6.4098663330078125
[2022-06-02 19:20:49,212]-[INFO]: Epoch 91/100	Loss_G: 64.1575927734375	Loss_D:-13.799690246582031
[2022-06-02 19:20:50,254]-[INFO]: Epoch 92/100	Loss_G: 66.48250579833984	Loss_D:-30.629409790039062
[2022-06-02 19:20:51,255]-[INFO]: Epoch 93/100	Loss_G: 24.148677825927734	Loss_D:27.5278263092041
[2022-06-02 19:20:52,272]-[INFO]: Epoch 94/100	Loss_G: 75.06859588623047	Loss_D:-2.4576263427734375
[2022-06-02 19:20:53,265]-[INFO]: Epoch 95/100	Loss_G: 103.2125473022461	Loss_D:-13.098236083984375
[2022-06-02 19:20:54,313]-[INFO]: Epoch 96/100	Loss_G: 75.06185150146484	Loss_D:11.444412231445312
[2022-06-02 19:20:55,290]-[INFO]: Epoch 97/100	Loss_G: 76.64295959472656	Loss_D:-13.476280212402344
[2022-06-02 19:20:56,316]-[INFO]: Epoch 98/100	Loss_G: 79.43850708007812	Loss_D:-35.612945556640625
[2022-06-02 19:20:57,366]-[INFO]: Epoch 99/100	Loss_G: 17.20046043395996	Loss_D:35.49066162109375
[2022-06-02 19:20:58,380]-[INFO]: Epoch 100/100	Loss_G: 75.07275390625	Loss_D:1.7194061279296875
[2022-06-02 19:20:58,544]-[INFO]: Result Image Saved in ./image
