[2022-06-02 19:52:08,047]-[INFO]: Model:WGAN-GP	Batch Size:128	Total Epoch:100	Start Epoch:0
[2022-06-02 19:52:08,047]-[INFO]: Train From Beginning
[2022-06-02 19:52:10,605]-[INFO]: Epoch 1/100	Loss_G: 0.039663106203079224	Loss_D:7.245691776275635
[2022-06-02 19:52:11,683]-[INFO]: Epoch 2/100	Loss_G: 0.04393022507429123	Loss_D:5.825038433074951
[2022-06-02 19:52:12,715]-[INFO]: Epoch 3/100	Loss_G: 0.042445048689842224	Loss_D:4.301022529602051
[2022-06-02 19:52:13,743]-[INFO]: Epoch 4/100	Loss_G: 0.04003509506583214	Loss_D:2.879680871963501
[2022-06-02 19:52:14,759]-[INFO]: Epoch 5/100	Loss_G: 0.025816969573497772	Loss_D:1.6718840599060059
[2022-06-02 19:52:15,789]-[INFO]: Epoch 6/100	Loss_G: -0.001789713278412819	Loss_D:0.6943535804748535
[2022-06-02 19:52:16,823]-[INFO]: Epoch 7/100	Loss_G: -0.015833359211683273	Loss_D:0.010845720767974854
[2022-06-02 19:52:17,871]-[INFO]: Epoch 8/100	Loss_G: -0.06325547397136688	Loss_D:-0.44058892130851746
[2022-06-02 19:52:18,897]-[INFO]: Epoch 9/100	Loss_G: -0.12348547577857971	Loss_D:-0.5890856385231018
[2022-06-02 19:52:19,906]-[INFO]: Epoch 10/100	Loss_G: -0.18892709910869598	Loss_D:-0.43727362155914307
[2022-06-02 19:52:20,970]-[INFO]: Epoch 11/100	Loss_G: -0.27290579676628113	Loss_D:-0.06909692287445068
[2022-06-02 19:52:22,008]-[INFO]: Epoch 12/100	Loss_G: -0.3865121603012085	Loss_D:0.5418134927749634
[2022-06-02 19:52:23,059]-[INFO]: Epoch 13/100	Loss_G: -0.4523821473121643	Loss_D:1.3593974113464355
[2022-06-02 19:52:24,102]-[INFO]: Epoch 14/100	Loss_G: -0.6419516205787659	Loss_D:2.17279052734375
[2022-06-02 19:52:25,127]-[INFO]: Epoch 15/100	Loss_G: -0.7780992984771729	Loss_D:3.0153136253356934
[2022-06-02 19:52:26,128]-[INFO]: Epoch 16/100	Loss_G: -0.9329541325569153	Loss_D:3.7871546745300293
[2022-06-02 19:52:27,154]-[INFO]: Epoch 17/100	Loss_G: -0.9904657602310181	Loss_D:4.107761383056641
[2022-06-02 19:52:28,188]-[INFO]: Epoch 18/100	Loss_G: -1.1531144380569458	Loss_D:4.491148948669434
[2022-06-02 19:52:29,215]-[INFO]: Epoch 19/100	Loss_G: -1.3099099397659302	Loss_D:4.181556701660156
[2022-06-02 19:52:30,227]-[INFO]: Epoch 20/100	Loss_G: -1.4297447204589844	Loss_D:3.624349594116211
[2022-06-02 19:52:31,241]-[INFO]: Epoch 21/100	Loss_G: -1.4853074550628662	Loss_D:2.8438873291015625
[2022-06-02 19:52:32,280]-[INFO]: Epoch 22/100	Loss_G: -1.5395617485046387	Loss_D:2.3665709495544434
[2022-06-02 19:52:33,320]-[INFO]: Epoch 23/100	Loss_G: -1.6078041791915894	Loss_D:1.6434829235076904
[2022-06-02 19:52:34,339]-[INFO]: Epoch 24/100	Loss_G: -1.6081769466400146	Loss_D:1.1099426746368408
[2022-06-02 19:52:35,356]-[INFO]: Epoch 25/100	Loss_G: -1.525341272354126	Loss_D:0.7139015197753906
[2022-06-02 19:52:36,361]-[INFO]: Epoch 26/100	Loss_G: -1.5194288492202759	Loss_D:0.5462884902954102
[2022-06-02 19:52:37,391]-[INFO]: Epoch 27/100	Loss_G: -1.458557367324829	Loss_D:0.6323503255844116
[2022-06-02 19:52:38,411]-[INFO]: Epoch 28/100	Loss_G: -1.344859004020691	Loss_D:0.7817783355712891
[2022-06-02 19:52:39,447]-[INFO]: Epoch 29/100	Loss_G: -1.2192282676696777	Loss_D:1.2222659587860107
[2022-06-02 19:52:40,442]-[INFO]: Epoch 30/100	Loss_G: -1.1312987804412842	Loss_D:1.831796646118164
[2022-06-02 19:52:41,451]-[INFO]: Epoch 31/100	Loss_G: -0.9805837869644165	Loss_D:2.504673480987549
[2022-06-02 19:52:42,484]-[INFO]: Epoch 32/100	Loss_G: -0.8421308398246765	Loss_D:3.43064546585083
[2022-06-02 19:52:43,497]-[INFO]: Epoch 33/100	Loss_G: -0.7229551076889038	Loss_D:4.332147121429443
[2022-06-02 19:52:44,503]-[INFO]: Epoch 34/100	Loss_G: -0.5571987628936768	Loss_D:5.181459903717041
[2022-06-02 19:52:45,515]-[INFO]: Epoch 35/100	Loss_G: -0.41705936193466187	Loss_D:5.70499849319458
[2022-06-02 19:52:46,538]-[INFO]: Epoch 36/100	Loss_G: -0.2746320366859436	Loss_D:5.953972339630127
[2022-06-02 19:52:47,576]-[INFO]: Epoch 37/100	Loss_G: -0.13084575533866882	Loss_D:5.4957804679870605
[2022-06-02 19:52:48,618]-[INFO]: Epoch 38/100	Loss_G: 0.02853822521865368	Loss_D:4.782467365264893
[2022-06-02 19:52:49,623]-[INFO]: Epoch 39/100	Loss_G: 0.13465538620948792	Loss_D:3.920703887939453
[2022-06-02 19:52:50,633]-[INFO]: Epoch 40/100	Loss_G: 0.2757348120212555	Loss_D:2.983035087585449
[2022-06-02 19:52:51,639]-[INFO]: Epoch 41/100	Loss_G: 0.3711470365524292	Loss_D:2.240995168685913
[2022-06-02 19:52:52,666]-[INFO]: Epoch 42/100	Loss_G: 0.4889296889305115	Loss_D:1.5826326608657837
[2022-06-02 19:52:53,694]-[INFO]: Epoch 43/100	Loss_G: 0.5968604683876038	Loss_D:0.9382714033126831
[2022-06-02 19:52:54,705]-[INFO]: Epoch 44/100	Loss_G: 0.6488422155380249	Loss_D:0.45352703332901
[2022-06-02 19:52:55,705]-[INFO]: Epoch 45/100	Loss_G: 0.7320957183837891	Loss_D:0.14439982175827026
[2022-06-02 19:52:56,726]-[INFO]: Epoch 46/100	Loss_G: 0.8182317018508911	Loss_D:0.003793269395828247
[2022-06-02 19:52:57,764]-[INFO]: Epoch 47/100	Loss_G: 0.8064786195755005	Loss_D:-0.15374301373958588
[2022-06-02 19:52:58,811]-[INFO]: Epoch 48/100	Loss_G: 0.8400269150733948	Loss_D:-0.13692742586135864
[2022-06-02 19:52:59,813]-[INFO]: Epoch 49/100	Loss_G: 0.8944918513298035	Loss_D:-0.09273731708526611
[2022-06-02 19:53:00,823]-[INFO]: Epoch 50/100	Loss_G: 0.8665777444839478	Loss_D:-0.01803375780582428
[2022-06-02 19:53:01,834]-[INFO]: Epoch 51/100	Loss_G: 0.8545999526977539	Loss_D:0.019737184047698975
[2022-06-02 19:53:02,883]-[INFO]: Epoch 52/100	Loss_G: 0.8168331384658813	Loss_D:0.12209169566631317
[2022-06-02 19:53:03,902]-[INFO]: Epoch 53/100	Loss_G: 0.7638626098632812	Loss_D:0.1251222789287567
[2022-06-02 19:53:04,904]-[INFO]: Epoch 54/100	Loss_G: 0.7803680896759033	Loss_D:0.18265071511268616
[2022-06-02 19:53:05,939]-[INFO]: Epoch 55/100	Loss_G: 0.711076021194458	Loss_D:0.24283896386623383
[2022-06-02 19:53:07,030]-[INFO]: Epoch 56/100	Loss_G: 0.7217332124710083	Loss_D:0.3607091009616852
[2022-06-02 19:53:08,074]-[INFO]: Epoch 57/100	Loss_G: 0.6879948377609253	Loss_D:0.5631095170974731
[2022-06-02 19:53:09,092]-[INFO]: Epoch 58/100	Loss_G: 0.6121124029159546	Loss_D:0.7086703181266785
[2022-06-02 19:53:10,128]-[INFO]: Epoch 59/100	Loss_G: 0.5922055840492249	Loss_D:0.907225489616394
[2022-06-02 19:53:11,140]-[INFO]: Epoch 60/100	Loss_G: 0.5753561854362488	Loss_D:1.3440661430358887
[2022-06-02 19:53:12,202]-[INFO]: Epoch 61/100	Loss_G: 0.5239897966384888	Loss_D:1.7304661273956299
[2022-06-02 19:53:13,258]-[INFO]: Epoch 62/100	Loss_G: 0.49936479330062866	Loss_D:2.008265972137451
[2022-06-02 19:53:14,301]-[INFO]: Epoch 63/100	Loss_G: 0.46098050475120544	Loss_D:2.4019503593444824
[2022-06-02 19:53:15,337]-[INFO]: Epoch 64/100	Loss_G: 0.44415217638015747	Loss_D:2.687533140182495
[2022-06-02 19:53:16,376]-[INFO]: Epoch 65/100	Loss_G: 0.4134901165962219	Loss_D:3.055001974105835
[2022-06-02 19:53:17,473]-[INFO]: Epoch 66/100	Loss_G: 0.38163188099861145	Loss_D:3.221764087677002
[2022-06-02 19:53:18,527]-[INFO]: Epoch 67/100	Loss_G: 0.3548557162284851	Loss_D:3.157207727432251
[2022-06-02 19:53:19,558]-[INFO]: Epoch 68/100	Loss_G: 0.3133460283279419	Loss_D:3.3809661865234375
[2022-06-02 19:53:20,581]-[INFO]: Epoch 69/100	Loss_G: 0.28074854612350464	Loss_D:3.176163673400879
[2022-06-02 19:53:21,605]-[INFO]: Epoch 70/100	Loss_G: 0.25390636920928955	Loss_D:3.223829746246338
[2022-06-02 19:53:22,651]-[INFO]: Epoch 71/100	Loss_G: 0.21715806424617767	Loss_D:3.0736160278320312
[2022-06-02 19:53:23,694]-[INFO]: Epoch 72/100	Loss_G: 0.17934724688529968	Loss_D:2.7621376514434814
[2022-06-02 19:53:24,704]-[INFO]: Epoch 73/100	Loss_G: 0.14604251086711884	Loss_D:2.6209919452667236
[2022-06-02 19:53:25,711]-[INFO]: Epoch 74/100	Loss_G: 0.11373481899499893	Loss_D:2.366067886352539
[2022-06-02 19:53:26,805]-[INFO]: Epoch 75/100	Loss_G: 0.07351155579090118	Loss_D:2.5317301750183105
[2022-06-02 19:53:27,843]-[INFO]: Epoch 76/100	Loss_G: 0.048284001648426056	Loss_D:2.5415971279144287
[2022-06-02 19:53:28,876]-[INFO]: Epoch 77/100	Loss_G: 0.007373136002570391	Loss_D:2.5909881591796875
[2022-06-02 19:53:29,895]-[INFO]: Epoch 78/100	Loss_G: -0.026476789265871048	Loss_D:2.819192409515381
[2022-06-02 19:53:30,909]-[INFO]: Epoch 79/100	Loss_G: -0.04410935565829277	Loss_D:3.0250461101531982
[2022-06-02 19:53:31,924]-[INFO]: Epoch 80/100	Loss_G: -0.08228504657745361	Loss_D:3.0641355514526367
[2022-06-02 19:53:32,961]-[INFO]: Epoch 81/100	Loss_G: -0.08782784640789032	Loss_D:3.281669855117798
[2022-06-02 19:53:33,991]-[INFO]: Epoch 82/100	Loss_G: -0.12003786861896515	Loss_D:3.318998098373413
[2022-06-02 19:53:35,005]-[INFO]: Epoch 83/100	Loss_G: -0.14557871222496033	Loss_D:3.322065591812134
[2022-06-02 19:53:36,066]-[INFO]: Epoch 84/100	Loss_G: -0.14243251085281372	Loss_D:3.4684226512908936
[2022-06-02 19:53:37,099]-[INFO]: Epoch 85/100	Loss_G: -0.16968977451324463	Loss_D:4.078500270843506
[2022-06-02 19:53:38,140]-[INFO]: Epoch 86/100	Loss_G: -0.16026127338409424	Loss_D:3.8404762744903564
[2022-06-02 19:53:39,158]-[INFO]: Epoch 87/100	Loss_G: -0.1715899258852005	Loss_D:3.948483467102051
[2022-06-02 19:53:40,167]-[INFO]: Epoch 88/100	Loss_G: -0.1777184009552002	Loss_D:3.76461124420166
[2022-06-02 19:53:41,168]-[INFO]: Epoch 89/100	Loss_G: -0.1863635778427124	Loss_D:3.531465768814087
[2022-06-02 19:53:42,219]-[INFO]: Epoch 90/100	Loss_G: -0.18454092741012573	Loss_D:3.4614036083221436
[2022-06-02 19:53:43,259]-[INFO]: Epoch 91/100	Loss_G: -0.18770316243171692	Loss_D:3.396793842315674
[2022-06-02 19:53:44,275]-[INFO]: Epoch 92/100	Loss_G: -0.17983949184417725	Loss_D:3.4118545055389404
[2022-06-02 19:53:45,285]-[INFO]: Epoch 93/100	Loss_G: -0.1770114004611969	Loss_D:3.699779510498047
[2022-06-02 19:53:46,292]-[INFO]: Epoch 94/100	Loss_G: -0.17161208391189575	Loss_D:3.3206610679626465
[2022-06-02 19:53:47,321]-[INFO]: Epoch 95/100	Loss_G: -0.168650820851326	Loss_D:3.6176345348358154
[2022-06-02 19:53:48,370]-[INFO]: Epoch 96/100	Loss_G: -0.15295091271400452	Loss_D:3.5305657386779785
[2022-06-02 19:53:49,377]-[INFO]: Epoch 97/100	Loss_G: -0.1599239706993103	Loss_D:3.5516443252563477
[2022-06-02 19:53:50,391]-[INFO]: Epoch 98/100	Loss_G: -0.15276220440864563	Loss_D:3.429759979248047
[2022-06-02 19:53:51,402]-[INFO]: Epoch 99/100	Loss_G: -0.14536187052726746	Loss_D:3.2415030002593994
[2022-06-02 19:53:52,437]-[INFO]: Epoch 100/100	Loss_G: -0.142775759100914	Loss_D:3.3883180618286133
[2022-06-02 19:53:52,611]-[INFO]: Result Image Saved in ./image
