[2022-06-02 19:21:18,693]-[INFO]: Model:WGAN-GP	Batch Size:128	Total Epoch:100	Start Epoch:0
[2022-06-02 19:21:18,693]-[INFO]: Train From Beginning
[2022-06-02 19:21:21,742]-[INFO]: Epoch 1/100	Loss_G: 0.05426115542650223	Loss_D:4.657958984375
[2022-06-02 19:21:23,064]-[INFO]: Epoch 2/100	Loss_G: 0.23763149976730347	Loss_D:1.4433802366256714
[2022-06-02 19:21:24,288]-[INFO]: Epoch 3/100	Loss_G: -1.126223087310791	Loss_D:29.718820571899414
[2022-06-02 19:21:25,573]-[INFO]: Epoch 4/100	Loss_G: 0.7684795260429382	Loss_D:38.070457458496094
[2022-06-02 19:21:26,870]-[INFO]: Epoch 5/100	Loss_G: 0.18803659081459045	Loss_D:69.44066619873047
[2022-06-02 19:21:28,074]-[INFO]: Epoch 6/100	Loss_G: 3.732609987258911	Loss_D:53.815467834472656
[2022-06-02 19:21:29,307]-[INFO]: Epoch 7/100	Loss_G: 1.6603901386260986	Loss_D:78.35801696777344
[2022-06-02 19:21:30,487]-[INFO]: Epoch 8/100	Loss_G: 3.9357829093933105	Loss_D:49.12833786010742
[2022-06-02 19:21:31,663]-[INFO]: Epoch 9/100	Loss_G: 2.581489086151123	Loss_D:6.237998962402344
[2022-06-02 19:21:32,900]-[INFO]: Epoch 10/100	Loss_G: 2.4999923706054688	Loss_D:13.129782676696777
[2022-06-02 19:21:34,116]-[INFO]: Epoch 11/100	Loss_G: 3.2968039512634277	Loss_D:44.699710845947266
[2022-06-02 19:21:35,292]-[INFO]: Epoch 12/100	Loss_G: 1.3861271142959595	Loss_D:537.632568359375
[2022-06-02 19:21:36,566]-[INFO]: Epoch 13/100	Loss_G: 6.748833656311035	Loss_D:172.35321044921875
[2022-06-02 19:21:37,783]-[INFO]: Epoch 14/100	Loss_G: 4.899806022644043	Loss_D:38.21501541137695
[2022-06-02 19:21:38,971]-[INFO]: Epoch 15/100	Loss_G: 2.4958996772766113	Loss_D:312.8382568359375
[2022-06-02 19:21:40,211]-[INFO]: Epoch 16/100	Loss_G: 7.721502304077148	Loss_D:262.4536437988281
[2022-06-02 19:21:41,442]-[INFO]: Epoch 17/100	Loss_G: 3.482689380645752	Loss_D:217.03765869140625
[2022-06-02 19:21:42,642]-[INFO]: Epoch 18/100	Loss_G: 1.6252962350845337	Loss_D:2497.802978515625
[2022-06-02 19:21:43,904]-[INFO]: Epoch 19/100	Loss_G: 12.757415771484375	Loss_D:433.3597106933594
[2022-06-02 19:21:45,163]-[INFO]: Epoch 20/100	Loss_G: 12.240398406982422	Loss_D:382.78997802734375
[2022-06-02 19:21:46,346]-[INFO]: Epoch 21/100	Loss_G: 7.86159610748291	Loss_D:1839.1522216796875
[2022-06-02 19:21:47,600]-[INFO]: Epoch 22/100	Loss_G: 8.587163925170898	Loss_D:396.8349304199219
[2022-06-02 19:21:48,833]-[INFO]: Epoch 23/100	Loss_G: 16.407577514648438	Loss_D:421.1577453613281
[2022-06-02 19:21:49,995]-[INFO]: Epoch 24/100	Loss_G: 11.8906831741333	Loss_D:591.755615234375
[2022-06-02 19:21:51,261]-[INFO]: Epoch 25/100	Loss_G: 7.526653289794922	Loss_D:4304.52294921875
[2022-06-02 19:21:52,507]-[INFO]: Epoch 26/100	Loss_G: 12.885740280151367	Loss_D:458.4429016113281
[2022-06-02 19:21:53,703]-[INFO]: Epoch 27/100	Loss_G: 21.38806915283203	Loss_D:1319.6588134765625
[2022-06-02 19:21:54,945]-[INFO]: Epoch 28/100	Loss_G: 14.392267227172852	Loss_D:1445.170166015625
[2022-06-02 19:21:56,270]-[INFO]: Epoch 29/100	Loss_G: 11.153006553649902	Loss_D:6381.912109375
[2022-06-02 19:21:57,470]-[INFO]: Epoch 30/100	Loss_G: 13.870502471923828	Loss_D:1057.5030517578125
[2022-06-02 19:21:58,745]-[INFO]: Epoch 31/100	Loss_G: 23.730314254760742	Loss_D:1553.92822265625
[2022-06-02 19:22:00,019]-[INFO]: Epoch 32/100	Loss_G: 16.988388061523438	Loss_D:2362.17431640625
[2022-06-02 19:22:01,371]-[INFO]: Epoch 33/100	Loss_G: 17.353477478027344	Loss_D:2579.974609375
[2022-06-02 19:22:02,590]-[INFO]: Epoch 34/100	Loss_G: 12.937784194946289	Loss_D:4776.1025390625
[2022-06-02 19:22:03,858]-[INFO]: Epoch 35/100	Loss_G: 25.84328842163086	Loss_D:2060.755615234375
[2022-06-02 19:22:05,160]-[INFO]: Epoch 36/100	Loss_G: 18.538543701171875	Loss_D:4263.67578125
[2022-06-02 19:22:06,454]-[INFO]: Epoch 37/100	Loss_G: 15.222097396850586	Loss_D:15511.041015625
[2022-06-02 19:22:07,748]-[INFO]: Epoch 38/100	Loss_G: 28.045507431030273	Loss_D:1747.9910888671875
[2022-06-02 19:22:08,981]-[INFO]: Epoch 39/100	Loss_G: 31.11979103088379	Loss_D:7665.048828125
[2022-06-02 19:22:10,250]-[INFO]: Epoch 40/100	Loss_G: 22.608173370361328	Loss_D:4575.55712890625
[2022-06-02 19:22:11,504]-[INFO]: Epoch 41/100	Loss_G: 14.869073867797852	Loss_D:21307.927734375
[2022-06-02 19:22:12,808]-[INFO]: Epoch 42/100	Loss_G: 36.660675048828125	Loss_D:3379.392822265625
[2022-06-02 19:22:14,056]-[INFO]: Epoch 43/100	Loss_G: 38.448490142822266	Loss_D:15013.4931640625
[2022-06-02 19:22:15,398]-[INFO]: Epoch 44/100	Loss_G: 28.056415557861328	Loss_D:7187.81787109375
[2022-06-02 19:22:16,662]-[INFO]: Epoch 45/100	Loss_G: 14.31675910949707	Loss_D:26055.083984375
[2022-06-02 19:22:17,936]-[INFO]: Epoch 46/100	Loss_G: 39.4429931640625	Loss_D:5642.142578125
[2022-06-02 19:22:19,210]-[INFO]: Epoch 47/100	Loss_G: 46.833335876464844	Loss_D:19623.423828125
[2022-06-02 19:22:20,497]-[INFO]: Epoch 48/100	Loss_G: 31.06441879272461	Loss_D:9725.779296875
[2022-06-02 19:22:21,739]-[INFO]: Epoch 49/100	Loss_G: 23.459163665771484	Loss_D:28375.552734375
[2022-06-02 19:22:23,042]-[INFO]: Epoch 50/100	Loss_G: 30.493934631347656	Loss_D:7808.68896484375
[2022-06-02 19:22:24,342]-[INFO]: Epoch 51/100	Loss_G: 55.31055450439453	Loss_D:18755.53515625
[2022-06-02 19:22:26,619]-[INFO]: Epoch 52/100	Loss_G: 35.01066207885742	Loss_D:24080.720703125
[2022-06-02 19:22:28,864]-[INFO]: Epoch 53/100	Loss_G: 33.013004302978516	Loss_D:17745.55078125
[2022-06-02 19:22:30,348]-[INFO]: Epoch 54/100	Loss_G: 23.642578125	Loss_D:39947.234375
[2022-06-02 19:22:31,650]-[INFO]: Epoch 55/100	Loss_G: 56.490928649902344	Loss_D:14558.255859375
[2022-06-02 19:22:32,907]-[INFO]: Epoch 56/100	Loss_G: 52.77294158935547	Loss_D:47285.34765625
[2022-06-02 19:22:34,229]-[INFO]: Epoch 57/100	Loss_G: 38.85680389404297	Loss_D:15542.8193359375
[2022-06-02 19:22:35,483]-[INFO]: Epoch 58/100	Loss_G: 30.8433837890625	Loss_D:38308.265625
[2022-06-02 19:22:36,799]-[INFO]: Epoch 59/100	Loss_G: 35.13056945800781	Loss_D:18927.443359375
[2022-06-02 19:22:38,077]-[INFO]: Epoch 60/100	Loss_G: 67.6610107421875	Loss_D:33745.23046875
[2022-06-02 19:22:39,365]-[INFO]: Epoch 61/100	Loss_G: 45.900611877441406	Loss_D:62293.8125
[2022-06-02 19:22:40,587]-[INFO]: Epoch 62/100	Loss_G: 42.60249328613281	Loss_D:18374.69921875
[2022-06-02 19:22:41,882]-[INFO]: Epoch 63/100	Loss_G: 26.806869506835938	Loss_D:65491.65234375
[2022-06-02 19:22:43,194]-[INFO]: Epoch 64/100	Loss_G: 49.087806701660156	Loss_D:15911.765625
[2022-06-02 19:22:44,478]-[INFO]: Epoch 65/100	Loss_G: 72.98065185546875	Loss_D:50764.53515625
[2022-06-02 19:22:45,706]-[INFO]: Epoch 66/100	Loss_G: 44.714576721191406	Loss_D:66612.109375
[2022-06-02 19:22:47,005]-[INFO]: Epoch 67/100	Loss_G: 47.556785583496094	Loss_D:30232.759765625
[2022-06-02 19:22:48,257]-[INFO]: Epoch 68/100	Loss_G: 26.740798950195312	Loss_D:89432.46875
[2022-06-02 19:22:49,547]-[INFO]: Epoch 69/100	Loss_G: 59.84840393066406	Loss_D:19792.84765625
[2022-06-02 19:22:50,777]-[INFO]: Epoch 70/100	Loss_G: 80.88044738769531	Loss_D:70220.4296875
[2022-06-02 19:22:52,065]-[INFO]: Epoch 71/100	Loss_G: 46.05525207519531	Loss_D:66774.0234375
[2022-06-02 19:22:53,322]-[INFO]: Epoch 72/100	Loss_G: 54.84129333496094	Loss_D:32766.73046875
[2022-06-02 19:22:54,661]-[INFO]: Epoch 73/100	Loss_G: 28.239994049072266	Loss_D:86283.6796875
[2022-06-02 19:22:55,886]-[INFO]: Epoch 74/100	Loss_G: 64.54035186767578	Loss_D:22114.98828125
[2022-06-02 19:22:57,165]-[INFO]: Epoch 75/100	Loss_G: 79.3306655883789	Loss_D:58597.078125
[2022-06-02 19:22:58,438]-[INFO]: Epoch 76/100	Loss_G: 48.142578125	Loss_D:55679.86328125
[2022-06-02 19:22:59,767]-[INFO]: Epoch 77/100	Loss_G: 58.612152099609375	Loss_D:22886.23046875
[2022-06-02 19:23:00,996]-[INFO]: Epoch 78/100	Loss_G: 38.39458465576172	Loss_D:95033.203125
[2022-06-02 19:23:02,306]-[INFO]: Epoch 79/100	Loss_G: 58.023155212402344	Loss_D:14233.6904296875
[2022-06-02 19:23:03,624]-[INFO]: Epoch 80/100	Loss_G: 76.70208740234375	Loss_D:34630.81640625
[2022-06-02 19:23:06,021]-[INFO]: Epoch 81/100	Loss_G: 61.778167724609375	Loss_D:50234.07421875
[2022-06-02 19:23:08,324]-[INFO]: Epoch 82/100	Loss_G: 61.764244079589844	Loss_D:20517.671875
[2022-06-02 19:23:09,811]-[INFO]: Epoch 83/100	Loss_G: 57.191646575927734	Loss_D:93946.7890625
[2022-06-02 19:23:11,113]-[INFO]: Epoch 84/100	Loss_G: 26.560253143310547	Loss_D:35301.921875
[2022-06-02 19:23:12,394]-[INFO]: Epoch 85/100	Loss_G: 81.46720886230469	Loss_D:25726.642578125
[2022-06-02 19:23:13,696]-[INFO]: Epoch 86/100	Loss_G: 89.82144165039062	Loss_D:53253.61328125
[2022-06-02 19:23:14,935]-[INFO]: Epoch 87/100	Loss_G: 59.14311218261719	Loss_D:51743.53515625
[2022-06-02 19:23:16,223]-[INFO]: Epoch 88/100	Loss_G: 71.35740661621094	Loss_D:29027.255859375
[2022-06-02 19:23:17,502]-[INFO]: Epoch 89/100	Loss_G: 53.441627502441406	Loss_D:121704.015625
[2022-06-02 19:23:18,799]-[INFO]: Epoch 90/100	Loss_G: 34.59749221801758	Loss_D:30637.1484375
[2022-06-02 19:23:20,014]-[INFO]: Epoch 91/100	Loss_G: 87.6595687866211	Loss_D:27281.7109375
[2022-06-02 19:23:21,299]-[INFO]: Epoch 92/100	Loss_G: 92.35052490234375	Loss_D:52848.55859375
[2022-06-02 19:23:22,652]-[INFO]: Epoch 93/100	Loss_G: 65.89007568359375	Loss_D:31866.970703125
[2022-06-02 19:23:23,955]-[INFO]: Epoch 94/100	Loss_G: 80.24777221679688	Loss_D:43050.54296875
[2022-06-02 19:23:25,188]-[INFO]: Epoch 95/100	Loss_G: 31.479907989501953	Loss_D:162133.375
[2022-06-02 19:23:26,466]-[INFO]: Epoch 96/100	Loss_G: 67.29150390625	Loss_D:15105.314453125
[2022-06-02 19:23:27,728]-[INFO]: Epoch 97/100	Loss_G: 91.32838439941406	Loss_D:25611.302734375
[2022-06-02 19:23:29,020]-[INFO]: Epoch 98/100	Loss_G: 87.50373840332031	Loss_D:50853.19140625
[2022-06-02 19:23:30,316]-[INFO]: Epoch 99/100	Loss_G: 76.0709457397461	Loss_D:26527.5859375
[2022-06-02 19:23:31,617]-[INFO]: Epoch 100/100	Loss_G: 87.45947265625	Loss_D:88611.296875
[2022-06-02 19:23:31,788]-[INFO]: Result Image Saved in ./image
