[2022-06-02 19:54:16,588]-[INFO]: Model:WGAN-GP	Batch Size:128	Total Epoch:100	Start Epoch:0
[2022-06-02 19:54:16,589]-[INFO]: Train From Beginning
[2022-06-02 19:54:19,238]-[INFO]: Epoch 1/100	Loss_G: -0.11724618077278137	Loss_D:-0.5015313625335693
[2022-06-02 19:54:20,384]-[INFO]: Epoch 2/100	Loss_G: -1.4865174293518066	Loss_D:7.808183670043945
[2022-06-02 19:54:21,526]-[INFO]: Epoch 3/100	Loss_G: -1.4112485647201538	Loss_D:1.1239956617355347
[2022-06-02 19:54:22,789]-[INFO]: Epoch 4/100	Loss_G: 0.5357697606086731	Loss_D:1.0094380378723145
[2022-06-02 19:54:23,872]-[INFO]: Epoch 5/100	Loss_G: 1.5098087787628174	Loss_D:3.8127918243408203
[2022-06-02 19:54:24,932]-[INFO]: Epoch 6/100	Loss_G: 0.8050885200500488	Loss_D:0.7412877082824707
[2022-06-02 19:54:26,013]-[INFO]: Epoch 7/100	Loss_G: 0.42155641317367554	Loss_D:0.3586176931858063
[2022-06-02 19:54:27,115]-[INFO]: Epoch 8/100	Loss_G: -0.18958941102027893	Loss_D:2.9550867080688477
[2022-06-02 19:54:28,204]-[INFO]: Epoch 9/100	Loss_G: -0.15970194339752197	Loss_D:3.49875807762146
[2022-06-02 19:54:29,273]-[INFO]: Epoch 10/100	Loss_G: -0.039970800280570984	Loss_D:1.8784371614456177
[2022-06-02 19:54:30,498]-[INFO]: Epoch 11/100	Loss_G: -0.0006942856125533581	Loss_D:3.0858821868896484
[2022-06-02 19:54:31,698]-[INFO]: Epoch 12/100	Loss_G: 0.27016952633857727	Loss_D:4.3439812660217285
[2022-06-02 19:54:32,828]-[INFO]: Epoch 13/100	Loss_G: 0.6008404493331909	Loss_D:1.2367132902145386
[2022-06-02 19:54:33,913]-[INFO]: Epoch 14/100	Loss_G: 0.588765025138855	Loss_D:0.9971533417701721
[2022-06-02 19:54:34,983]-[INFO]: Epoch 15/100	Loss_G: 0.27572059631347656	Loss_D:3.9072115421295166
[2022-06-02 19:54:36,048]-[INFO]: Epoch 16/100	Loss_G: 0.013476819731295109	Loss_D:1.283212661743164
[2022-06-02 19:54:37,131]-[INFO]: Epoch 17/100	Loss_G: -0.23678646981716156	Loss_D:0.17363974452018738
[2022-06-02 19:54:38,230]-[INFO]: Epoch 18/100	Loss_G: -0.11355260759592056	Loss_D:1.7664343118667603
[2022-06-02 19:54:39,304]-[INFO]: Epoch 19/100	Loss_G: 0.8083691596984863	Loss_D:1.3230774402618408
[2022-06-02 19:54:40,374]-[INFO]: Epoch 20/100	Loss_G: 1.0778353214263916	Loss_D:0.7005710601806641
[2022-06-02 19:54:41,451]-[INFO]: Epoch 21/100	Loss_G: 0.32085978984832764	Loss_D:1.04853355884552
[2022-06-02 19:54:42,541]-[INFO]: Epoch 22/100	Loss_G: 0.05966571718454361	Loss_D:2.8644466400146484
[2022-06-02 19:54:43,719]-[INFO]: Epoch 23/100	Loss_G: -0.4323333501815796	Loss_D:0.22777241468429565
[2022-06-02 19:54:44,815]-[INFO]: Epoch 24/100	Loss_G: -1.148270606994629	Loss_D:1.2181768417358398
[2022-06-02 19:54:45,967]-[INFO]: Epoch 25/100	Loss_G: 0.13171154260635376	Loss_D:4.592662334442139
[2022-06-02 19:54:47,116]-[INFO]: Epoch 26/100	Loss_G: 1.7063250541687012	Loss_D:1.3118926286697388
[2022-06-02 19:54:48,238]-[INFO]: Epoch 27/100	Loss_G: 0.8686262965202332	Loss_D:3.116394281387329
[2022-06-02 19:54:49,305]-[INFO]: Epoch 28/100	Loss_G: 0.2400098443031311	Loss_D:3.5218114852905273
[2022-06-02 19:54:50,396]-[INFO]: Epoch 29/100	Loss_G: -0.211701437830925	Loss_D:0.8568505644798279
[2022-06-02 19:54:51,470]-[INFO]: Epoch 30/100	Loss_G: -1.1689198017120361	Loss_D:2.4838409423828125
[2022-06-02 19:54:52,563]-[INFO]: Epoch 31/100	Loss_G: 0.13703462481498718	Loss_D:1.41061270236969
[2022-06-02 19:54:53,647]-[INFO]: Epoch 32/100	Loss_G: 1.3544093370437622	Loss_D:1.7436559200286865
[2022-06-02 19:54:54,717]-[INFO]: Epoch 33/100	Loss_G: 0.7295252084732056	Loss_D:0.5758561491966248
[2022-06-02 19:54:55,777]-[INFO]: Epoch 34/100	Loss_G: 0.26013821363449097	Loss_D:0.4957503378391266
[2022-06-02 19:54:56,847]-[INFO]: Epoch 35/100	Loss_G: -0.5542062520980835	Loss_D:2.078070878982544
[2022-06-02 19:54:57,954]-[INFO]: Epoch 36/100	Loss_G: -0.7263438701629639	Loss_D:1.5976957082748413
[2022-06-02 19:54:59,026]-[INFO]: Epoch 37/100	Loss_G: 0.8025332689285278	Loss_D:-0.09899619221687317
[2022-06-02 19:55:00,075]-[INFO]: Epoch 38/100	Loss_G: 1.0391082763671875	Loss_D:0.6516755819320679
[2022-06-02 19:55:01,162]-[INFO]: Epoch 39/100	Loss_G: 0.5600681304931641	Loss_D:4.201356410980225
[2022-06-02 19:55:02,249]-[INFO]: Epoch 40/100	Loss_G: 0.14837414026260376	Loss_D:-0.23490354418754578
[2022-06-02 19:55:03,348]-[INFO]: Epoch 41/100	Loss_G: -0.6155375242233276	Loss_D:1.1660021543502808
[2022-06-02 19:55:04,421]-[INFO]: Epoch 42/100	Loss_G: -0.058579787611961365	Loss_D:3.2784881591796875
[2022-06-02 19:55:05,472]-[INFO]: Epoch 43/100	Loss_G: 1.1571489572525024	Loss_D:-0.13721193373203278
[2022-06-02 19:55:06,548]-[INFO]: Epoch 44/100	Loss_G: 0.9081475138664246	Loss_D:0.7964133024215698
[2022-06-02 19:55:07,641]-[INFO]: Epoch 45/100	Loss_G: 0.46938401460647583	Loss_D:6.422728061676025
[2022-06-02 19:55:08,723]-[INFO]: Epoch 46/100	Loss_G: -0.03631747141480446	Loss_D:0.36935901641845703
[2022-06-02 19:55:09,800]-[INFO]: Epoch 47/100	Loss_G: -0.7103894948959351	Loss_D:0.8914686441421509
[2022-06-02 19:55:10,899]-[INFO]: Epoch 48/100	Loss_G: 0.3852842450141907	Loss_D:1.7541767358779907
[2022-06-02 19:55:11,991]-[INFO]: Epoch 49/100	Loss_G: 1.1920673847198486	Loss_D:0.4568690061569214
[2022-06-02 19:55:13,099]-[INFO]: Epoch 50/100	Loss_G: 0.7773374915122986	Loss_D:0.5064609050750732
[2022-06-02 19:55:14,161]-[INFO]: Epoch 51/100	Loss_G: 0.4179396629333496	Loss_D:1.795856237411499
[2022-06-02 19:55:15,236]-[INFO]: Epoch 52/100	Loss_G: -0.35055088996887207	Loss_D:1.5558393001556396
[2022-06-02 19:55:16,306]-[INFO]: Epoch 53/100	Loss_G: -0.5889240503311157	Loss_D:1.2464041709899902
[2022-06-02 19:55:17,391]-[INFO]: Epoch 54/100	Loss_G: 0.849872887134552	Loss_D:0.42282259464263916
[2022-06-02 19:55:18,499]-[INFO]: Epoch 55/100	Loss_G: 1.1958781480789185	Loss_D:0.5026166439056396
[2022-06-02 19:55:19,567]-[INFO]: Epoch 56/100	Loss_G: 0.7416646480560303	Loss_D:1.6864250898361206
[2022-06-02 19:55:20,631]-[INFO]: Epoch 57/100	Loss_G: 0.40423256158828735	Loss_D:0.5515930652618408
[2022-06-02 19:55:21,714]-[INFO]: Epoch 58/100	Loss_G: -0.35893839597702026	Loss_D:2.4360969066619873
[2022-06-02 19:55:22,815]-[INFO]: Epoch 59/100	Loss_G: -0.3796762228012085	Loss_D:1.1642564535140991
[2022-06-02 19:55:23,886]-[INFO]: Epoch 60/100	Loss_G: 1.149940848350525	Loss_D:1.034005045890808
[2022-06-02 19:55:24,949]-[INFO]: Epoch 61/100	Loss_G: 1.3887537717819214	Loss_D:1.012819766998291
[2022-06-02 19:55:26,027]-[INFO]: Epoch 62/100	Loss_G: 0.7394669055938721	Loss_D:1.1176338195800781
[2022-06-02 19:55:27,115]-[INFO]: Epoch 63/100	Loss_G: 0.4163154661655426	Loss_D:0.02599397301673889
[2022-06-02 19:55:28,219]-[INFO]: Epoch 64/100	Loss_G: -0.4679601490497589	Loss_D:3.5430068969726562
[2022-06-02 19:55:29,287]-[INFO]: Epoch 65/100	Loss_G: -0.3871730864048004	Loss_D:1.7020180225372314
[2022-06-02 19:55:30,376]-[INFO]: Epoch 66/100	Loss_G: 1.2473883628845215	Loss_D:0.3281145691871643
[2022-06-02 19:55:31,443]-[INFO]: Epoch 67/100	Loss_G: 1.3800231218338013	Loss_D:1.0194485187530518
[2022-06-02 19:55:32,551]-[INFO]: Epoch 68/100	Loss_G: 0.7557405233383179	Loss_D:2.154724359512329
[2022-06-02 19:55:33,638]-[INFO]: Epoch 69/100	Loss_G: 0.381472110748291	Loss_D:-0.2888105809688568
[2022-06-02 19:55:34,707]-[INFO]: Epoch 70/100	Loss_G: -0.5264021158218384	Loss_D:2.865565299987793
[2022-06-02 19:55:35,781]-[INFO]: Epoch 71/100	Loss_G: -0.3318305015563965	Loss_D:1.8547950983047485
[2022-06-02 19:55:36,866]-[INFO]: Epoch 72/100	Loss_G: 1.2386064529418945	Loss_D:0.5213025212287903
[2022-06-02 19:55:37,963]-[INFO]: Epoch 73/100	Loss_G: 1.3805017471313477	Loss_D:0.45266836881637573
[2022-06-02 19:55:39,053]-[INFO]: Epoch 74/100	Loss_G: 0.8244288563728333	Loss_D:2.073543071746826
[2022-06-02 19:55:40,120]-[INFO]: Epoch 75/100	Loss_G: 0.4495333433151245	Loss_D:0.08693298697471619
[2022-06-02 19:55:41,203]-[INFO]: Epoch 76/100	Loss_G: -0.36174476146698	Loss_D:2.9261598587036133
[2022-06-02 19:55:42,303]-[INFO]: Epoch 77/100	Loss_G: -0.4866473078727722	Loss_D:1.0518893003463745
[2022-06-02 19:55:43,403]-[INFO]: Epoch 78/100	Loss_G: 1.0956099033355713	Loss_D:1.4153646230697632
[2022-06-02 19:55:44,453]-[INFO]: Epoch 79/100	Loss_G: 1.4709231853485107	Loss_D:0.42876654863357544
[2022-06-02 19:55:45,533]-[INFO]: Epoch 80/100	Loss_G: 0.9565227031707764	Loss_D:0.7676827311515808
[2022-06-02 19:55:46,614]-[INFO]: Epoch 81/100	Loss_G: 0.5739539861679077	Loss_D:1.7178022861480713
[2022-06-02 19:55:47,721]-[INFO]: Epoch 82/100	Loss_G: -0.09454546868801117	Loss_D:2.384815216064453
[2022-06-02 19:55:48,819]-[INFO]: Epoch 83/100	Loss_G: -0.6862556338310242	Loss_D:1.3227465152740479
[2022-06-02 19:55:49,931]-[INFO]: Epoch 84/100	Loss_G: 0.7971940040588379	Loss_D:3.038795232772827
[2022-06-02 19:55:50,987]-[INFO]: Epoch 85/100	Loss_G: 1.5583627223968506	Loss_D:0.4768310785293579
[2022-06-02 19:55:52,082]-[INFO]: Epoch 86/100	Loss_G: 1.1281087398529053	Loss_D:0.4938681423664093
[2022-06-02 19:55:53,183]-[INFO]: Epoch 87/100	Loss_G: 0.6851409673690796	Loss_D:4.870820045471191
[2022-06-02 19:55:54,270]-[INFO]: Epoch 88/100	Loss_G: 0.16337254643440247	Loss_D:1.3339862823486328
[2022-06-02 19:55:55,349]-[INFO]: Epoch 89/100	Loss_G: -0.7723444700241089	Loss_D:3.9253616333007812
[2022-06-02 19:55:56,421]-[INFO]: Epoch 90/100	Loss_G: 0.44243133068084717	Loss_D:4.125698089599609
[2022-06-02 19:55:57,502]-[INFO]: Epoch 91/100	Loss_G: 1.4962689876556396	Loss_D:0.6377725005149841
[2022-06-02 19:55:58,599]-[INFO]: Epoch 92/100	Loss_G: 1.2560961246490479	Loss_D:0.9497504234313965
[2022-06-02 19:55:59,653]-[INFO]: Epoch 93/100	Loss_G: 0.7741421461105347	Loss_D:6.284063816070557
[2022-06-02 19:56:00,726]-[INFO]: Epoch 94/100	Loss_G: 0.3059920370578766	Loss_D:1.0781137943267822
[2022-06-02 19:56:01,807]-[INFO]: Epoch 95/100	Loss_G: -0.7875105738639832	Loss_D:6.854561805725098
[2022-06-02 19:56:02,924]-[INFO]: Epoch 96/100	Loss_G: 0.33674681186676025	Loss_D:3.5012598037719727
[2022-06-02 19:56:04,002]-[INFO]: Epoch 97/100	Loss_G: 1.4330308437347412	Loss_D:1.3105262517929077
[2022-06-02 19:56:05,079]-[INFO]: Epoch 98/100	Loss_G: 1.252516508102417	Loss_D:2.2789084911346436
[2022-06-02 19:56:06,165]-[INFO]: Epoch 99/100	Loss_G: 0.7964152097702026	Loss_D:3.4624598026275635
[2022-06-02 19:56:07,276]-[INFO]: Epoch 100/100	Loss_G: 0.17341849207878113	Loss_D:4.965815544128418
[2022-06-02 19:56:07,463]-[INFO]: Result Image Saved in ./image
