[2022-06-02 19:50:17,177]-[INFO]: Model:WGAN	Batch Size:128	Total Epoch:100	Start Epoch:0
[2022-06-02 19:50:17,177]-[INFO]: Train From Beginning
[2022-06-02 19:50:19,519]-[INFO]: Epoch 1/100	Loss_G: 0.04174046590924263	Loss_D:-0.04394570738077164
[2022-06-02 19:50:20,366]-[INFO]: Epoch 2/100	Loss_G: 0.0434534028172493	Loss_D:-0.1330420970916748
[2022-06-02 19:50:21,144]-[INFO]: Epoch 3/100	Loss_G: 0.0411689430475235	Loss_D:-0.22209203243255615
[2022-06-02 19:50:21,943]-[INFO]: Epoch 4/100	Loss_G: 0.03001786768436432	Loss_D:-0.3083025813102722
[2022-06-02 19:50:22,760]-[INFO]: Epoch 5/100	Loss_G: 0.021190714091062546	Loss_D:-0.3825220763683319
[2022-06-02 19:50:23,556]-[INFO]: Epoch 6/100	Loss_G: -0.002268959768116474	Loss_D:-0.45206645131111145
[2022-06-02 19:50:24,329]-[INFO]: Epoch 7/100	Loss_G: -0.015202317386865616	Loss_D:-0.5267267823219299
[2022-06-02 19:50:25,110]-[INFO]: Epoch 8/100	Loss_G: -0.0688757598400116	Loss_D:-0.5749661922454834
[2022-06-02 19:50:25,889]-[INFO]: Epoch 9/100	Loss_G: -0.15115103125572205	Loss_D:-0.6245377063751221
[2022-06-02 19:50:26,676]-[INFO]: Epoch 10/100	Loss_G: -0.20682820677757263	Loss_D:-0.6585853695869446
[2022-06-02 19:50:27,504]-[INFO]: Epoch 11/100	Loss_G: -0.2694029211997986	Loss_D:-0.6534930467605591
[2022-06-02 19:50:28,313]-[INFO]: Epoch 12/100	Loss_G: -0.3577656149864197	Loss_D:-0.62020343542099
[2022-06-02 19:50:29,109]-[INFO]: Epoch 13/100	Loss_G: -0.46885281801223755	Loss_D:-0.6164814829826355
[2022-06-02 19:50:29,895]-[INFO]: Epoch 14/100	Loss_G: -0.6202311515808105	Loss_D:-0.5766701698303223
[2022-06-02 19:50:30,676]-[INFO]: Epoch 15/100	Loss_G: -0.7540979385375977	Loss_D:-0.4386841654777527
[2022-06-02 19:50:31,452]-[INFO]: Epoch 16/100	Loss_G: -0.8931815028190613	Loss_D:-0.3713291883468628
[2022-06-02 19:50:32,250]-[INFO]: Epoch 17/100	Loss_G: -1.0451157093048096	Loss_D:-0.27450454235076904
[2022-06-02 19:50:33,054]-[INFO]: Epoch 18/100	Loss_G: -1.170898675918579	Loss_D:-0.19705915451049805
[2022-06-02 19:50:33,842]-[INFO]: Epoch 19/100	Loss_G: -1.2811747789382935	Loss_D:-0.01745450496673584
[2022-06-02 19:50:34,615]-[INFO]: Epoch 20/100	Loss_G: -1.444600224494934	Loss_D:0.07187652587890625
[2022-06-02 19:50:35,387]-[INFO]: Epoch 21/100	Loss_G: -1.5017600059509277	Loss_D:0.16002345085144043
[2022-06-02 19:50:36,169]-[INFO]: Epoch 22/100	Loss_G: -1.4941092729568481	Loss_D:0.24709653854370117
[2022-06-02 19:50:36,968]-[INFO]: Epoch 23/100	Loss_G: -1.5824596881866455	Loss_D:0.22785329818725586
[2022-06-02 19:50:37,776]-[INFO]: Epoch 24/100	Loss_G: -1.578134298324585	Loss_D:0.3152437210083008
[2022-06-02 19:50:38,581]-[INFO]: Epoch 25/100	Loss_G: -1.5535576343536377	Loss_D:0.31247031688690186
[2022-06-02 19:50:39,357]-[INFO]: Epoch 26/100	Loss_G: -1.5168906450271606	Loss_D:0.3652808666229248
[2022-06-02 19:50:40,130]-[INFO]: Epoch 27/100	Loss_G: -1.393466830253601	Loss_D:0.37076687812805176
[2022-06-02 19:50:40,896]-[INFO]: Epoch 28/100	Loss_G: -1.316213846206665	Loss_D:0.34657955169677734
[2022-06-02 19:50:41,705]-[INFO]: Epoch 29/100	Loss_G: -1.2211723327636719	Loss_D:0.3347853422164917
[2022-06-02 19:50:42,500]-[INFO]: Epoch 30/100	Loss_G: -1.1371663808822632	Loss_D:0.31957972049713135
[2022-06-02 19:50:43,297]-[INFO]: Epoch 31/100	Loss_G: -0.9888442754745483	Loss_D:0.24729394912719727
[2022-06-02 19:50:44,075]-[INFO]: Epoch 32/100	Loss_G: -0.8513485193252563	Loss_D:0.21535086631774902
[2022-06-02 19:50:44,850]-[INFO]: Epoch 33/100	Loss_G: -0.7100158929824829	Loss_D:0.1544920802116394
[2022-06-02 19:50:45,615]-[INFO]: Epoch 34/100	Loss_G: -0.5559887290000916	Loss_D:0.10662207007408142
[2022-06-02 19:50:46,394]-[INFO]: Epoch 35/100	Loss_G: -0.41905921697616577	Loss_D:0.05200672149658203
[2022-06-02 19:50:47,189]-[INFO]: Epoch 36/100	Loss_G: -0.2734716236591339	Loss_D:-0.0008390545845031738
[2022-06-02 19:50:47,991]-[INFO]: Epoch 37/100	Loss_G: -0.12527582049369812	Loss_D:-0.05447794497013092
[2022-06-02 19:50:48,775]-[INFO]: Epoch 38/100	Loss_G: -0.011528005823493004	Loss_D:-0.12034592777490616
[2022-06-02 19:50:49,543]-[INFO]: Epoch 39/100	Loss_G: 0.14514240622520447	Loss_D:-0.16748890280723572
[2022-06-02 19:50:50,318]-[INFO]: Epoch 40/100	Loss_G: 0.26177978515625	Loss_D:-0.18385574221611023
[2022-06-02 19:50:51,091]-[INFO]: Epoch 41/100	Loss_G: 0.37528038024902344	Loss_D:-0.25208020210266113
[2022-06-02 19:50:51,882]-[INFO]: Epoch 42/100	Loss_G: 0.5145790576934814	Loss_D:-0.2613927721977234
[2022-06-02 19:50:52,668]-[INFO]: Epoch 43/100	Loss_G: 0.5745989084243774	Loss_D:-0.2777706980705261
[2022-06-02 19:50:53,463]-[INFO]: Epoch 44/100	Loss_G: 0.6509590148925781	Loss_D:-0.27943408489227295
[2022-06-02 19:50:54,243]-[INFO]: Epoch 45/100	Loss_G: 0.7092441320419312	Loss_D:-0.27710211277008057
[2022-06-02 19:50:55,010]-[INFO]: Epoch 46/100	Loss_G: 0.8154932260513306	Loss_D:-0.2820742130279541
[2022-06-02 19:50:55,816]-[INFO]: Epoch 47/100	Loss_G: 0.8613316416740417	Loss_D:-0.24954187870025635
[2022-06-02 19:50:56,594]-[INFO]: Epoch 48/100	Loss_G: 0.8750447034835815	Loss_D:-0.2166995406150818
[2022-06-02 19:50:57,389]-[INFO]: Epoch 49/100	Loss_G: 0.8514022827148438	Loss_D:-0.21293962001800537
[2022-06-02 19:50:58,188]-[INFO]: Epoch 50/100	Loss_G: 0.8784580230712891	Loss_D:-0.175825834274292
[2022-06-02 19:50:58,959]-[INFO]: Epoch 51/100	Loss_G: 0.8293992280960083	Loss_D:-0.09997165203094482
[2022-06-02 19:50:59,731]-[INFO]: Epoch 52/100	Loss_G: 0.8424450755119324	Loss_D:-0.08888512849807739
[2022-06-02 19:51:00,494]-[INFO]: Epoch 53/100	Loss_G: 0.8148074150085449	Loss_D:-0.009393572807312012
[2022-06-02 19:51:01,262]-[INFO]: Epoch 54/100	Loss_G: 0.7716823816299438	Loss_D:0.03096950054168701
[2022-06-02 19:51:02,068]-[INFO]: Epoch 55/100	Loss_G: 0.7758458852767944	Loss_D:0.06036418676376343
[2022-06-02 19:51:02,881]-[INFO]: Epoch 56/100	Loss_G: 0.6616113185882568	Loss_D:0.07780039310455322
[2022-06-02 19:51:03,674]-[INFO]: Epoch 57/100	Loss_G: 0.6599009037017822	Loss_D:0.10123354196548462
[2022-06-02 19:51:04,457]-[INFO]: Epoch 58/100	Loss_G: 0.6190391182899475	Loss_D:0.09703493118286133
[2022-06-02 19:51:05,251]-[INFO]: Epoch 59/100	Loss_G: 0.5854741334915161	Loss_D:0.11755847930908203
[2022-06-02 19:51:06,059]-[INFO]: Epoch 60/100	Loss_G: 0.5575451254844666	Loss_D:0.10491073131561279
[2022-06-02 19:51:06,875]-[INFO]: Epoch 61/100	Loss_G: 0.5312790870666504	Loss_D:0.08574974536895752
[2022-06-02 19:51:07,702]-[INFO]: Epoch 62/100	Loss_G: 0.48954838514328003	Loss_D:0.07614445686340332
[2022-06-02 19:51:08,527]-[INFO]: Epoch 63/100	Loss_G: 0.46972039341926575	Loss_D:0.07288658618927002
[2022-06-02 19:51:09,326]-[INFO]: Epoch 64/100	Loss_G: 0.4286099672317505	Loss_D:0.05932396650314331
[2022-06-02 19:51:10,158]-[INFO]: Epoch 65/100	Loss_G: 0.4060724079608917	Loss_D:0.044320762157440186
[2022-06-02 19:51:10,965]-[INFO]: Epoch 66/100	Loss_G: 0.3808574080467224	Loss_D:0.027346819639205933
[2022-06-02 19:51:11,773]-[INFO]: Epoch 67/100	Loss_G: 0.3560817837715149	Loss_D:0.012582361698150635
[2022-06-02 19:51:12,598]-[INFO]: Epoch 68/100	Loss_G: 0.31455159187316895	Loss_D:-0.004174947738647461
[2022-06-02 19:51:13,407]-[INFO]: Epoch 69/100	Loss_G: 0.29104506969451904	Loss_D:-0.01869642734527588
[2022-06-02 19:51:14,190]-[INFO]: Epoch 70/100	Loss_G: 0.25056496262550354	Loss_D:-0.03258514404296875
[2022-06-02 19:51:14,979]-[INFO]: Epoch 71/100	Loss_G: 0.21414995193481445	Loss_D:-0.029605358839035034
[2022-06-02 19:51:15,758]-[INFO]: Epoch 72/100	Loss_G: 0.17658749222755432	Loss_D:-0.040637001395225525
[2022-06-02 19:51:16,543]-[INFO]: Epoch 73/100	Loss_G: 0.14144811034202576	Loss_D:-0.04883338510990143
[2022-06-02 19:51:17,342]-[INFO]: Epoch 74/100	Loss_G: 0.10882101953029633	Loss_D:-0.047098640352487564
[2022-06-02 19:51:18,143]-[INFO]: Epoch 75/100	Loss_G: 0.06665608286857605	Loss_D:-0.05302809178829193
[2022-06-02 19:51:18,931]-[INFO]: Epoch 76/100	Loss_G: 0.03325558081269264	Loss_D:-0.04225228726863861
[2022-06-02 19:51:19,700]-[INFO]: Epoch 77/100	Loss_G: 0.011956319212913513	Loss_D:-0.04938596487045288
[2022-06-02 19:51:20,481]-[INFO]: Epoch 78/100	Loss_G: -0.025955410674214363	Loss_D:-0.048208288848400116
[2022-06-02 19:51:21,256]-[INFO]: Epoch 79/100	Loss_G: -0.049713410437107086	Loss_D:-0.06323124468326569
[2022-06-02 19:51:22,062]-[INFO]: Epoch 80/100	Loss_G: -0.08177828788757324	Loss_D:-0.05518811196088791
[2022-06-02 19:51:22,868]-[INFO]: Epoch 81/100	Loss_G: -0.09766359627246857	Loss_D:-0.052233561873435974
[2022-06-02 19:51:23,662]-[INFO]: Epoch 82/100	Loss_G: -0.10632362961769104	Loss_D:-0.05300050228834152
[2022-06-02 19:51:24,471]-[INFO]: Epoch 83/100	Loss_G: -0.13788899779319763	Loss_D:-0.04521253705024719
[2022-06-02 19:51:25,241]-[INFO]: Epoch 84/100	Loss_G: -0.15197914838790894	Loss_D:-0.05428719520568848
[2022-06-02 19:51:26,023]-[INFO]: Epoch 85/100	Loss_G: -0.16698060929775238	Loss_D:-0.04394574463367462
[2022-06-02 19:51:26,815]-[INFO]: Epoch 86/100	Loss_G: -0.1686473786830902	Loss_D:-0.06079964339733124
[2022-06-02 19:51:27,619]-[INFO]: Epoch 87/100	Loss_G: -0.17508870363235474	Loss_D:-0.05286438763141632
[2022-06-02 19:51:28,419]-[INFO]: Epoch 88/100	Loss_G: -0.18344801664352417	Loss_D:-0.05808916687965393
[2022-06-02 19:51:29,198]-[INFO]: Epoch 89/100	Loss_G: -0.18558695912361145	Loss_D:-0.05753554403781891
[2022-06-02 19:51:29,976]-[INFO]: Epoch 90/100	Loss_G: -0.1900944858789444	Loss_D:-0.059547409415245056
[2022-06-02 19:51:30,761]-[INFO]: Epoch 91/100	Loss_G: -0.18198615312576294	Loss_D:-0.06691297888755798
[2022-06-02 19:51:31,554]-[INFO]: Epoch 92/100	Loss_G: -0.17611557245254517	Loss_D:-0.061977237462997437
[2022-06-02 19:51:32,358]-[INFO]: Epoch 93/100	Loss_G: -0.17480917274951935	Loss_D:-0.05942875146865845
[2022-06-02 19:51:33,169]-[INFO]: Epoch 94/100	Loss_G: -0.17279741168022156	Loss_D:-0.06778037548065186
[2022-06-02 19:51:33,948]-[INFO]: Epoch 95/100	Loss_G: -0.17054328322410583	Loss_D:-0.06294775009155273
[2022-06-02 19:51:34,725]-[INFO]: Epoch 96/100	Loss_G: -0.163343146443367	Loss_D:-0.07144567370414734
[2022-06-02 19:51:35,503]-[INFO]: Epoch 97/100	Loss_G: -0.1552165150642395	Loss_D:-0.06610701978206635
[2022-06-02 19:51:36,319]-[INFO]: Epoch 98/100	Loss_G: -0.14212566614151	Loss_D:-0.06017497181892395
[2022-06-02 19:51:37,117]-[INFO]: Epoch 99/100	Loss_G: -0.1501593291759491	Loss_D:-0.0662875771522522
[2022-06-02 19:51:37,937]-[INFO]: Epoch 100/100	Loss_G: -0.1404370665550232	Loss_D:-0.05088874697685242
[2022-06-02 19:51:38,157]-[INFO]: Result Image Saved in ./image
