[2022-06-02 19:28:45,855]-[INFO]: Model:WGAN	Batch Size:128	Total Epoch:100	Start Epoch:0
[2022-06-02 19:28:45,855]-[INFO]: Train From Beginning
[2022-06-02 19:28:48,288]-[INFO]: Epoch 1/100	Loss_G: 0.22383779287338257	Loss_D:0.07351948320865631
[2022-06-02 19:28:49,228]-[INFO]: Epoch 2/100	Loss_G: -0.12395045161247253	Loss_D:-0.14914770424365997
[2022-06-02 19:28:50,156]-[INFO]: Epoch 3/100	Loss_G: 0.5881016254425049	Loss_D:-0.13507938385009766
[2022-06-02 19:28:51,012]-[INFO]: Epoch 4/100	Loss_G: 0.09433479607105255	Loss_D:-0.1692422777414322
[2022-06-02 19:28:51,890]-[INFO]: Epoch 5/100	Loss_G: 0.5289984941482544	Loss_D:-0.05513793230056763
[2022-06-02 19:28:52,788]-[INFO]: Epoch 6/100	Loss_G: 0.7407872080802917	Loss_D:-0.08315759897232056
[2022-06-02 19:28:53,732]-[INFO]: Epoch 7/100	Loss_G: 0.9578326940536499	Loss_D:-0.1643885374069214
[2022-06-02 19:28:54,598]-[INFO]: Epoch 8/100	Loss_G: 1.411567211151123	Loss_D:-0.11264920234680176
[2022-06-02 19:28:55,481]-[INFO]: Epoch 9/100	Loss_G: 1.5222368240356445	Loss_D:-0.13046705722808838
[2022-06-02 19:28:56,357]-[INFO]: Epoch 10/100	Loss_G: 1.688033103942871	Loss_D:-0.04467511177062988
[2022-06-02 19:28:57,314]-[INFO]: Epoch 11/100	Loss_G: 1.646752119064331	Loss_D:-0.008043169975280762
[2022-06-02 19:28:58,226]-[INFO]: Epoch 12/100	Loss_G: 1.7631912231445312	Loss_D:-0.04047894477844238
[2022-06-02 19:28:59,094]-[INFO]: Epoch 13/100	Loss_G: 1.7368922233581543	Loss_D:-0.03092348575592041
[2022-06-02 19:28:59,967]-[INFO]: Epoch 14/100	Loss_G: 1.6262495517730713	Loss_D:-0.03582406044006348
[2022-06-02 19:29:00,889]-[INFO]: Epoch 15/100	Loss_G: 2.1215105056762695	Loss_D:-0.06315970420837402
[2022-06-02 19:29:01,778]-[INFO]: Epoch 16/100	Loss_G: 1.6893820762634277	Loss_D:-0.013381719589233398
[2022-06-02 19:29:02,689]-[INFO]: Epoch 17/100	Loss_G: 1.7894282341003418	Loss_D:-0.02905583381652832
[2022-06-02 19:29:03,594]-[INFO]: Epoch 18/100	Loss_G: 1.6901637315750122	Loss_D:-0.04269397258758545
[2022-06-02 19:29:04,460]-[INFO]: Epoch 19/100	Loss_G: 1.9474647045135498	Loss_D:-0.018654465675354004
[2022-06-02 19:29:05,335]-[INFO]: Epoch 20/100	Loss_G: 1.5678727626800537	Loss_D:-0.04230904579162598
[2022-06-02 19:29:06,219]-[INFO]: Epoch 21/100	Loss_G: 1.9956661462783813	Loss_D:-0.0532984733581543
[2022-06-02 19:29:07,124]-[INFO]: Epoch 22/100	Loss_G: 1.9417173862457275	Loss_D:-0.03832590579986572
[2022-06-02 19:29:08,022]-[INFO]: Epoch 23/100	Loss_G: 1.7072625160217285	Loss_D:-0.06749773025512695
[2022-06-02 19:29:08,909]-[INFO]: Epoch 24/100	Loss_G: 1.565155267715454	Loss_D:-0.04533696174621582
[2022-06-02 19:29:09,780]-[INFO]: Epoch 25/100	Loss_G: 1.8665330410003662	Loss_D:-0.04494166374206543
[2022-06-02 19:29:10,665]-[INFO]: Epoch 26/100	Loss_G: 1.5619558095932007	Loss_D:-0.05151975154876709
[2022-06-02 19:29:11,573]-[INFO]: Epoch 27/100	Loss_G: 1.8839690685272217	Loss_D:-0.05026721954345703
[2022-06-02 19:29:12,512]-[INFO]: Epoch 28/100	Loss_G: 1.9125733375549316	Loss_D:-0.07867550849914551
[2022-06-02 19:29:13,416]-[INFO]: Epoch 29/100	Loss_G: 2.0104074478149414	Loss_D:-0.05360102653503418
[2022-06-02 19:29:14,309]-[INFO]: Epoch 30/100	Loss_G: 1.9624441862106323	Loss_D:-0.05578136444091797
[2022-06-02 19:29:15,190]-[INFO]: Epoch 31/100	Loss_G: 1.8307032585144043	Loss_D:-0.051391005516052246
[2022-06-02 19:29:16,061]-[INFO]: Epoch 32/100	Loss_G: 2.1425342559814453	Loss_D:-0.06122422218322754
[2022-06-02 19:29:16,958]-[INFO]: Epoch 33/100	Loss_G: 1.9381777048110962	Loss_D:-0.05084109306335449
[2022-06-02 19:29:17,861]-[INFO]: Epoch 34/100	Loss_G: 1.9491932392120361	Loss_D:-0.05873310565948486
[2022-06-02 19:29:18,744]-[INFO]: Epoch 35/100	Loss_G: 2.239694595336914	Loss_D:-0.05794048309326172
[2022-06-02 19:29:19,623]-[INFO]: Epoch 36/100	Loss_G: 2.0099010467529297	Loss_D:-0.09405684471130371
[2022-06-02 19:29:20,489]-[INFO]: Epoch 37/100	Loss_G: 2.2676568031311035	Loss_D:-0.10675978660583496
[2022-06-02 19:29:21,358]-[INFO]: Epoch 38/100	Loss_G: 2.348292827606201	Loss_D:-0.08150339126586914
[2022-06-02 19:29:22,289]-[INFO]: Epoch 39/100	Loss_G: 2.237846851348877	Loss_D:-0.04516911506652832
[2022-06-02 19:29:23,193]-[INFO]: Epoch 40/100	Loss_G: 2.3090851306915283	Loss_D:-0.09205889701843262
[2022-06-02 19:29:24,065]-[INFO]: Epoch 41/100	Loss_G: 2.419344902038574	Loss_D:-0.06950998306274414
[2022-06-02 19:29:24,951]-[INFO]: Epoch 42/100	Loss_G: 2.3000738620758057	Loss_D:-0.038155317306518555
[2022-06-02 19:29:25,844]-[INFO]: Epoch 43/100	Loss_G: 2.115856409072876	Loss_D:-0.13909173011779785
[2022-06-02 19:29:26,729]-[INFO]: Epoch 44/100	Loss_G: 2.2808096408843994	Loss_D:-0.043702125549316406
[2022-06-02 19:29:27,671]-[INFO]: Epoch 45/100	Loss_G: 2.2405614852905273	Loss_D:-0.06477808952331543
[2022-06-02 19:29:28,565]-[INFO]: Epoch 46/100	Loss_G: 2.057436943054199	Loss_D:-0.1102135181427002
[2022-06-02 19:29:29,482]-[INFO]: Epoch 47/100	Loss_G: 2.516200304031372	Loss_D:-0.09527206420898438
[2022-06-02 19:29:30,365]-[INFO]: Epoch 48/100	Loss_G: 2.0423507690429688	Loss_D:-0.0744783878326416
[2022-06-02 19:29:31,244]-[INFO]: Epoch 49/100	Loss_G: 2.6076598167419434	Loss_D:-0.05576586723327637
[2022-06-02 19:29:32,145]-[INFO]: Epoch 50/100	Loss_G: 2.3493142127990723	Loss_D:-0.0572512149810791
[2022-06-02 19:29:33,060]-[INFO]: Epoch 51/100	Loss_G: 2.6182451248168945	Loss_D:-0.0877835750579834
[2022-06-02 19:29:33,943]-[INFO]: Epoch 52/100	Loss_G: 2.45473051071167	Loss_D:-0.08500862121582031
[2022-06-02 19:29:34,817]-[INFO]: Epoch 53/100	Loss_G: 2.406071662902832	Loss_D:-0.05542445182800293
[2022-06-02 19:29:35,697]-[INFO]: Epoch 54/100	Loss_G: 1.6665434837341309	Loss_D:-0.12247931957244873
[2022-06-02 19:29:36,578]-[INFO]: Epoch 55/100	Loss_G: 2.1091232299804688	Loss_D:-0.12063002586364746
[2022-06-02 19:29:37,475]-[INFO]: Epoch 56/100	Loss_G: 1.9425575733184814	Loss_D:-0.21018683910369873
[2022-06-02 19:29:38,376]-[INFO]: Epoch 57/100	Loss_G: 2.4790000915527344	Loss_D:-0.0920262336730957
[2022-06-02 19:29:39,250]-[INFO]: Epoch 58/100	Loss_G: 2.104736328125	Loss_D:-0.04843437671661377
[2022-06-02 19:29:40,110]-[INFO]: Epoch 59/100	Loss_G: 2.2483997344970703	Loss_D:-0.11254501342773438
[2022-06-02 19:29:40,984]-[INFO]: Epoch 60/100	Loss_G: 2.1854159832000732	Loss_D:-0.06987881660461426
[2022-06-02 19:29:41,880]-[INFO]: Epoch 61/100	Loss_G: 2.734773635864258	Loss_D:-0.051261186599731445
[2022-06-02 19:29:42,779]-[INFO]: Epoch 62/100	Loss_G: 3.1303746700286865	Loss_D:-0.11431503295898438
[2022-06-02 19:29:43,748]-[INFO]: Epoch 63/100	Loss_G: 2.0187783241271973	Loss_D:-0.04230475425720215
[2022-06-02 19:29:44,620]-[INFO]: Epoch 64/100	Loss_G: 2.3852264881134033	Loss_D:-0.10069942474365234
[2022-06-02 19:29:45,481]-[INFO]: Epoch 65/100	Loss_G: 2.157177448272705	Loss_D:-0.04828643798828125
[2022-06-02 19:29:46,369]-[INFO]: Epoch 66/100	Loss_G: 2.7324068546295166	Loss_D:-0.12116241455078125
[2022-06-02 19:29:47,270]-[INFO]: Epoch 67/100	Loss_G: 2.036921262741089	Loss_D:-0.08732390403747559
[2022-06-02 19:29:48,177]-[INFO]: Epoch 68/100	Loss_G: 2.341463804244995	Loss_D:-0.0937654972076416
[2022-06-02 19:29:49,054]-[INFO]: Epoch 69/100	Loss_G: 2.4197123050689697	Loss_D:-0.0560307502746582
[2022-06-02 19:29:49,923]-[INFO]: Epoch 70/100	Loss_G: 2.7694709300994873	Loss_D:-0.10596895217895508
[2022-06-02 19:29:50,830]-[INFO]: Epoch 71/100	Loss_G: 2.4791245460510254	Loss_D:-0.06685280799865723
[2022-06-02 19:29:51,721]-[INFO]: Epoch 72/100	Loss_G: 1.9620466232299805	Loss_D:-0.057651519775390625
[2022-06-02 19:29:52,623]-[INFO]: Epoch 73/100	Loss_G: 2.294189929962158	Loss_D:-0.08266735076904297
[2022-06-02 19:29:53,512]-[INFO]: Epoch 74/100	Loss_G: 2.344552993774414	Loss_D:-0.10443854331970215
[2022-06-02 19:29:54,439]-[INFO]: Epoch 75/100	Loss_G: 2.2824597358703613	Loss_D:-0.08513879776000977
[2022-06-02 19:29:55,300]-[INFO]: Epoch 76/100	Loss_G: 2.044368267059326	Loss_D:0.028742313385009766
[2022-06-02 19:29:56,171]-[INFO]: Epoch 77/100	Loss_G: 2.721182107925415	Loss_D:-0.04024624824523926
[2022-06-02 19:29:57,078]-[INFO]: Epoch 78/100	Loss_G: 2.4028358459472656	Loss_D:-0.14847373962402344
[2022-06-02 19:29:58,039]-[INFO]: Epoch 79/100	Loss_G: 2.095736026763916	Loss_D:-0.07118606567382812
[2022-06-02 19:29:58,963]-[INFO]: Epoch 80/100	Loss_G: 2.07033634185791	Loss_D:-0.022974133491516113
[2022-06-02 19:29:59,834]-[INFO]: Epoch 81/100	Loss_G: 1.2959129810333252	Loss_D:-0.06549763679504395
[2022-06-02 19:30:00,718]-[INFO]: Epoch 82/100	Loss_G: 2.3349313735961914	Loss_D:-0.09793376922607422
[2022-06-02 19:30:01,599]-[INFO]: Epoch 83/100	Loss_G: 1.8954041004180908	Loss_D:-0.16076397895812988
[2022-06-02 19:30:02,506]-[INFO]: Epoch 84/100	Loss_G: 2.336554765701294	Loss_D:-0.045792579650878906
[2022-06-02 19:30:03,406]-[INFO]: Epoch 85/100	Loss_G: 1.6004045009613037	Loss_D:-0.13557696342468262
[2022-06-02 19:30:04,274]-[INFO]: Epoch 86/100	Loss_G: 2.28975248336792	Loss_D:-0.10612034797668457
[2022-06-02 19:30:05,189]-[INFO]: Epoch 87/100	Loss_G: 1.951501488685608	Loss_D:-0.10981321334838867
[2022-06-02 19:30:06,060]-[INFO]: Epoch 88/100	Loss_G: 2.3942644596099854	Loss_D:-0.11307501792907715
[2022-06-02 19:30:06,949]-[INFO]: Epoch 89/100	Loss_G: 2.5387802124023438	Loss_D:-0.09585738182067871
[2022-06-02 19:30:07,860]-[INFO]: Epoch 90/100	Loss_G: 2.324263572692871	Loss_D:-0.11408424377441406
[2022-06-02 19:30:08,764]-[INFO]: Epoch 91/100	Loss_G: 3.008153200149536	Loss_D:-0.12080788612365723
[2022-06-02 19:30:09,635]-[INFO]: Epoch 92/100	Loss_G: 1.854170799255371	Loss_D:-0.16956067085266113
[2022-06-02 19:30:10,518]-[INFO]: Epoch 93/100	Loss_G: 2.679248094558716	Loss_D:-0.04954028129577637
[2022-06-02 19:30:11,399]-[INFO]: Epoch 94/100	Loss_G: 2.2529735565185547	Loss_D:-0.06812000274658203
[2022-06-02 19:30:12,295]-[INFO]: Epoch 95/100	Loss_G: 2.3922228813171387	Loss_D:-0.08539581298828125
[2022-06-02 19:30:13,198]-[INFO]: Epoch 96/100	Loss_G: 2.871910810470581	Loss_D:-0.056391239166259766
[2022-06-02 19:30:14,071]-[INFO]: Epoch 97/100	Loss_G: 2.447570323944092	Loss_D:-0.04967999458312988
[2022-06-02 19:30:14,986]-[INFO]: Epoch 98/100	Loss_G: 2.366621732711792	Loss_D:-0.05142974853515625
[2022-06-02 19:30:15,914]-[INFO]: Epoch 99/100	Loss_G: 1.9414687156677246	Loss_D:-0.04493677616119385
[2022-06-02 19:30:16,792]-[INFO]: Epoch 100/100	Loss_G: 2.8502087593078613	Loss_D:-0.07704401016235352
[2022-06-02 19:30:16,939]-[INFO]: Result Image Saved in ./image
