[2022-06-02 19:56:49,092]-[INFO]: Model:WGAN	Batch Size:128	Total Epoch:100	Start Epoch:0
[2022-06-02 19:56:49,092]-[INFO]: Train From Beginning
[2022-06-02 19:56:51,441]-[INFO]: Epoch 1/100	Loss_G: -0.10742904245853424	Loss_D:-0.7103909850120544
[2022-06-02 19:56:52,340]-[INFO]: Epoch 2/100	Loss_G: -1.5074429512023926	Loss_D:-0.13824701309204102
[2022-06-02 19:56:53,164]-[INFO]: Epoch 3/100	Loss_G: -1.3680700063705444	Loss_D:0.4561818838119507
[2022-06-02 19:56:53,985]-[INFO]: Epoch 4/100	Loss_G: 0.564704179763794	Loss_D:-0.3610078692436218
[2022-06-02 19:56:54,780]-[INFO]: Epoch 5/100	Loss_G: 1.4643921852111816	Loss_D:-0.3198055028915405
[2022-06-02 19:56:55,574]-[INFO]: Epoch 6/100	Loss_G: 0.8022730350494385	Loss_D:0.23331671953201294
[2022-06-02 19:56:56,397]-[INFO]: Epoch 7/100	Loss_G: 0.4231894016265869	Loss_D:-0.18801382184028625
[2022-06-02 19:56:57,251]-[INFO]: Epoch 8/100	Loss_G: -0.1860276311635971	Loss_D:-0.008662194013595581
[2022-06-02 19:56:58,085]-[INFO]: Epoch 9/100	Loss_G: -0.14307653903961182	Loss_D:-0.07088837027549744
[2022-06-02 19:56:58,896]-[INFO]: Epoch 10/100	Loss_G: -0.019685886800289154	Loss_D:-0.06961548328399658
[2022-06-02 19:56:59,721]-[INFO]: Epoch 11/100	Loss_G: 0.00504925474524498	Loss_D:0.018192926421761513
[2022-06-02 19:57:00,534]-[INFO]: Epoch 12/100	Loss_G: 0.2753719091415405	Loss_D:-0.056125327944755554
[2022-06-02 19:57:01,364]-[INFO]: Epoch 13/100	Loss_G: 0.5875737071037292	Loss_D:-0.10576725006103516
[2022-06-02 19:57:02,173]-[INFO]: Epoch 14/100	Loss_G: 0.5401618480682373	Loss_D:0.028512001037597656
[2022-06-02 19:57:03,002]-[INFO]: Epoch 15/100	Loss_G: 0.26373356580734253	Loss_D:-0.0238010436296463
[2022-06-02 19:57:03,814]-[INFO]: Epoch 16/100	Loss_G: 0.02353190816938877	Loss_D:-0.1821099817752838
[2022-06-02 19:57:04,608]-[INFO]: Epoch 17/100	Loss_G: -0.21157172322273254	Loss_D:-0.09219840168952942
[2022-06-02 19:57:05,405]-[INFO]: Epoch 18/100	Loss_G: -0.04552546143531799	Loss_D:0.036397095769643784
[2022-06-02 19:57:06,216]-[INFO]: Epoch 19/100	Loss_G: 0.7967511415481567	Loss_D:-0.24382758140563965
[2022-06-02 19:57:07,040]-[INFO]: Epoch 20/100	Loss_G: 1.0740230083465576	Loss_D:-0.07071256637573242
[2022-06-02 19:57:07,865]-[INFO]: Epoch 21/100	Loss_G: 0.334214448928833	Loss_D:0.2590749263763428
[2022-06-02 19:57:08,684]-[INFO]: Epoch 22/100	Loss_G: 0.06426127254962921	Loss_D:-0.21941378712654114
[2022-06-02 19:57:09,483]-[INFO]: Epoch 23/100	Loss_G: -0.44188836216926575	Loss_D:-0.36437293887138367
[2022-06-02 19:57:10,296]-[INFO]: Epoch 24/100	Loss_G: -1.1668483018875122	Loss_D:0.3013838529586792
[2022-06-02 19:57:11,099]-[INFO]: Epoch 25/100	Loss_G: 0.17464840412139893	Loss_D:-0.06134369224309921
[2022-06-02 19:57:11,922]-[INFO]: Epoch 26/100	Loss_G: 1.7844451665878296	Loss_D:-0.47365498542785645
[2022-06-02 19:57:12,741]-[INFO]: Epoch 27/100	Loss_G: 0.8680347204208374	Loss_D:0.4944967031478882
[2022-06-02 19:57:13,558]-[INFO]: Epoch 28/100	Loss_G: 0.2387002855539322	Loss_D:-0.16051584482192993
[2022-06-02 19:57:14,370]-[INFO]: Epoch 29/100	Loss_G: -0.20847295224666595	Loss_D:-0.43126383423805237
[2022-06-02 19:57:15,219]-[INFO]: Epoch 30/100	Loss_G: -1.1912689208984375	Loss_D:0.36564934253692627
[2022-06-02 19:57:16,027]-[INFO]: Epoch 31/100	Loss_G: 0.21608424186706543	Loss_D:-0.12856343388557434
[2022-06-02 19:57:16,845]-[INFO]: Epoch 32/100	Loss_G: 1.4004799127578735	Loss_D:-0.20257878303527832
[2022-06-02 19:57:17,673]-[INFO]: Epoch 33/100	Loss_G: 0.7189722657203674	Loss_D:0.4068104028701782
[2022-06-02 19:57:18,493]-[INFO]: Epoch 34/100	Loss_G: 0.2674759030342102	Loss_D:-0.2929638624191284
[2022-06-02 19:57:19,291]-[INFO]: Epoch 35/100	Loss_G: -0.619238018989563	Loss_D:-0.010794579982757568
[2022-06-02 19:57:20,094]-[INFO]: Epoch 36/100	Loss_G: -0.4263158440589905	Loss_D:0.1287497878074646
[2022-06-02 19:57:20,898]-[INFO]: Epoch 37/100	Loss_G: 1.0621731281280518	Loss_D:-0.21193039417266846
[2022-06-02 19:57:21,703]-[INFO]: Epoch 38/100	Loss_G: 0.9329206347465515	Loss_D:0.19972145557403564
[2022-06-02 19:57:22,533]-[INFO]: Epoch 39/100	Loss_G: 0.6006248593330383	Loss_D:-0.029658913612365723
[2022-06-02 19:57:23,367]-[INFO]: Epoch 40/100	Loss_G: -0.005073286592960358	Loss_D:-0.25632426142692566
[2022-06-02 19:57:24,177]-[INFO]: Epoch 41/100	Loss_G: -0.6154429912567139	Loss_D:0.30608507990837097
[2022-06-02 19:57:24,975]-[INFO]: Epoch 42/100	Loss_G: 0.6081008911132812	Loss_D:-0.12920784950256348
[2022-06-02 19:57:25,776]-[INFO]: Epoch 43/100	Loss_G: 1.3999149799346924	Loss_D:-0.1605224609375
[2022-06-02 19:57:26,600]-[INFO]: Epoch 44/100	Loss_G: 0.7327612042427063	Loss_D:0.3387800455093384
[2022-06-02 19:57:27,420]-[INFO]: Epoch 45/100	Loss_G: 0.3923332691192627	Loss_D:-0.30448347330093384
[2022-06-02 19:57:28,244]-[INFO]: Epoch 46/100	Loss_G: -0.4970787465572357	Loss_D:0.025184273719787598
[2022-06-02 19:57:29,071]-[INFO]: Epoch 47/100	Loss_G: -0.2185657024383545	Loss_D:0.13056917488574982
[2022-06-02 19:57:29,894]-[INFO]: Epoch 48/100	Loss_G: 1.167677879333496	Loss_D:-0.22025203704833984
[2022-06-02 19:57:30,697]-[INFO]: Epoch 49/100	Loss_G: 1.06349778175354	Loss_D:0.19830584526062012
[2022-06-02 19:57:31,502]-[INFO]: Epoch 50/100	Loss_G: 0.6307859420776367	Loss_D:0.01616978645324707
[2022-06-02 19:57:32,340]-[INFO]: Epoch 51/100	Loss_G: 0.05597538501024246	Loss_D:-0.29858213663101196
[2022-06-02 19:57:33,176]-[INFO]: Epoch 52/100	Loss_G: -0.6733770370483398	Loss_D:0.32656997442245483
[2022-06-02 19:57:33,986]-[INFO]: Epoch 53/100	Loss_G: 0.6290559768676758	Loss_D:-0.11430579423904419
[2022-06-02 19:57:34,779]-[INFO]: Epoch 54/100	Loss_G: 1.5040611028671265	Loss_D:-0.13869929313659668
[2022-06-02 19:57:35,609]-[INFO]: Epoch 55/100	Loss_G: 0.9368689060211182	Loss_D:0.3154621124267578
[2022-06-02 19:57:36,413]-[INFO]: Epoch 56/100	Loss_G: 0.5618950724601746	Loss_D:-0.24530357122421265
[2022-06-02 19:57:37,235]-[INFO]: Epoch 57/100	Loss_G: -0.22552163898944855	Loss_D:-0.18808308243751526
[2022-06-02 19:57:38,073]-[INFO]: Epoch 58/100	Loss_G: -0.4600454568862915	Loss_D:0.36135321855545044
[2022-06-02 19:57:38,882]-[INFO]: Epoch 59/100	Loss_G: 1.1653679609298706	Loss_D:-0.25324684381484985
[2022-06-02 19:57:39,679]-[INFO]: Epoch 60/100	Loss_G: 1.4680068492889404	Loss_D:0.03221571445465088
[2022-06-02 19:57:40,488]-[INFO]: Epoch 61/100	Loss_G: 0.8156208395957947	Loss_D:0.2409226894378662
[2022-06-02 19:57:41,289]-[INFO]: Epoch 62/100	Loss_G: 0.436040461063385	Loss_D:-0.3731679320335388
[2022-06-02 19:57:42,117]-[INFO]: Epoch 63/100	Loss_G: -0.5139867067337036	Loss_D:0.07018768787384033
[2022-06-02 19:57:42,952]-[INFO]: Epoch 64/100	Loss_G: -0.047706179320812225	Loss_D:0.23583772778511047
[2022-06-02 19:57:43,766]-[INFO]: Epoch 65/100	Loss_G: 1.5200011730194092	Loss_D:-0.26930928230285645
[2022-06-02 19:57:44,605]-[INFO]: Epoch 66/100	Loss_G: 1.4085414409637451	Loss_D:0.14511537551879883
[2022-06-02 19:57:45,412]-[INFO]: Epoch 67/100	Loss_G: 0.792218804359436	Loss_D:0.13088393211364746
[2022-06-02 19:57:46,218]-[INFO]: Epoch 68/100	Loss_G: 0.352827250957489	Loss_D:-0.4022914171218872
[2022-06-02 19:57:47,042]-[INFO]: Epoch 69/100	Loss_G: -0.6225462555885315	Loss_D:0.17843881249427795
[2022-06-02 19:57:47,881]-[INFO]: Epoch 70/100	Loss_G: 0.28556185960769653	Loss_D:0.11084315180778503
[2022-06-02 19:57:48,694]-[INFO]: Epoch 71/100	Loss_G: 1.6347514390945435	Loss_D:-0.23458504676818848
[2022-06-02 19:57:49,500]-[INFO]: Epoch 72/100	Loss_G: 1.3714170455932617	Loss_D:0.20395267009735107
[2022-06-02 19:57:50,300]-[INFO]: Epoch 73/100	Loss_G: 0.7617509365081787	Loss_D:0.05450451374053955
[2022-06-02 19:57:51,106]-[INFO]: Epoch 74/100	Loss_G: 0.2919212579727173	Loss_D:-0.42704078555107117
[2022-06-02 19:57:51,933]-[INFO]: Epoch 75/100	Loss_G: -0.7207748889923096	Loss_D:0.28215381503105164
[2022-06-02 19:57:52,771]-[INFO]: Epoch 76/100	Loss_G: 0.5522089004516602	Loss_D:0.03654122352600098
[2022-06-02 19:57:53,583]-[INFO]: Epoch 77/100	Loss_G: 1.7283883094787598	Loss_D:-0.20786786079406738
[2022-06-02 19:57:54,384]-[INFO]: Epoch 78/100	Loss_G: 1.3888311386108398	Loss_D:0.201501727104187
[2022-06-02 19:57:55,190]-[INFO]: Epoch 79/100	Loss_G: 0.798520028591156	Loss_D:0.004875004291534424
[2022-06-02 19:57:55,999]-[INFO]: Epoch 80/100	Loss_G: 0.27870145440101624	Loss_D:-0.45658740401268005
[2022-06-02 19:57:56,835]-[INFO]: Epoch 81/100	Loss_G: -0.7042757272720337	Loss_D:0.3559052050113678
[2022-06-02 19:57:57,666]-[INFO]: Epoch 82/100	Loss_G: 0.7332799434661865	Loss_D:-0.02697831392288208
[2022-06-02 19:57:58,514]-[INFO]: Epoch 83/100	Loss_G: 1.832391619682312	Loss_D:-0.19025540351867676
[2022-06-02 19:57:59,313]-[INFO]: Epoch 84/100	Loss_G: 1.3927321434020996	Loss_D:0.22723495960235596
[2022-06-02 19:58:00,123]-[INFO]: Epoch 85/100	Loss_G: 0.8064979314804077	Loss_D:-0.06124597787857056
[2022-06-02 19:58:00,928]-[INFO]: Epoch 86/100	Loss_G: 0.2460615038871765	Loss_D:-0.4974403381347656
[2022-06-02 19:58:01,746]-[INFO]: Epoch 87/100	Loss_G: -0.7755703926086426	Loss_D:0.4600025415420532
[2022-06-02 19:58:02,584]-[INFO]: Epoch 88/100	Loss_G: 0.8921129703521729	Loss_D:-0.07875025272369385
[2022-06-02 19:58:03,403]-[INFO]: Epoch 89/100	Loss_G: 1.8301997184753418	Loss_D:-0.18126142024993896
[2022-06-02 19:58:04,197]-[INFO]: Epoch 90/100	Loss_G: 1.4123640060424805	Loss_D:0.19320440292358398
[2022-06-02 19:58:05,005]-[INFO]: Epoch 91/100	Loss_G: 0.8427560329437256	Loss_D:-0.08645755052566528
[2022-06-02 19:58:05,812]-[INFO]: Epoch 92/100	Loss_G: 0.26656246185302734	Loss_D:-0.49778807163238525
[2022-06-02 19:58:06,728]-[INFO]: Epoch 93/100	Loss_G: -0.7292979955673218	Loss_D:0.5302769541740417
[2022-06-02 19:58:07,557]-[INFO]: Epoch 94/100	Loss_G: 0.9206945896148682	Loss_D:-0.08816349506378174
[2022-06-02 19:58:08,379]-[INFO]: Epoch 95/100	Loss_G: 1.8382412195205688	Loss_D:-0.15465986728668213
[2022-06-02 19:58:09,196]-[INFO]: Epoch 96/100	Loss_G: 1.43055260181427	Loss_D:0.17679667472839355
[2022-06-02 19:58:10,007]-[INFO]: Epoch 97/100	Loss_G: 0.8658934831619263	Loss_D:-0.1404779553413391
[2022-06-02 19:58:10,819]-[INFO]: Epoch 98/100	Loss_G: 0.2571892738342285	Loss_D:-0.5127833485603333
[2022-06-02 19:58:11,642]-[INFO]: Epoch 99/100	Loss_G: -0.7622398138046265	Loss_D:0.5389586091041565
[2022-06-02 19:58:12,485]-[INFO]: Epoch 100/100	Loss_G: 1.1804325580596924	Loss_D:-0.17113745212554932
[2022-06-02 19:58:12,655]-[INFO]: Result Image Saved in ./image
