[2022-06-02 19:26:17,847]-[INFO]: Model:WGAN-GP	Batch Size:128	Total Epoch:100	Start Epoch:0
[2022-06-02 19:26:17,848]-[INFO]: Train From Beginning
[2022-06-02 19:26:20,834]-[INFO]: Epoch 1/100	Loss_G: 0.2568246126174927	Loss_D:2.0707170963287354
[2022-06-02 19:26:22,119]-[INFO]: Epoch 2/100	Loss_G: -0.09197819232940674	Loss_D:0.45298272371292114
[2022-06-02 19:26:23,239]-[INFO]: Epoch 3/100	Loss_G: 0.7417787313461304	Loss_D:2.7437939643859863
[2022-06-02 19:26:24,336]-[INFO]: Epoch 4/100	Loss_G: 0.030081676319241524	Loss_D:1.705769419670105
[2022-06-02 19:26:25,441]-[INFO]: Epoch 5/100	Loss_G: 0.3346136212348938	Loss_D:2.108090400695801
[2022-06-02 19:26:26,532]-[INFO]: Epoch 6/100	Loss_G: 0.7818582057952881	Loss_D:3.2695953845977783
[2022-06-02 19:26:27,661]-[INFO]: Epoch 7/100	Loss_G: 1.0956984758377075	Loss_D:6.060970306396484
[2022-06-02 19:26:28,777]-[INFO]: Epoch 8/100	Loss_G: 1.1615042686462402	Loss_D:20.8582763671875
[2022-06-02 19:26:29,869]-[INFO]: Epoch 9/100	Loss_G: 1.4031829833984375	Loss_D:32.55231857299805
[2022-06-02 19:26:30,970]-[INFO]: Epoch 10/100	Loss_G: 1.7133383750915527	Loss_D:38.797828674316406
[2022-06-02 19:26:32,130]-[INFO]: Epoch 11/100	Loss_G: 1.67808198928833	Loss_D:12.149275779724121
[2022-06-02 19:26:33,279]-[INFO]: Epoch 12/100	Loss_G: 1.9149787425994873	Loss_D:4.6169514656066895
[2022-06-02 19:26:34,396]-[INFO]: Epoch 13/100	Loss_G: 1.9384453296661377	Loss_D:4.915485382080078
[2022-06-02 19:26:35,517]-[INFO]: Epoch 14/100	Loss_G: 1.8119571208953857	Loss_D:2.586395263671875
[2022-06-02 19:26:36,688]-[INFO]: Epoch 15/100	Loss_G: 1.902817726135254	Loss_D:4.4382243156433105
[2022-06-02 19:26:37,834]-[INFO]: Epoch 16/100	Loss_G: 1.8524219989776611	Loss_D:3.7826743125915527
[2022-06-02 19:26:38,963]-[INFO]: Epoch 17/100	Loss_G: 1.7644546031951904	Loss_D:3.715554714202881
[2022-06-02 19:26:40,079]-[INFO]: Epoch 18/100	Loss_G: 1.9979376792907715	Loss_D:3.4837424755096436
[2022-06-02 19:26:41,203]-[INFO]: Epoch 19/100	Loss_G: 1.786470890045166	Loss_D:3.3299036026000977
[2022-06-02 19:26:42,360]-[INFO]: Epoch 20/100	Loss_G: 2.0668179988861084	Loss_D:5.314387321472168
[2022-06-02 19:26:43,516]-[INFO]: Epoch 21/100	Loss_G: 1.8867534399032593	Loss_D:9.659486770629883
[2022-06-02 19:26:44,636]-[INFO]: Epoch 22/100	Loss_G: 1.9538145065307617	Loss_D:11.09427261352539
[2022-06-02 19:26:45,774]-[INFO]: Epoch 23/100	Loss_G: 2.0604653358459473	Loss_D:9.739723205566406
[2022-06-02 19:26:46,918]-[INFO]: Epoch 24/100	Loss_G: 1.8091871738433838	Loss_D:12.914434432983398
[2022-06-02 19:26:48,082]-[INFO]: Epoch 25/100	Loss_G: 1.9040946960449219	Loss_D:13.887826919555664
[2022-06-02 19:26:49,215]-[INFO]: Epoch 26/100	Loss_G: 1.741689920425415	Loss_D:14.358000755310059
[2022-06-02 19:26:50,347]-[INFO]: Epoch 27/100	Loss_G: 2.0765631198883057	Loss_D:22.377607345581055
[2022-06-02 19:26:51,509]-[INFO]: Epoch 28/100	Loss_G: 1.8826007843017578	Loss_D:26.982311248779297
[2022-06-02 19:26:52,672]-[INFO]: Epoch 29/100	Loss_G: 2.043595314025879	Loss_D:28.543479919433594
[2022-06-02 19:26:53,812]-[INFO]: Epoch 30/100	Loss_G: 1.8884785175323486	Loss_D:36.417396545410156
[2022-06-02 19:26:54,943]-[INFO]: Epoch 31/100	Loss_G: 1.8122658729553223	Loss_D:46.029266357421875
[2022-06-02 19:26:56,061]-[INFO]: Epoch 32/100	Loss_G: 1.9397504329681396	Loss_D:42.233028411865234
[2022-06-02 19:26:57,215]-[INFO]: Epoch 33/100	Loss_G: 2.028130054473877	Loss_D:37.06403732299805
[2022-06-02 19:26:58,374]-[INFO]: Epoch 34/100	Loss_G: 1.8606388568878174	Loss_D:54.15517044067383
[2022-06-02 19:26:59,545]-[INFO]: Epoch 35/100	Loss_G: 1.9624426364898682	Loss_D:60.95716857910156
[2022-06-02 19:27:00,667]-[INFO]: Epoch 36/100	Loss_G: 1.8704962730407715	Loss_D:71.65099334716797
[2022-06-02 19:27:01,798]-[INFO]: Epoch 37/100	Loss_G: 1.8572243452072144	Loss_D:64.58661651611328
[2022-06-02 19:27:02,953]-[INFO]: Epoch 38/100	Loss_G: 2.047244071960449	Loss_D:70.73737335205078
[2022-06-02 19:27:04,869]-[INFO]: Epoch 39/100	Loss_G: 1.7239868640899658	Loss_D:100.03041076660156
[2022-06-02 19:27:06,214]-[INFO]: Epoch 40/100	Loss_G: 1.6668704748153687	Loss_D:99.68266296386719
[2022-06-02 19:27:07,497]-[INFO]: Epoch 41/100	Loss_G: 1.5650984048843384	Loss_D:97.48583221435547
[2022-06-02 19:27:08,708]-[INFO]: Epoch 42/100	Loss_G: 2.082672119140625	Loss_D:130.4948272705078
[2022-06-02 19:27:09,838]-[INFO]: Epoch 43/100	Loss_G: 2.2495856285095215	Loss_D:129.4613037109375
[2022-06-02 19:27:10,953]-[INFO]: Epoch 44/100	Loss_G: 2.3098692893981934	Loss_D:139.94920349121094
[2022-06-02 19:27:12,091]-[INFO]: Epoch 45/100	Loss_G: 2.1373291015625	Loss_D:153.8976593017578
[2022-06-02 19:27:13,361]-[INFO]: Epoch 46/100	Loss_G: 1.8989747762680054	Loss_D:155.9230499267578
[2022-06-02 19:27:14,542]-[INFO]: Epoch 47/100	Loss_G: 2.324014663696289	Loss_D:148.91273498535156
[2022-06-02 19:27:15,685]-[INFO]: Epoch 48/100	Loss_G: 2.072744846343994	Loss_D:203.61959838867188
[2022-06-02 19:27:16,918]-[INFO]: Epoch 49/100	Loss_G: 2.2091221809387207	Loss_D:171.30636596679688
[2022-06-02 19:27:18,061]-[INFO]: Epoch 50/100	Loss_G: 1.6021641492843628	Loss_D:238.3140411376953
[2022-06-02 19:27:19,177]-[INFO]: Epoch 51/100	Loss_G: 2.034198760986328	Loss_D:206.98345947265625
[2022-06-02 19:27:20,280]-[INFO]: Epoch 52/100	Loss_G: 2.173652172088623	Loss_D:253.7230987548828
[2022-06-02 19:27:21,399]-[INFO]: Epoch 53/100	Loss_G: 1.8495365381240845	Loss_D:250.8909912109375
[2022-06-02 19:27:22,541]-[INFO]: Epoch 54/100	Loss_G: 1.7589412927627563	Loss_D:262.71087646484375
[2022-06-02 19:27:23,691]-[INFO]: Epoch 55/100	Loss_G: 1.8460115194320679	Loss_D:276.7550048828125
[2022-06-02 19:27:24,808]-[INFO]: Epoch 56/100	Loss_G: 1.8500549793243408	Loss_D:287.3164978027344
[2022-06-02 19:27:25,951]-[INFO]: Epoch 57/100	Loss_G: 1.736572027206421	Loss_D:219.70069885253906
[2022-06-02 19:27:27,079]-[INFO]: Epoch 58/100	Loss_G: 1.7940740585327148	Loss_D:315.5135498046875
[2022-06-02 19:27:28,228]-[INFO]: Epoch 59/100	Loss_G: 2.0229973793029785	Loss_D:334.73284912109375
[2022-06-02 19:27:29,334]-[INFO]: Epoch 60/100	Loss_G: 1.2613765001296997	Loss_D:327.8895263671875
[2022-06-02 19:27:30,451]-[INFO]: Epoch 61/100	Loss_G: 1.518702745437622	Loss_D:333.78326416015625
[2022-06-02 19:27:31,569]-[INFO]: Epoch 62/100	Loss_G: 1.912289023399353	Loss_D:306.7340087890625
[2022-06-02 19:27:32,717]-[INFO]: Epoch 63/100	Loss_G: 1.8292412757873535	Loss_D:403.0978698730469
[2022-06-02 19:27:33,881]-[INFO]: Epoch 64/100	Loss_G: 1.9637912511825562	Loss_D:328.83642578125
[2022-06-02 19:27:34,989]-[INFO]: Epoch 65/100	Loss_G: 1.7344796657562256	Loss_D:362.37225341796875
[2022-06-02 19:27:36,096]-[INFO]: Epoch 66/100	Loss_G: 1.7735013961791992	Loss_D:464.0557556152344
[2022-06-02 19:27:37,226]-[INFO]: Epoch 67/100	Loss_G: 1.2841074466705322	Loss_D:470.142822265625
[2022-06-02 19:27:38,365]-[INFO]: Epoch 68/100	Loss_G: 1.5932159423828125	Loss_D:461.68389892578125
[2022-06-02 19:27:39,479]-[INFO]: Epoch 69/100	Loss_G: 1.4363782405853271	Loss_D:580.18359375
[2022-06-02 19:27:40,593]-[INFO]: Epoch 70/100	Loss_G: 1.6963242292404175	Loss_D:504.01239013671875
[2022-06-02 19:27:41,713]-[INFO]: Epoch 71/100	Loss_G: 2.2157938480377197	Loss_D:439.07928466796875
[2022-06-02 19:27:42,868]-[INFO]: Epoch 72/100	Loss_G: 1.761561632156372	Loss_D:579.6238403320312
[2022-06-02 19:27:43,995]-[INFO]: Epoch 73/100	Loss_G: 1.8550481796264648	Loss_D:602.0301513671875
[2022-06-02 19:27:45,100]-[INFO]: Epoch 74/100	Loss_G: 2.0362911224365234	Loss_D:486.37542724609375
[2022-06-02 19:27:46,219]-[INFO]: Epoch 75/100	Loss_G: 1.853832721710205	Loss_D:542.4703979492188
[2022-06-02 19:27:47,354]-[INFO]: Epoch 76/100	Loss_G: 1.2336046695709229	Loss_D:566.3807983398438
[2022-06-02 19:27:48,502]-[INFO]: Epoch 77/100	Loss_G: 1.6868386268615723	Loss_D:510.33392333984375
[2022-06-02 19:27:49,601]-[INFO]: Epoch 78/100	Loss_G: 2.075500011444092	Loss_D:540.9143676757812
[2022-06-02 19:27:50,702]-[INFO]: Epoch 79/100	Loss_G: 1.671424388885498	Loss_D:585.9668579101562
[2022-06-02 19:27:51,826]-[INFO]: Epoch 80/100	Loss_G: 1.6009373664855957	Loss_D:627.4189453125
[2022-06-02 19:27:52,998]-[INFO]: Epoch 81/100	Loss_G: 1.6306939125061035	Loss_D:601.9867553710938
[2022-06-02 19:27:54,126]-[INFO]: Epoch 82/100	Loss_G: 1.0473616123199463	Loss_D:643.396728515625
[2022-06-02 19:27:55,232]-[INFO]: Epoch 83/100	Loss_G: 1.387460708618164	Loss_D:669.8357543945312
[2022-06-02 19:27:56,339]-[INFO]: Epoch 84/100	Loss_G: 1.0482409000396729	Loss_D:612.3469848632812
[2022-06-02 19:27:57,477]-[INFO]: Epoch 85/100	Loss_G: 1.5171706676483154	Loss_D:586.4618530273438
[2022-06-02 19:27:58,615]-[INFO]: Epoch 86/100	Loss_G: 1.3212532997131348	Loss_D:698.7144165039062
[2022-06-02 19:27:59,714]-[INFO]: Epoch 87/100	Loss_G: 0.991366982460022	Loss_D:671.0595703125
[2022-06-02 19:28:00,823]-[INFO]: Epoch 88/100	Loss_G: 0.9887973666191101	Loss_D:731.8863525390625
[2022-06-02 19:28:01,969]-[INFO]: Epoch 89/100	Loss_G: 1.2852654457092285	Loss_D:590.5830688476562
[2022-06-02 19:28:03,111]-[INFO]: Epoch 90/100	Loss_G: 1.2844500541687012	Loss_D:659.92236328125
[2022-06-02 19:28:04,223]-[INFO]: Epoch 91/100	Loss_G: 0.8447441458702087	Loss_D:723.7537841796875
[2022-06-02 19:28:05,335]-[INFO]: Epoch 92/100	Loss_G: 1.4533687829971313	Loss_D:820.5569458007812
[2022-06-02 19:28:06,638]-[INFO]: Epoch 93/100	Loss_G: 1.377771258354187	Loss_D:706.6121215820312
[2022-06-02 19:28:07,836]-[INFO]: Epoch 94/100	Loss_G: 1.6629657745361328	Loss_D:705.04541015625
[2022-06-02 19:28:08,979]-[INFO]: Epoch 95/100	Loss_G: 0.6784287691116333	Loss_D:810.974853515625
[2022-06-02 19:28:10,207]-[INFO]: Epoch 96/100	Loss_G: 1.0359505414962769	Loss_D:748.600341796875
[2022-06-02 19:28:11,378]-[INFO]: Epoch 97/100	Loss_G: 1.199033260345459	Loss_D:945.65869140625
[2022-06-02 19:28:12,593]-[INFO]: Epoch 98/100	Loss_G: 1.0017658472061157	Loss_D:768.3271484375
[2022-06-02 19:28:13,781]-[INFO]: Epoch 99/100	Loss_G: 1.3395110368728638	Loss_D:919.8023681640625
[2022-06-02 19:28:15,023]-[INFO]: Epoch 100/100	Loss_G: 1.305402159690857	Loss_D:822.0849609375
[2022-06-02 19:28:15,173]-[INFO]: Result Image Saved in ./image
