[2022-06-08 10:45:48,791]-[INFO]: Batch Size:64	Learn Rate:0.0005	Optimizer:Adam	Data Augmentation:True	Weight Decay:1e-05	Total Epoch:100	Start Epoch:0
[2022-06-08 10:45:51,239]-[INFO]: Train From Beginning
[2022-06-08 10:49:31,074]-[INFO]: Epoch: 1/100	Train Loss:5.532157897949219
[2022-06-08 10:49:45,459]-[INFO]: Eval Loss:5.192036754206607	Accuracy:0.011834319526627219	Best Accuracy/Epoch:0.011834319526627219/1
[2022-06-08 10:53:24,811]-[INFO]: Epoch: 2/100	Train Loss:5.271055221557617
[2022-06-08 10:53:39,377]-[INFO]: Eval Loss:4.9522527644508765	Accuracy:0.016060862214708368	Best Accuracy/Epoch:0.016060862214708368/2
[2022-06-08 10:57:21,405]-[INFO]: Epoch: 3/100	Train Loss:5.044913291931152
[2022-06-08 10:57:36,072]-[INFO]: Eval Loss:4.80543297215512	Accuracy:0.027895181741335588	Best Accuracy/Epoch:0.027895181741335588/3
[2022-06-08 11:01:23,064]-[INFO]: Epoch: 4/100	Train Loss:4.9140706062316895
[2022-06-08 11:01:38,217]-[INFO]: Eval Loss:4.6634523994044255	Accuracy:0.030431107354184278	Best Accuracy/Epoch:0.030431107354184278/4
[2022-06-08 11:05:16,433]-[INFO]: Epoch: 5/100	Train Loss:4.78504753112793
[2022-06-08 11:05:31,253]-[INFO]: Eval Loss:4.582249515934994	Accuracy:0.03803888419273035	Best Accuracy/Epoch:0.03803888419273035/5
[2022-06-08 11:09:09,635]-[INFO]: Epoch: 6/100	Train Loss:4.6890764236450195
[2022-06-08 11:09:24,337]-[INFO]: Eval Loss:4.524158427589818	Accuracy:0.037193575655114115	Best Accuracy/Epoch:0.03803888419273035/5
[2022-06-08 11:13:04,670]-[INFO]: Epoch: 7/100	Train Loss:4.536208629608154
[2022-06-08 11:13:19,511]-[INFO]: Eval Loss:4.311857424284282	Accuracy:0.0650887573964497	Best Accuracy/Epoch:0.0650887573964497/7
[2022-06-08 11:16:59,428]-[INFO]: Epoch: 8/100	Train Loss:4.356520652770996
[2022-06-08 11:17:14,275]-[INFO]: Eval Loss:4.10807970950478	Accuracy:0.09213863060016907	Best Accuracy/Epoch:0.09213863060016907/8
[2022-06-08 11:20:54,415]-[INFO]: Epoch: 9/100	Train Loss:4.1951494216918945
[2022-06-08 11:21:09,115]-[INFO]: Eval Loss:3.9719608081014535	Accuracy:0.11411665257819104	Best Accuracy/Epoch:0.11411665257819104/9
[2022-06-08 11:24:49,166]-[INFO]: Epoch: 10/100	Train Loss:3.986125946044922
[2022-06-08 11:25:03,687]-[INFO]: Eval Loss:3.890128436841463	Accuracy:0.12510566356720204	Best Accuracy/Epoch:0.12510566356720204/10
[2022-06-08 11:28:41,543]-[INFO]: Epoch: 11/100	Train Loss:3.807377576828003
[2022-06-08 11:28:56,036]-[INFO]: Eval Loss:3.6395093516299597	Accuracy:0.16398985629754861	Best Accuracy/Epoch:0.16398985629754861/11
[2022-06-08 11:32:33,443]-[INFO]: Epoch: 12/100	Train Loss:3.654758930206299
[2022-06-08 11:32:47,979]-[INFO]: Eval Loss:3.4886792584469446	Accuracy:0.18174133558748942	Best Accuracy/Epoch:0.18174133558748942/12
[2022-06-08 11:36:26,699]-[INFO]: Epoch: 13/100	Train Loss:3.510146379470825
[2022-06-08 11:36:42,669]-[INFO]: Eval Loss:3.348700523376465	Accuracy:0.1978021978021978	Best Accuracy/Epoch:0.1978021978021978/13
[2022-06-08 11:40:20,442]-[INFO]: Epoch: 14/100	Train Loss:3.377279758453369
[2022-06-08 11:40:34,963]-[INFO]: Eval Loss:3.2625971969805265	Accuracy:0.2028740490278952	Best Accuracy/Epoch:0.2028740490278952/14
[2022-06-08 11:44:12,886]-[INFO]: Epoch: 15/100	Train Loss:3.238077163696289
[2022-06-08 11:44:27,657]-[INFO]: Eval Loss:3.172442862862035	Accuracy:0.23415046491969568	Best Accuracy/Epoch:0.23415046491969568/15
[2022-06-08 11:48:05,067]-[INFO]: Epoch: 16/100	Train Loss:3.1103968620300293
[2022-06-08 11:48:19,373]-[INFO]: Eval Loss:3.1636517424332466	Accuracy:0.23076923076923078	Best Accuracy/Epoch:0.23415046491969568/15
[2022-06-08 11:51:56,785]-[INFO]: Epoch: 17/100	Train Loss:2.982424020767212
[2022-06-08 11:52:11,215]-[INFO]: Eval Loss:3.0966221282356665	Accuracy:0.23330515638207946	Best Accuracy/Epoch:0.23415046491969568/15
[2022-06-08 11:55:48,311]-[INFO]: Epoch: 18/100	Train Loss:2.907346248626709
[2022-06-08 11:56:05,804]-[INFO]: Eval Loss:2.9224055440802323	Accuracy:0.27303465765004226	Best Accuracy/Epoch:0.27303465765004226/18
[2022-06-08 11:59:40,109]-[INFO]: Epoch: 19/100	Train Loss:2.783609390258789
[2022-06-08 11:59:57,726]-[INFO]: Eval Loss:2.850973317497655	Accuracy:0.30177514792899407	Best Accuracy/Epoch:0.30177514792899407/19
[2022-06-08 12:03:31,813]-[INFO]: Epoch: 20/100	Train Loss:2.67045259475708
[2022-06-08 12:03:49,235]-[INFO]: Eval Loss:2.7411377116253504	Accuracy:0.32121724429416737	Best Accuracy/Epoch:0.32121724429416737/20
[2022-06-08 12:07:25,929]-[INFO]: Epoch: 21/100	Train Loss:2.444783926010132
[2022-06-08 12:07:40,445]-[INFO]: Eval Loss:2.524380928591678	Accuracy:0.38292476754015214	Best Accuracy/Epoch:0.38292476754015214/21
[2022-06-08 12:11:23,493]-[INFO]: Epoch: 22/100	Train Loss:2.3704748153686523
[2022-06-08 12:11:38,187]-[INFO]: Eval Loss:2.5486889889365747	Accuracy:0.37362637362637363	Best Accuracy/Epoch:0.38292476754015214/21
[2022-06-08 12:15:19,807]-[INFO]: Epoch: 23/100	Train Loss:2.279268503189087
[2022-06-08 12:15:34,267]-[INFO]: Eval Loss:2.4981207784853483	Accuracy:0.3888419273034658	Best Accuracy/Epoch:0.3888419273034658/23
[2022-06-08 12:19:13,144]-[INFO]: Epoch: 24/100	Train Loss:2.217094659805298
[2022-06-08 12:19:27,581]-[INFO]: Eval Loss:2.4220609413950065	Accuracy:0.4015215553677092	Best Accuracy/Epoch:0.4015215553677092/24
[2022-06-08 12:23:08,705]-[INFO]: Epoch: 25/100	Train Loss:2.1721179485321045
[2022-06-08 12:23:23,307]-[INFO]: Eval Loss:2.437988124395672	Accuracy:0.3981403212172443	Best Accuracy/Epoch:0.4015215553677092/24
[2022-06-08 12:27:01,349]-[INFO]: Epoch: 26/100	Train Loss:2.1193549633026123
[2022-06-08 12:27:16,113]-[INFO]: Eval Loss:2.3735261590857255	Accuracy:0.4057480980557904	Best Accuracy/Epoch:0.4057480980557904/26
[2022-06-08 12:30:54,236]-[INFO]: Epoch: 27/100	Train Loss:2.0803592205047607
[2022-06-08 12:31:08,995]-[INFO]: Eval Loss:2.4180166721343994	Accuracy:0.40828402366863903	Best Accuracy/Epoch:0.40828402366863903/27
[2022-06-08 12:34:46,788]-[INFO]: Epoch: 28/100	Train Loss:2.01631498336792
[2022-06-08 12:35:01,397]-[INFO]: Eval Loss:2.4048117336473966	Accuracy:0.39391377852916315	Best Accuracy/Epoch:0.40828402366863903/27
[2022-06-08 12:38:39,293]-[INFO]: Epoch: 29/100	Train Loss:1.9531676769256592
[2022-06-08 12:38:54,130]-[INFO]: Eval Loss:2.385835233487581	Accuracy:0.4099746407438715	Best Accuracy/Epoch:0.4099746407438715/29
[2022-06-08 12:42:32,600]-[INFO]: Epoch: 30/100	Train Loss:1.9014031887054443
[2022-06-08 12:42:47,195]-[INFO]: Eval Loss:2.3219212544591805	Accuracy:0.4344885883347422	Best Accuracy/Epoch:0.4344885883347422/30
[2022-06-08 12:46:25,672]-[INFO]: Epoch: 31/100	Train Loss:1.8644886016845703
[2022-06-08 12:46:40,284]-[INFO]: Eval Loss:2.3673137551859806	Accuracy:0.4091293322062553	Best Accuracy/Epoch:0.4344885883347422/30
[2022-06-08 12:50:17,659]-[INFO]: Epoch: 32/100	Train Loss:1.8430838584899902
[2022-06-08 12:50:32,322]-[INFO]: Eval Loss:2.313535784420214	Accuracy:0.42772612003381233	Best Accuracy/Epoch:0.4344885883347422/30
[2022-06-08 12:54:09,593]-[INFO]: Epoch: 33/100	Train Loss:1.78047776222229
[2022-06-08 12:54:24,227]-[INFO]: Eval Loss:2.268025567657069	Accuracy:0.44970414201183434	Best Accuracy/Epoch:0.44970414201183434/33
[2022-06-08 12:58:01,528]-[INFO]: Epoch: 34/100	Train Loss:1.7164336442947388
[2022-06-08 12:58:16,113]-[INFO]: Eval Loss:2.291673465778953	Accuracy:0.4353338968723584	Best Accuracy/Epoch:0.44970414201183434/33
[2022-06-08 13:01:53,526]-[INFO]: Epoch: 35/100	Train Loss:1.700860857963562
[2022-06-08 13:02:08,250]-[INFO]: Eval Loss:2.2452111118718197	Accuracy:0.43956043956043955	Best Accuracy/Epoch:0.44970414201183434/33
[2022-06-08 13:05:45,666]-[INFO]: Epoch: 36/100	Train Loss:1.650180697441101
[2022-06-08 13:06:00,229]-[INFO]: Eval Loss:2.278339856549313	Accuracy:0.4327979712595097	Best Accuracy/Epoch:0.44970414201183434/33
[2022-06-08 13:09:38,707]-[INFO]: Epoch: 37/100	Train Loss:1.6326485872268677
[2022-06-08 13:09:53,403]-[INFO]: Eval Loss:2.283101521040264	Accuracy:0.4437869822485207	Best Accuracy/Epoch:0.44970414201183434/33
[2022-06-08 13:13:30,958]-[INFO]: Epoch: 38/100	Train Loss:1.5652104616165161
[2022-06-08 13:13:45,655]-[INFO]: Eval Loss:2.2251050785968176	Accuracy:0.44716821639898563	Best Accuracy/Epoch:0.44970414201183434/33
[2022-06-08 13:17:23,170]-[INFO]: Epoch: 39/100	Train Loss:1.5357178449630737
[2022-06-08 13:17:37,929]-[INFO]: Eval Loss:2.2372263795451115	Accuracy:0.4606931530008453	Best Accuracy/Epoch:0.4606931530008453/39
[2022-06-08 13:21:15,406]-[INFO]: Epoch: 40/100	Train Loss:1.4915488958358765
[2022-06-08 13:21:30,181]-[INFO]: Eval Loss:2.183574030273839	Accuracy:0.45054945054945056	Best Accuracy/Epoch:0.4606931530008453/39
[2022-06-08 13:25:07,622]-[INFO]: Epoch: 41/100	Train Loss:1.3691608905792236
[2022-06-08 13:25:22,151]-[INFO]: Eval Loss:2.1276344813798604	Accuracy:0.4801352493660186	Best Accuracy/Epoch:0.4801352493660186/41
[2022-06-08 13:28:59,630]-[INFO]: Epoch: 42/100	Train Loss:1.3208931684494019
[2022-06-08 13:29:14,187]-[INFO]: Eval Loss:2.0998747599752328	Accuracy:0.47928994082840237	Best Accuracy/Epoch:0.4801352493660186/41
[2022-06-08 13:32:52,209]-[INFO]: Epoch: 43/100	Train Loss:1.271114468574524
[2022-06-08 13:33:06,847]-[INFO]: Eval Loss:2.1455415738256356	Accuracy:0.47675401521555366	Best Accuracy/Epoch:0.4801352493660186/41
[2022-06-08 13:36:44,946]-[INFO]: Epoch: 44/100	Train Loss:1.2596981525421143
[2022-06-08 13:36:59,547]-[INFO]: Eval Loss:2.120193261849253	Accuracy:0.47337278106508873	Best Accuracy/Epoch:0.4801352493660186/41
[2022-06-08 13:40:37,659]-[INFO]: Epoch: 45/100	Train Loss:1.224290370941162
[2022-06-08 13:40:52,134]-[INFO]: Eval Loss:2.1412966565081946	Accuracy:0.47675401521555366	Best Accuracy/Epoch:0.4801352493660186/41
[2022-06-08 13:44:31,545]-[INFO]: Epoch: 46/100	Train Loss:1.1979533433914185
[2022-06-08 13:44:46,131]-[INFO]: Eval Loss:2.1230641101536	Accuracy:0.4809805579036348	Best Accuracy/Epoch:0.4809805579036348/46
[2022-06-08 13:48:24,978]-[INFO]: Epoch: 47/100	Train Loss:1.1748945713043213
[2022-06-08 13:48:39,538]-[INFO]: Eval Loss:2.146296833690844	Accuracy:0.4801352493660186	Best Accuracy/Epoch:0.4809805579036348/46
[2022-06-08 13:52:17,573]-[INFO]: Epoch: 48/100	Train Loss:1.1618648767471313
[2022-06-08 13:52:32,256]-[INFO]: Eval Loss:2.1390744635933325	Accuracy:0.4885883347421809	Best Accuracy/Epoch:0.4885883347421809/48
[2022-06-08 13:56:10,359]-[INFO]: Epoch: 49/100	Train Loss:1.150813341140747
[2022-06-08 13:56:24,823]-[INFO]: Eval Loss:2.143210818893031	Accuracy:0.4818258664412511	Best Accuracy/Epoch:0.4885883347421809/48
[2022-06-08 14:00:03,189]-[INFO]: Epoch: 50/100	Train Loss:1.134953260421753
[2022-06-08 14:00:17,725]-[INFO]: Eval Loss:2.1328324330480477	Accuracy:0.4894336432797971	Best Accuracy/Epoch:0.4894336432797971/50
[2022-06-08 14:03:57,196]-[INFO]: Epoch: 51/100	Train Loss:1.094528079032898
[2022-06-08 14:04:11,665]-[INFO]: Eval Loss:2.1677128641228927	Accuracy:0.4818258664412511	Best Accuracy/Epoch:0.4894336432797971/50
[2022-06-08 14:07:49,438]-[INFO]: Epoch: 52/100	Train Loss:1.0926874876022339
[2022-06-08 14:08:03,970]-[INFO]: Eval Loss:2.1734350982465243	Accuracy:0.47844463229078615	Best Accuracy/Epoch:0.4894336432797971/50
[2022-06-08 14:11:42,504]-[INFO]: Epoch: 53/100	Train Loss:1.0612027645111084
[2022-06-08 14:11:57,141]-[INFO]: Eval Loss:2.1405797945825675	Accuracy:0.4978867286559594	Best Accuracy/Epoch:0.4978867286559594/53
[2022-06-08 14:15:35,421]-[INFO]: Epoch: 54/100	Train Loss:1.0440338850021362
[2022-06-08 14:15:49,921]-[INFO]: Eval Loss:2.1714094187083997	Accuracy:0.4818258664412511	Best Accuracy/Epoch:0.4978867286559594/53
[2022-06-08 14:19:30,779]-[INFO]: Epoch: 55/100	Train Loss:1.0273958444595337
[2022-06-08 14:19:45,305]-[INFO]: Eval Loss:2.1659074519809924	Accuracy:0.48520710059171596	Best Accuracy/Epoch:0.4978867286559594/53
[2022-06-08 14:23:23,126]-[INFO]: Epoch: 56/100	Train Loss:0.994549572467804
[2022-06-08 14:23:37,779]-[INFO]: Eval Loss:2.188358049643667	Accuracy:0.4716821639898563	Best Accuracy/Epoch:0.4978867286559594/53
[2022-06-08 14:27:15,629]-[INFO]: Epoch: 57/100	Train Loss:0.9777771234512329
[2022-06-08 14:27:30,292]-[INFO]: Eval Loss:2.1736617778476917	Accuracy:0.47928994082840237	Best Accuracy/Epoch:0.4978867286559594/53
[2022-06-08 14:31:08,172]-[INFO]: Epoch: 58/100	Train Loss:0.9838780164718628
[2022-06-08 14:31:22,876]-[INFO]: Eval Loss:2.1941181923213757	Accuracy:0.4809805579036348	Best Accuracy/Epoch:0.4978867286559594/53
[2022-06-08 14:35:00,800]-[INFO]: Epoch: 59/100	Train Loss:0.9328467845916748
[2022-06-08 14:35:15,425]-[INFO]: Eval Loss:2.1968657844945003	Accuracy:0.474218089602705	Best Accuracy/Epoch:0.4978867286559594/53
[2022-06-08 14:38:53,978]-[INFO]: Epoch: 60/100	Train Loss:0.9140241146087646
[2022-06-08 14:39:08,601]-[INFO]: Eval Loss:2.230090944390548	Accuracy:0.47675401521555366	Best Accuracy/Epoch:0.4978867286559594/53
[2022-06-08 14:42:46,519]-[INFO]: Epoch: 61/100	Train Loss:0.8411850333213806
[2022-06-08 14:43:01,089]-[INFO]: Eval Loss:2.178368242163407	Accuracy:0.4978867286559594	Best Accuracy/Epoch:0.4978867286559594/53
[2022-06-08 14:46:36,704]-[INFO]: Epoch: 62/100	Train Loss:0.8439850807189941
[2022-06-08 14:46:54,268]-[INFO]: Eval Loss:2.1839428889124015	Accuracy:0.48689771766694845	Best Accuracy/Epoch:0.4978867286559594/53
[2022-06-08 14:50:28,578]-[INFO]: Epoch: 63/100	Train Loss:0.823152482509613
[2022-06-08 14:50:46,607]-[INFO]: Eval Loss:2.1724930311504163	Accuracy:0.4945054945054945	Best Accuracy/Epoch:0.4978867286559594/53
[2022-06-08 14:54:20,828]-[INFO]: Epoch: 64/100	Train Loss:0.8184186816215515
[2022-06-08 14:54:38,627]-[INFO]: Eval Loss:2.1920313144984997	Accuracy:0.4911242603550296	Best Accuracy/Epoch:0.4978867286559594/53
[2022-06-08 14:58:12,879]-[INFO]: Epoch: 65/100	Train Loss:0.7995643019676208
[2022-06-08 14:58:30,810]-[INFO]: Eval Loss:2.193239971211082	Accuracy:0.49281487743026203	Best Accuracy/Epoch:0.4978867286559594/53
[2022-06-08 15:02:04,998]-[INFO]: Epoch: 66/100	Train Loss:0.7968551516532898
[2022-06-08 15:02:22,869]-[INFO]: Eval Loss:2.187986135482788	Accuracy:0.4894336432797971	Best Accuracy/Epoch:0.4978867286559594/53
[2022-06-08 15:05:57,412]-[INFO]: Epoch: 67/100	Train Loss:0.7807868719100952
[2022-06-08 15:06:15,362]-[INFO]: Eval Loss:2.1962355061581262	Accuracy:0.48520710059171596	Best Accuracy/Epoch:0.4978867286559594/53
[2022-06-08 15:09:49,587]-[INFO]: Epoch: 68/100	Train Loss:0.7557812929153442
[2022-06-08 15:10:07,127]-[INFO]: Eval Loss:2.1900563051826074	Accuracy:0.4919695688926458	Best Accuracy/Epoch:0.4978867286559594/53
[2022-06-08 15:13:41,228]-[INFO]: Epoch: 69/100	Train Loss:0.750405490398407
[2022-06-08 15:13:58,711]-[INFO]: Eval Loss:2.221035449128402	Accuracy:0.4987320371935757	Best Accuracy/Epoch:0.4987320371935757/69
[2022-06-08 15:17:32,976]-[INFO]: Epoch: 70/100	Train Loss:0.7447401881217957
[2022-06-08 15:17:50,780]-[INFO]: Eval Loss:2.221634965193899	Accuracy:0.4945054945054945	Best Accuracy/Epoch:0.4987320371935757/69
[2022-06-08 15:21:25,124]-[INFO]: Epoch: 71/100	Train Loss:0.7381563782691956
[2022-06-08 15:21:43,327]-[INFO]: Eval Loss:2.237118871588456	Accuracy:0.48520710059171596	Best Accuracy/Epoch:0.4987320371935757/69
[2022-06-08 15:25:17,447]-[INFO]: Epoch: 72/100	Train Loss:0.7427929043769836
[2022-06-08 15:25:35,091]-[INFO]: Eval Loss:2.262669481729206	Accuracy:0.4919695688926458	Best Accuracy/Epoch:0.4987320371935757/69
[2022-06-08 15:29:09,347]-[INFO]: Epoch: 73/100	Train Loss:0.7321292161941528
[2022-06-08 15:29:26,911]-[INFO]: Eval Loss:2.2268088554081165	Accuracy:0.4911242603550296	Best Accuracy/Epoch:0.4987320371935757/69
[2022-06-08 15:33:01,171]-[INFO]: Epoch: 74/100	Train Loss:0.7245342135429382
[2022-06-08 15:33:18,744]-[INFO]: Eval Loss:2.237924989901091	Accuracy:0.4945054945054945	Best Accuracy/Epoch:0.4987320371935757/69
[2022-06-08 15:36:53,040]-[INFO]: Epoch: 75/100	Train Loss:0.7061980962753296
[2022-06-08 15:37:10,819]-[INFO]: Eval Loss:2.226243684166356	Accuracy:0.48689771766694845	Best Accuracy/Epoch:0.4987320371935757/69
[2022-06-08 15:40:45,534]-[INFO]: Epoch: 76/100	Train Loss:0.6947539448738098
[2022-06-08 15:41:03,375]-[INFO]: Eval Loss:2.2533042430877686	Accuracy:0.48774302620456467	Best Accuracy/Epoch:0.4987320371935757/69
[2022-06-08 15:44:38,195]-[INFO]: Epoch: 77/100	Train Loss:0.6952284574508667
[2022-06-08 15:44:55,607]-[INFO]: Eval Loss:2.249321140741047	Accuracy:0.49535080304311074	Best Accuracy/Epoch:0.4987320371935757/69
[2022-06-08 15:48:29,867]-[INFO]: Epoch: 78/100	Train Loss:0.679145097732544
[2022-06-08 15:48:47,435]-[INFO]: Eval Loss:2.2646947910911157	Accuracy:0.4978867286559594	Best Accuracy/Epoch:0.4987320371935757/69
[2022-06-08 15:52:21,618]-[INFO]: Epoch: 79/100	Train Loss:0.6894909143447876
[2022-06-08 15:52:39,714]-[INFO]: Eval Loss:2.243150805172167	Accuracy:0.4894336432797971	Best Accuracy/Epoch:0.4987320371935757/69
[2022-06-08 15:56:13,846]-[INFO]: Epoch: 80/100	Train Loss:0.6620116829872131
[2022-06-08 15:56:31,477]-[INFO]: Eval Loss:2.2780149171226904	Accuracy:0.4835164835164835	Best Accuracy/Epoch:0.4987320371935757/69
[2022-06-08 16:00:07,851]-[INFO]: Epoch: 81/100	Train Loss:0.6382363438606262
[2022-06-08 16:00:25,754]-[INFO]: Eval Loss:2.2447443886807092	Accuracy:0.47928994082840237	Best Accuracy/Epoch:0.4987320371935757/69
[2022-06-08 16:04:00,056]-[INFO]: Epoch: 82/100	Train Loss:0.6255166530609131
[2022-06-08 16:04:17,694]-[INFO]: Eval Loss:2.265108428503338	Accuracy:0.48520710059171596	Best Accuracy/Epoch:0.4987320371935757/69
[2022-06-08 16:07:52,010]-[INFO]: Epoch: 83/100	Train Loss:0.6164909601211548
[2022-06-08 16:08:09,562]-[INFO]: Eval Loss:2.2554554186369242	Accuracy:0.49535080304311074	Best Accuracy/Epoch:0.4987320371935757/69
[2022-06-08 16:11:43,809]-[INFO]: Epoch: 84/100	Train Loss:0.6312996745109558
[2022-06-08 16:12:02,856]-[INFO]: Eval Loss:2.2789280226356103	Accuracy:0.4945054945054945	Best Accuracy/Epoch:0.4987320371935757/69
[2022-06-08 16:15:37,204]-[INFO]: Epoch: 85/100	Train Loss:0.6214234828948975
[2022-06-08 16:15:54,944]-[INFO]: Eval Loss:2.2372043195523714	Accuracy:0.4978867286559594	Best Accuracy/Epoch:0.4987320371935757/69
[2022-06-08 16:19:29,263]-[INFO]: Epoch: 86/100	Train Loss:0.5991265177726746
[2022-06-08 16:19:46,861]-[INFO]: Eval Loss:2.2617975661629126	Accuracy:0.4894336432797971	Best Accuracy/Epoch:0.4987320371935757/69
[2022-06-08 16:23:21,123]-[INFO]: Epoch: 87/100	Train Loss:0.5901196002960205
[2022-06-08 16:23:39,320]-[INFO]: Eval Loss:2.2672910627565885	Accuracy:0.4902789518174134	Best Accuracy/Epoch:0.4987320371935757/69
[2022-06-08 16:27:13,475]-[INFO]: Epoch: 88/100	Train Loss:0.5947215557098389
[2022-06-08 16:27:31,083]-[INFO]: Eval Loss:2.263690427729958	Accuracy:0.5004226542688082	Best Accuracy/Epoch:0.5004226542688082/88
[2022-06-08 16:31:05,315]-[INFO]: Epoch: 89/100	Train Loss:0.5826422572135925
[2022-06-08 16:31:23,093]-[INFO]: Eval Loss:2.2646230145504602	Accuracy:0.5012679628064244	Best Accuracy/Epoch:0.5012679628064244/89
[2022-06-08 16:34:57,327]-[INFO]: Epoch: 90/100	Train Loss:0.57277512550354
[2022-06-08 16:35:14,990]-[INFO]: Eval Loss:2.276220390671178	Accuracy:0.4911242603550296	Best Accuracy/Epoch:0.5012679628064244/89
[2022-06-08 16:38:49,343]-[INFO]: Epoch: 91/100	Train Loss:0.5809306502342224
[2022-06-08 16:39:07,178]-[INFO]: Eval Loss:2.2876746842735693	Accuracy:0.4885883347421809	Best Accuracy/Epoch:0.5012679628064244/89
[2022-06-08 16:42:42,212]-[INFO]: Epoch: 92/100	Train Loss:0.5789074301719666
[2022-06-08 16:42:59,797]-[INFO]: Eval Loss:2.2898323473177458	Accuracy:0.49281487743026203	Best Accuracy/Epoch:0.5012679628064244/89
[2022-06-08 16:46:34,165]-[INFO]: Epoch: 93/100	Train Loss:0.5798941850662231
[2022-06-08 16:46:51,833]-[INFO]: Eval Loss:2.304058269450539	Accuracy:0.4945054945054945	Best Accuracy/Epoch:0.5012679628064244/89
[2022-06-08 16:50:26,105]-[INFO]: Epoch: 94/100	Train Loss:0.576095461845398
[2022-06-08 16:50:44,087]-[INFO]: Eval Loss:2.282824968036852	Accuracy:0.4945054945054945	Best Accuracy/Epoch:0.5012679628064244/89
[2022-06-08 16:54:18,390]-[INFO]: Epoch: 95/100	Train Loss:0.5625675320625305
[2022-06-08 16:54:36,222]-[INFO]: Eval Loss:2.292544358655026	Accuracy:0.4885883347421809	Best Accuracy/Epoch:0.5012679628064244/89
[2022-06-08 16:58:10,483]-[INFO]: Epoch: 96/100	Train Loss:0.5638536810874939
[2022-06-08 16:58:28,115]-[INFO]: Eval Loss:2.2927582828622115	Accuracy:0.48605240912933223	Best Accuracy/Epoch:0.5012679628064244/89
[2022-06-08 17:02:02,397]-[INFO]: Epoch: 97/100	Train Loss:0.5423575043678284
[2022-06-08 17:02:19,978]-[INFO]: Eval Loss:2.289879635760659	Accuracy:0.4885883347421809	Best Accuracy/Epoch:0.5012679628064244/89
[2022-06-08 17:05:54,251]-[INFO]: Epoch: 98/100	Train Loss:0.5478346943855286
[2022-06-08 17:06:11,877]-[INFO]: Eval Loss:2.3032504884820235	Accuracy:0.49281487743026203	Best Accuracy/Epoch:0.5012679628064244/89
[2022-06-08 17:09:46,253]-[INFO]: Epoch: 99/100	Train Loss:0.5496852993965149
[2022-06-08 17:10:04,096]-[INFO]: Eval Loss:2.288709985582452	Accuracy:0.48689771766694845	Best Accuracy/Epoch:0.5012679628064244/89
[2022-06-08 17:13:39,231]-[INFO]: Epoch: 100/100	Train Loss:0.5516884922981262
[2022-06-08 17:13:56,757]-[INFO]: Eval Loss:2.2979945007123446	Accuracy:0.48689771766694845	Best Accuracy/Epoch:0.5012679628064244/89
[2022-06-08 17:13:56,757]-[INFO]: Train Phase Over	Best Accuracy/Epoch:0.5012679628064244/89
[2022-06-08 17:44:37,182]-[INFO]: Best Epoch Test Loss:2.2212600708007812	Accuracy:0.4924318869828456
[2022-06-08 17:45:45,343]-[INFO]: Batch Size:64	Learn Rate:0.0005	Optimizer:Adam	Data Augmentation:True	Weight Decay:1e-05	Total Epoch:100	Start Epoch:0
[2022-06-08 17:45:59,495]-[INFO]: Best Epoch Test Loss:2.2212600708007812	Accuracy:0.4924318869828456
[2022-06-08 17:46:16,587]-[INFO]: Batch Size:64	Learn Rate:0.0005	Optimizer:Adam	Data Augmentation:True	Weight Decay:1e-05	Total Epoch:100	Start Epoch:0
[2022-06-08 17:46:30,610]-[INFO]: Best Epoch Test Loss:2.2212600708007812	Accuracy:0.4924318869828456
[2022-06-08 17:46:42,324]-[INFO]: Best Epoch Test Loss:2.2680073231458664	Accuracy:0.4843592330978809
