[2022-06-09 00:10:34,746]-[INFO]: Learn Rate:0.0001	Optimizer:Adam	Weight Decay:0	Device:cuda:0	Total Epoch:50	Start Epoch:0
[2022-06-09 00:10:34,832]-[INFO]: Train From Beginning
[2022-06-09 00:18:32,250]-[INFO]: Epoch: 1/50	Train Loss:0.04358014836907387
[2022-06-09 00:22:05,348]-[INFO]: Eval Loss:0.033679518307436186	PSNR/SSIM:25.959555406916447/0.8279827983874195	Best PSNR/SSIM/Epoch:25.959555406916447/0.8279827983874195/1
[2022-06-09 00:29:57,493]-[INFO]: Epoch: 2/50	Train Loss:0.03183743357658386
[2022-06-09 00:33:29,624]-[INFO]: Eval Loss:0.03123682397681306	PSNR/SSIM:26.703253616466654/0.8390130238712958	Best PSNR/SSIM/Epoch:26.703253616466654/0.8390130238712958/2
[2022-06-09 00:41:19,501]-[INFO]: Epoch: 3/50	Train Loss:0.030529318377375603
[2022-06-09 00:44:53,095]-[INFO]: Eval Loss:0.029688995686482707	PSNR/SSIM:27.048141277002472/0.8461736550870932	Best PSNR/SSIM/Epoch:27.048141277002472/0.8461736550870932/3
[2022-06-09 00:52:47,453]-[INFO]: Epoch: 4/50	Train Loss:0.029545117169618607
[2022-06-09 00:56:19,040]-[INFO]: Eval Loss:0.02899275660549976	PSNR/SSIM:27.32153306064035/0.8510061493459737	Best PSNR/SSIM/Epoch:27.32153306064035/0.8510061493459737/4
[2022-06-09 01:04:08,071]-[INFO]: Epoch: 5/50	Train Loss:0.02875478006899357
[2022-06-09 01:07:40,957]-[INFO]: Eval Loss:0.028411483499309366	PSNR/SSIM:27.501648659080384/0.8546390180317861	Best PSNR/SSIM/Epoch:27.501648659080384/0.8546390180317861/5
[2022-06-09 01:15:32,066]-[INFO]: Epoch: 6/50	Train Loss:0.028468057513237
[2022-06-09 01:19:04,553]-[INFO]: Eval Loss:0.02826904044574443	PSNR/SSIM:27.586336596932785/0.8558453892761806	Best PSNR/SSIM/Epoch:27.586336596932785/0.8558453892761806/6
[2022-06-09 01:26:54,839]-[INFO]: Epoch: 7/50	Train Loss:0.027966316789388657
[2022-06-09 01:30:27,888]-[INFO]: Eval Loss:0.028173704139607132	PSNR/SSIM:27.643542954748277/0.8588162253487784	Best PSNR/SSIM/Epoch:27.643542954748277/0.8588162253487784/7
[2022-06-09 01:38:17,342]-[INFO]: Epoch: 8/50	Train Loss:0.027851657941937447
[2022-06-09 01:41:50,344]-[INFO]: Eval Loss:0.028464664784172235	PSNR/SSIM:27.650844583508558/0.8565946048160769	Best PSNR/SSIM/Epoch:27.650844583508558/0.8565946048160769/8
[2022-06-09 01:49:39,129]-[INFO]: Epoch: 9/50	Train Loss:0.027680030092597008
[2022-06-09 01:53:10,525]-[INFO]: Eval Loss:0.027425397737478874	PSNR/SSIM:27.822422868570367/0.86114047990655	Best PSNR/SSIM/Epoch:27.822422868570367/0.86114047990655/9
[2022-06-09 02:00:59,150]-[INFO]: Epoch: 10/50	Train Loss:0.027465909719467163
[2022-06-09 02:04:30,059]-[INFO]: Eval Loss:0.027462666798031554	PSNR/SSIM:27.82774825016986/0.8614429377159982	Best PSNR/SSIM/Epoch:27.82774825016986/0.8614429377159982/10
[2022-06-09 02:12:18,934]-[INFO]: Epoch: 11/50	Train Loss:0.02698894403874874
[2022-06-09 02:15:51,100]-[INFO]: Eval Loss:0.027133750527183403	PSNR/SSIM:27.92001242188012/0.8628306582288922	Best PSNR/SSIM/Epoch:27.92001242188012/0.8628306582288922/11
[2022-06-09 02:23:39,725]-[INFO]: Epoch: 12/50	Train Loss:0.026936819776892662
[2022-06-09 02:27:10,777]-[INFO]: Eval Loss:0.02708874707514385	PSNR/SSIM:27.942531330909205/0.8633574721948156	Best PSNR/SSIM/Epoch:27.942531330909205/0.8633574721948156/12
[2022-06-09 02:35:00,061]-[INFO]: Epoch: 13/50	Train Loss:0.0268555898219347
[2022-06-09 02:38:31,511]-[INFO]: Eval Loss:0.027005592958544784	PSNR/SSIM:27.95942406753847/0.8634058884854586	Best PSNR/SSIM/Epoch:27.95942406753847/0.8634058884854586/13
[2022-06-09 02:46:20,365]-[INFO]: Epoch: 14/50	Train Loss:0.02683034911751747
[2022-06-09 02:49:52,208]-[INFO]: Eval Loss:0.027547126157947306	PSNR/SSIM:27.889170126351587/0.8619586290053601	Best PSNR/SSIM/Epoch:27.95942406753847/0.8634058884854586/13
[2022-06-09 02:57:40,578]-[INFO]: Epoch: 15/50	Train Loss:0.026735449209809303
[2022-06-09 03:01:12,782]-[INFO]: Eval Loss:0.026792608697037652	PSNR/SSIM:28.010322809755746/0.8646415188627423	Best PSNR/SSIM/Epoch:28.010322809755746/0.8646415188627423/15
[2022-06-09 03:09:00,975]-[INFO]: Epoch: 16/50	Train Loss:0.026716789230704308
[2022-06-09 03:12:32,747]-[INFO]: Eval Loss:0.026777276322948483	PSNR/SSIM:28.01666977825619/0.8644178010382743	Best PSNR/SSIM/Epoch:28.01666977825619/0.8644178010382743/16
[2022-06-09 03:20:21,817]-[INFO]: Epoch: 17/50	Train Loss:0.02662472054362297
[2022-06-09 03:23:53,829]-[INFO]: Eval Loss:0.027153050549820347	PSNR/SSIM:27.931337403493103/0.8626822883228086	Best PSNR/SSIM/Epoch:28.01666977825619/0.8644178010382743/16
[2022-06-09 03:31:43,117]-[INFO]: Epoch: 18/50	Train Loss:0.026623832061886787
[2022-06-09 03:35:14,876]-[INFO]: Eval Loss:0.026682484963522206	PSNR/SSIM:28.051006148652405/0.8650109511501384	Best PSNR/SSIM/Epoch:28.051006148652405/0.8650109511501384/18
[2022-06-09 03:43:04,160]-[INFO]: Epoch: 19/50	Train Loss:0.026568880304694176
[2022-06-09 03:46:36,614]-[INFO]: Eval Loss:0.02701789909306	PSNR/SSIM:28.033284768803714/0.8644449296987282	Best PSNR/SSIM/Epoch:28.051006148652405/0.8650109511501384/18
[2022-06-09 03:54:24,777]-[INFO]: Epoch: 20/50	Train Loss:0.026522936299443245
[2022-06-09 03:57:56,832]-[INFO]: Eval Loss:0.027937666168612128	PSNR/SSIM:27.881564834733922/0.8593490560099764	Best PSNR/SSIM/Epoch:28.051006148652405/0.8650109511501384/18
[2022-06-09 04:05:45,798]-[INFO]: Epoch: 21/50	Train Loss:0.02634948492050171
[2022-06-09 04:09:17,090]-[INFO]: Eval Loss:0.02652017380339357	PSNR/SSIM:28.093920779161106/0.8662640441138789	Best PSNR/SSIM/Epoch:28.093920779161106/0.8662640441138789/21
[2022-06-09 04:17:06,169]-[INFO]: Epoch: 22/50	Train Loss:0.026339855045080185
[2022-06-09 04:20:38,438]-[INFO]: Eval Loss:0.026495072554867223	PSNR/SSIM:28.098812325003674/0.8662045676753206	Best PSNR/SSIM/Epoch:28.098812325003674/0.8662045676753206/22
[2022-06-09 04:28:26,857]-[INFO]: Epoch: 23/50	Train Loss:0.026316571980714798
[2022-06-09 04:31:59,648]-[INFO]: Eval Loss:0.026683747843962234	PSNR/SSIM:28.049290228808683/0.8656626687859589	Best PSNR/SSIM/Epoch:28.098812325003674/0.8662045676753206/22
[2022-06-09 04:39:48,375]-[INFO]: Epoch: 24/50	Train Loss:0.02629704959690571
[2022-06-09 04:43:19,610]-[INFO]: Eval Loss:0.026454983618250997	PSNR/SSIM:28.116708213133524/0.8664561323399814	Best PSNR/SSIM/Epoch:28.116708213133524/0.8664561323399814/24
[2022-06-09 04:51:08,731]-[INFO]: Epoch: 25/50	Train Loss:0.02630143240094185
[2022-06-09 04:54:41,116]-[INFO]: Eval Loss:0.026473852800521648	PSNR/SSIM:28.11571039150278/0.8662917168635242	Best PSNR/SSIM/Epoch:28.116708213133524/0.8664561323399814/24
[2022-06-09 05:02:29,993]-[INFO]: Epoch: 26/50	Train Loss:0.026259060949087143
[2022-06-09 05:06:01,842]-[INFO]: Eval Loss:0.0264369643838057	PSNR/SSIM:28.12589012763807/0.8667558874724046	Best PSNR/SSIM/Epoch:28.12589012763807/0.8667558874724046/26
[2022-06-09 05:13:50,782]-[INFO]: Epoch: 27/50	Train Loss:0.026262715458869934
[2022-06-09 05:17:24,326]-[INFO]: Eval Loss:0.026439275889534434	PSNR/SSIM:28.118103894047024/0.8667120168793876	Best PSNR/SSIM/Epoch:28.12589012763807/0.8667558874724046/26
[2022-06-09 05:25:12,977]-[INFO]: Epoch: 28/50	Train Loss:0.02624121494591236
[2022-06-09 05:28:44,124]-[INFO]: Eval Loss:0.02639233782922603	PSNR/SSIM:28.130560891526162/0.8668537139892578	Best PSNR/SSIM/Epoch:28.130560891526162/0.8668537139892578/28
[2022-06-09 05:36:33,380]-[INFO]: Epoch: 29/50	Train Loss:0.026221349835395813
[2022-06-09 05:40:05,026]-[INFO]: Eval Loss:0.026416563787409718	PSNR/SSIM:28.13434261558855/0.8669365178863957	Best PSNR/SSIM/Epoch:28.13434261558855/0.8669365178863957/29
[2022-06-09 05:47:54,835]-[INFO]: Epoch: 30/50	Train Loss:0.02621448040008545
[2022-06-09 05:51:26,642]-[INFO]: Eval Loss:0.02639619433321059	PSNR/SSIM:28.134518349512152/0.866736472102831	Best PSNR/SSIM/Epoch:28.134518349512152/0.866736472102831/30
[2022-06-09 05:59:16,406]-[INFO]: Epoch: 31/50	Train Loss:0.026128776371479034
[2022-06-09 06:02:49,402]-[INFO]: Eval Loss:0.02633391577258425	PSNR/SSIM:28.152976390680756/0.8671263663273937	Best PSNR/SSIM/Epoch:28.152976390680756/0.8671263663273937/31
[2022-06-09 06:10:38,306]-[INFO]: Epoch: 32/50	Train Loss:0.026124000549316406
[2022-06-09 06:14:10,007]-[INFO]: Eval Loss:0.02633850445426157	PSNR/SSIM:28.153778362955418/0.8671721840804478	Best PSNR/SSIM/Epoch:28.153778362955418/0.8671721840804478/32
[2022-06-09 06:21:59,281]-[INFO]: Epoch: 33/50	Train Loss:0.026119587942957878
[2022-06-09 06:25:30,931]-[INFO]: Eval Loss:0.026377311715293887	PSNR/SSIM:28.15153046481651/0.8672005552165913	Best PSNR/SSIM/Epoch:28.153778362955418/0.8671721840804478/32
[2022-06-09 06:33:20,012]-[INFO]: Epoch: 34/50	Train Loss:0.02611217461526394
[2022-06-09 06:36:51,780]-[INFO]: Eval Loss:0.026333556773211315	PSNR/SSIM:28.159286370612065/0.8672602455571012	Best PSNR/SSIM/Epoch:28.159286370612065/0.8672602455571012/34
[2022-06-09 06:44:41,009]-[INFO]: Epoch: 35/50	Train Loss:0.02610647678375244
[2022-06-09 06:48:13,687]-[INFO]: Eval Loss:0.026324368304274273	PSNR/SSIM:28.161278887131846/0.8673621940162947	Best PSNR/SSIM/Epoch:28.161278887131846/0.8673621940162947/35
[2022-06-09 06:56:03,719]-[INFO]: Epoch: 36/50	Train Loss:0.02609078213572502
[2022-06-09 06:59:35,727]-[INFO]: Eval Loss:0.026324141262766887	PSNR/SSIM:28.1638427234646/0.867471075732753	Best PSNR/SSIM/Epoch:28.1638427234646/0.867471075732753/36
[2022-06-09 07:07:25,379]-[INFO]: Epoch: 37/50	Train Loss:0.026087487116456032
[2022-06-09 07:10:56,688]-[INFO]: Eval Loss:0.02633293770464524	PSNR/SSIM:28.163693147490537/0.8673331109982616	Best PSNR/SSIM/Epoch:28.1638427234646/0.867471075732753/36
[2022-06-09 07:18:46,541]-[INFO]: Epoch: 38/50	Train Loss:0.026077616959810257
[2022-06-09 07:22:18,538]-[INFO]: Eval Loss:0.02631186662452682	PSNR/SSIM:28.16503922163584/0.8672611726904815	Best PSNR/SSIM/Epoch:28.16503922163584/0.8672611726904815/38
[2022-06-09 07:30:08,371]-[INFO]: Epoch: 39/50	Train Loss:0.02607555314898491
[2022-06-09 07:33:41,460]-[INFO]: Eval Loss:0.026292152521815503	PSNR/SSIM:28.16966399941391/0.8675169686101517	Best PSNR/SSIM/Epoch:28.16966399941391/0.8675169686101517/39
[2022-06-09 07:41:31,346]-[INFO]: Epoch: 40/50	Train Loss:0.026065807789564133
[2022-06-09 07:45:03,474]-[INFO]: Eval Loss:0.02628198293354011	PSNR/SSIM:28.170034967596884/0.8674912650630159	Best PSNR/SSIM/Epoch:28.170034967596884/0.8674912650630159/40
[2022-06-09 07:52:54,017]-[INFO]: Epoch: 41/50	Train Loss:0.02603348158299923
[2022-06-09 07:56:25,756]-[INFO]: Eval Loss:0.026268477018325114	PSNR/SSIM:28.17300149082486/0.8676026436517823	Best PSNR/SSIM/Epoch:28.17300149082486/0.8676026436517823/41
[2022-06-09 08:04:15,905]-[INFO]: Epoch: 42/50	Train Loss:0.026027651503682137
[2022-06-09 08:07:48,087]-[INFO]: Eval Loss:0.026258310993676478	PSNR/SSIM:28.177236187116417/0.8676255410572268	Best PSNR/SSIM/Epoch:28.177236187116417/0.8676255410572268/42
[2022-06-09 08:15:37,791]-[INFO]: Epoch: 43/50	Train Loss:0.02602556347846985
[2022-06-09 08:19:11,029]-[INFO]: Eval Loss:0.026260447704215657	PSNR/SSIM:28.176875558877686/0.8675699848049092	Best PSNR/SSIM/Epoch:28.177236187116417/0.8676255410572268/42
[2022-06-09 08:27:00,572]-[INFO]: Epoch: 44/50	Train Loss:0.026020869612693787
[2022-06-09 08:30:32,172]-[INFO]: Eval Loss:0.026279484000900445	PSNR/SSIM:28.17268681862792/0.8675520447065246	Best PSNR/SSIM/Epoch:28.177236187116417/0.8676255410572268/42
[2022-06-09 08:38:22,020]-[INFO]: Epoch: 45/50	Train Loss:0.026018330827355385
[2022-06-09 08:41:53,947]-[INFO]: Eval Loss:0.026264159920853826	PSNR/SSIM:28.17873217030071/0.8676729645369188	Best PSNR/SSIM/Epoch:28.17873217030071/0.8676729645369188/45
[2022-06-09 08:49:43,810]-[INFO]: Epoch: 46/50	Train Loss:0.02601507678627968
[2022-06-09 08:53:15,770]-[INFO]: Eval Loss:0.02624595577846158	PSNR/SSIM:28.182026094944188/0.8676735140242666	Best PSNR/SSIM/Epoch:28.182026094944188/0.8676735140242666/46
[2022-06-09 09:01:05,550]-[INFO]: Epoch: 47/50	Train Loss:0.0260098148137331
[2022-06-09 09:04:38,472]-[INFO]: Eval Loss:0.026299562867519992	PSNR/SSIM:28.177874239889213/0.8676567646692384	Best PSNR/SSIM/Epoch:28.182026094944188/0.8676735140242666/46
[2022-06-09 09:12:28,084]-[INFO]: Epoch: 48/50	Train Loss:0.026006536558270454
[2022-06-09 09:16:00,502]-[INFO]: Eval Loss:0.02623718774192176	PSNR/SSIM:28.18569315050385/0.8677143121665378	Best PSNR/SSIM/Epoch:28.18569315050385/0.8677143121665378/48
[2022-06-09 09:23:49,970]-[INFO]: Epoch: 49/50	Train Loss:0.026004651561379433
[2022-06-09 09:27:21,309]-[INFO]: Eval Loss:0.026234030227159272	PSNR/SSIM:28.18651819084461/0.8677561485542441	Best PSNR/SSIM/Epoch:28.18651819084461/0.8677561485542441/49
[2022-06-09 09:35:10,913]-[INFO]: Epoch: 50/50	Train Loss:0.026000579819083214
[2022-06-09 09:38:42,318]-[INFO]: Eval Loss:0.02633370519088546	PSNR/SSIM:28.180475512073386/0.867643178858847	Best PSNR/SSIM/Epoch:28.18651819084461/0.8677561485542441/49
[2022-06-09 09:38:42,318]-[INFO]: Train Phase Over	Best PSNR/SSIM/Epoch:28.18651819084461/0.8677561485542441/49
[2022-06-09 10:10:17,159]-[INFO]: Last Epoch Test Loss:0.02744921024846421	PSNR/SSIM:27.63496109559927/0.8623383009072506
[2022-06-09 10:18:06,652]-[INFO]: Best Epoch Test Loss:0.027351229548609506	PSNR/SSIM:27.640708177946824/0.8624490542393742
