多层感知机-Pytorch版
epoch = 5 / 100	loss = 1.570471167564392
epoch = 10 / 100	loss = 1.5238134860992432
epoch = 15 / 100	loss = 1.496891736984253
epoch = 20 / 100	loss = 1.4944028854370117
epoch = 25 / 100	loss = 1.4835760593414307
epoch = 30 / 100	loss = 1.4811722040176392
epoch = 35 / 100	loss = 1.478232979774475
epoch = 40 / 100	loss = 1.4740983247756958
epoch = 45 / 100	loss = 1.477778673171997
epoch = 50 / 100	loss = 1.4787851572036743
epoch = 55 / 100	loss = 1.4801146984100342
epoch = 60 / 100	loss = 1.4730052947998047
epoch = 65 / 100	loss = 1.4696344137191772
epoch = 70 / 100	loss = 1.4724674224853516
epoch = 75 / 100	loss = 1.4729104042053223
epoch = 80 / 100	loss = 1.476059913635254
epoch = 85 / 100	loss = 1.4731683731079102
epoch = 90 / 100	loss = 1.4728953838348389
epoch = 95 / 100	loss = 1.4722853899002075
epoch = 100 / 100	loss = 1.4714443683624268
right_num: 9793 / 10000 	 Accuracy: 0.9793
第1/5次训练	准确率：0.9793
epoch = 5 / 100	loss = 1.5637929439544678
epoch = 10 / 100	loss = 1.5146211385726929
epoch = 15 / 100	loss = 1.4958423376083374
epoch = 20 / 100	loss = 1.4851195812225342
epoch = 25 / 100	loss = 1.481477975845337
epoch = 30 / 100	loss = 1.4802170991897583
epoch = 35 / 100	loss = 1.4787518978118896
epoch = 40 / 100	loss = 1.4764269590377808
epoch = 45 / 100	loss = 1.4800885915756226
epoch = 50 / 100	loss = 1.4758230447769165
epoch = 55 / 100	loss = 1.4737110137939453
epoch = 60 / 100	loss = 1.4774765968322754
epoch = 65 / 100	loss = 1.4765137434005737
epoch = 70 / 100	loss = 1.4723925590515137
epoch = 75 / 100	loss = 1.4713162183761597
epoch = 80 / 100	loss = 1.4782404899597168
epoch = 85 / 100	loss = 1.4729506969451904
epoch = 90 / 100	loss = 1.4728916883468628
epoch = 95 / 100	loss = 1.4728995561599731
epoch = 100 / 100	loss = 1.472905158996582
right_num: 9812 / 10000 	 Accuracy: 0.9812
第2/5次训练	准确率：0.9812
epoch = 5 / 100	loss = 1.5653904676437378
epoch = 10 / 100	loss = 1.5174065828323364
epoch = 15 / 100	loss = 1.4992059469223022
epoch = 20 / 100	loss = 1.4874376058578491
epoch = 25 / 100	loss = 1.4794894456863403
epoch = 30 / 100	loss = 1.47929048538208
epoch = 35 / 100	loss = 1.4775409698486328
epoch = 40 / 100	loss = 1.4812500476837158
epoch = 45 / 100	loss = 1.486493468284607
epoch = 50 / 100	loss = 1.485793948173523
epoch = 55 / 100	loss = 1.4727106094360352
epoch = 60 / 100	loss = 1.476356863975525
epoch = 65 / 100	loss = 1.4768213033676147
epoch = 70 / 100	loss = 1.4766242504119873
epoch = 75 / 100	loss = 1.4728131294250488
epoch = 80 / 100	loss = 1.4728126525878906
epoch = 85 / 100	loss = 1.5156853199005127
epoch = 90 / 100	loss = 1.4723949432373047
epoch = 95 / 100	loss = 1.4762240648269653
epoch = 100 / 100	loss = 1.475577473640442
right_num: 9814 / 10000 	 Accuracy: 0.9814
第3/5次训练	准确率：0.9814
epoch = 5 / 100	loss = 1.5683852434158325
epoch = 10 / 100	loss = 1.5166912078857422
epoch = 15 / 100	loss = 1.493614912033081
epoch = 20 / 100	loss = 1.4840883016586304
epoch = 25 / 100	loss = 1.481227993965149
epoch = 30 / 100	loss = 1.477726697921753
epoch = 35 / 100	loss = 1.4792211055755615
epoch = 40 / 100	loss = 1.4777452945709229
epoch = 45 / 100	loss = 1.4766772985458374
epoch = 50 / 100	loss = 1.4743484258651733
epoch = 55 / 100	loss = 1.4725072383880615
epoch = 60 / 100	loss = 1.4756330251693726
epoch = 65 / 100	loss = 1.4757788181304932
epoch = 70 / 100	loss = 1.4723806381225586
epoch = 75 / 100	loss = 1.4725335836410522
epoch = 80 / 100	loss = 1.472900152206421
epoch = 85 / 100	loss = 1.472901463508606
epoch = 90 / 100	loss = 1.4743373394012451
epoch = 95 / 100	loss = 1.4781811237335205
epoch = 100 / 100	loss = 1.4723951816558838
right_num: 9803 / 10000 	 Accuracy: 0.9803
第4/5次训练	准确率：0.9803
epoch = 5 / 100	loss = 1.5733935832977295
epoch = 10 / 100	loss = 1.5181583166122437
epoch = 15 / 100	loss = 1.5042896270751953
epoch = 20 / 100	loss = 1.4877339601516724
epoch = 25 / 100	loss = 1.483954906463623
epoch = 30 / 100	loss = 1.481005072593689
epoch = 35 / 100	loss = 1.4806761741638184
epoch = 40 / 100	loss = 1.4797357320785522
epoch = 45 / 100	loss = 1.473986029624939
epoch = 50 / 100	loss = 1.4736261367797852
epoch = 55 / 100	loss = 1.4746040105819702
epoch = 60 / 100	loss = 1.478201985359192
epoch = 65 / 100	loss = 1.476013422012329
epoch = 70 / 100	loss = 1.4731452465057373
epoch = 75 / 100	loss = 1.4837397336959839
epoch = 80 / 100	loss = 1.4767881631851196
epoch = 85 / 100	loss = 1.4722868204116821
epoch = 90 / 100	loss = 1.4729808568954468
epoch = 95 / 100	loss = 1.473020076751709
epoch = 100 / 100	loss = 1.4729112386703491
right_num: 9809 / 10000 	 Accuracy: 0.9809
第5/5次训练	准确率：0.9809
最高准确率：0.9814
