多层感知机-Paddle版
epoch = 5 / 100	loss = 1.5800966024398804
epoch = 10 / 100	loss = 1.5575973987579346
epoch = 15 / 100	loss = 1.5421943664550781
epoch = 20 / 100	loss = 1.5342423915863037
epoch = 25 / 100	loss = 1.536521553993225
epoch = 30 / 100	loss = 1.5291545391082764
epoch = 35 / 100	loss = 1.5322389602661133
epoch = 40 / 100	loss = 1.5368205308914185
epoch = 45 / 100	loss = 1.5310943126678467
epoch = 50 / 100	loss = 1.5232638120651245
epoch = 55 / 100	loss = 1.5309454202651978
epoch = 60 / 100	loss = 1.5225422382354736
epoch = 65 / 100	loss = 1.526216745376587
epoch = 70 / 100	loss = 1.5281111001968384
epoch = 75 / 100	loss = 1.5176076889038086
epoch = 80 / 100	loss = 1.519955039024353
epoch = 85 / 100	loss = 1.517251968383789
epoch = 90 / 100	loss = 1.5219539403915405
epoch = 95 / 100	loss = 1.5229004621505737
epoch = 100 / 100	loss = 1.5146607160568237
right_num: 9577 / 10000 	 Accuracy: 0.9577
第1/5次训练	准确率：0.9577
epoch = 5 / 100	loss = 1.5823661088943481
epoch = 10 / 100	loss = 1.5587525367736816
epoch = 15 / 100	loss = 1.5528388023376465
epoch = 20 / 100	loss = 1.5452837944030762
epoch = 25 / 100	loss = 1.5383570194244385
epoch = 30 / 100	loss = 1.53243088722229
epoch = 35 / 100	loss = 1.5293835401535034
epoch = 40 / 100	loss = 1.5350959300994873
epoch = 45 / 100	loss = 1.5406906604766846
epoch = 50 / 100	loss = 1.5321961641311646
epoch = 55 / 100	loss = 1.5280026197433472
epoch = 60 / 100	loss = 1.5250871181488037
epoch = 65 / 100	loss = 1.5231239795684814
epoch = 70 / 100	loss = 1.5275664329528809
epoch = 75 / 100	loss = 1.5238703489303589
epoch = 80 / 100	loss = 1.5175081491470337
epoch = 85 / 100	loss = 1.5216476917266846
epoch = 90 / 100	loss = 1.5205363035202026
epoch = 95 / 100	loss = 1.5160307884216309
epoch = 100 / 100	loss = 1.5177011489868164
right_num: 9538 / 10000 	 Accuracy: 0.9538
第2/5次训练	准确率：0.9538
epoch = 5 / 100	loss = 1.5784003734588623
epoch = 10 / 100	loss = 1.571739673614502
epoch = 15 / 100	loss = 1.5573890209197998
epoch = 20 / 100	loss = 1.5473980903625488
epoch = 25 / 100	loss = 1.540941596031189
epoch = 30 / 100	loss = 1.5315964221954346
epoch = 35 / 100	loss = 1.5745439529418945
epoch = 40 / 100	loss = 1.5358619689941406
epoch = 45 / 100	loss = 1.5435348749160767
epoch = 50 / 100	loss = 1.5289037227630615
epoch = 55 / 100	loss = 1.523244857788086
epoch = 60 / 100	loss = 1.5277440547943115
epoch = 65 / 100	loss = 1.5256839990615845
epoch = 70 / 100	loss = 1.5293631553649902
epoch = 75 / 100	loss = 1.5200318098068237
epoch = 80 / 100	loss = 1.5289548635482788
epoch = 85 / 100	loss = 1.5238008499145508
epoch = 90 / 100	loss = 1.5188255310058594
epoch = 95 / 100	loss = 1.5233205556869507
epoch = 100 / 100	loss = 1.515852689743042
right_num: 9545 / 10000 	 Accuracy: 0.9545
第3/5次训练	准确率：0.9545
epoch = 5 / 100	loss = 1.5787115097045898
epoch = 10 / 100	loss = 1.5655136108398438
epoch = 15 / 100	loss = 1.5491191148757935
epoch = 20 / 100	loss = 1.5440304279327393
epoch = 25 / 100	loss = 1.5427865982055664
epoch = 30 / 100	loss = 1.5408709049224854
epoch = 35 / 100	loss = 1.5432543754577637
epoch = 40 / 100	loss = 1.5446110963821411
epoch = 45 / 100	loss = 1.527816891670227
epoch = 50 / 100	loss = 1.537315845489502
epoch = 55 / 100	loss = 1.5292998552322388
epoch = 60 / 100	loss = 1.5220938920974731
epoch = 65 / 100	loss = 1.5308605432510376
epoch = 70 / 100	loss = 1.5309813022613525
epoch = 75 / 100	loss = 1.5266081094741821
epoch = 80 / 100	loss = 1.522293210029602
epoch = 85 / 100	loss = 1.5197033882141113
epoch = 90 / 100	loss = 1.5270195007324219
epoch = 95 / 100	loss = 1.5204740762710571
epoch = 100 / 100	loss = 1.5214862823486328
right_num: 9565 / 10000 	 Accuracy: 0.9565
第4/5次训练	准确率：0.9565
epoch = 5 / 100	loss = 1.5746821165084839
epoch = 10 / 100	loss = 1.5528066158294678
epoch = 15 / 100	loss = 1.5497312545776367
epoch = 20 / 100	loss = 1.5561444759368896
epoch = 25 / 100	loss = 1.543505311012268
epoch = 30 / 100	loss = 1.5566333532333374
epoch = 35 / 100	loss = 1.5326073169708252
epoch = 40 / 100	loss = 1.5272207260131836
epoch = 45 / 100	loss = 1.5368502140045166
epoch = 50 / 100	loss = 1.5255818367004395
epoch = 55 / 100	loss = 1.5255420207977295
epoch = 60 / 100	loss = 1.5288110971450806
epoch = 65 / 100	loss = 1.5237832069396973
epoch = 70 / 100	loss = 1.5187562704086304
epoch = 75 / 100	loss = 1.52889084815979
epoch = 80 / 100	loss = 1.5230263471603394
epoch = 85 / 100	loss = 1.5218613147735596
epoch = 90 / 100	loss = 1.520656704902649
epoch = 95 / 100	loss = 1.5143622159957886
epoch = 100 / 100	loss = 1.5203359127044678
right_num: 9569 / 10000 	 Accuracy: 0.9569
第5/5次训练	准确率：0.9569
最高准确率：0.9577
